<?xml version="1.0" encoding="UTF-8"?>
<coverage generated="1529417531118" clover="3.2.0">
  <project timestamp="1529417531119" name="All files">
    <metrics statements="481" coveredstatements="157" conditionals="127" coveredconditionals="24" methods="215" coveredmethods="56" elements="823" coveredelements="237" complexity="0" loc="481" ncloc="481" packages="30" files="51" classes="51">
      <package name="src">
        <metrics statements="14" coveredstatements="0" conditionals="0" coveredconditionals="0" methods="0" coveredmethods="0"/>
        <file name="App.jsx" path="C:\Users\Fraser\Documents\workspace\admin-tool\AdminCore\web-app\src\App.jsx">
          <metrics statements="6" coveredstatements="0" conditionals="0" coveredconditionals="0" methods="0" coveredmethods="0"/>
          <line num="1" count="0" type="stmt"/>
          <line num="2" count="0" type="stmt"/>
          <line num="3" count="0" type="stmt"/>
          <line num="4" count="0" type="stmt"/>
          <line num="5" count="0" type="stmt"/>
          <line num="9" count="0" type="stmt"/>
        </file>
        <file name="index.js" path="C:\Users\Fraser\Documents\workspace\admin-tool\AdminCore\web-app\src\index.js">
          <metrics statements="8" coveredstatements="0" conditionals="0" coveredconditionals="0" methods="0" coveredmethods="0"/>
          <line num="1" count="0" type="stmt"/>
          <line num="2" count="0" type="stmt"/>
          <line num="3" count="0" type="stmt"/>
          <line num="4" count="0" type="stmt"/>
          <line num="5" count="0" type="stmt"/>
          <line num="6" count="0" type="stmt"/>
          <line num="7" count="0" type="stmt"/>
          <line num="9" count="0" type="stmt"/>
        </file>
      </package>
      <package name="src.components">
        <metrics statements="0" coveredstatements="0" conditionals="0" coveredconditionals="0" methods="0" coveredmethods="0"/>
        <file name="index.js" path="C:\Users\Fraser\Documents\workspace\admin-tool\AdminCore\web-app\src\components\index.js">
          <metrics statements="0" coveredstatements="0" conditionals="0" coveredconditionals="0" methods="0" coveredmethods="0"/>
        </file>
      </package>
      <package name="src.components.AllHolidays">
        <metrics statements="14" coveredstatements="14" conditionals="0" coveredconditionals="0" methods="9" coveredmethods="8"/>
        <file name="container.js" path="C:\Users\Fraser\Documents\workspace\admin-tool\AdminCore\web-app\src\components\AllHolidays\container.js">
          <metrics statements="8" coveredstatements="8" conditionals="0" coveredconditionals="0" methods="6" coveredmethods="6"/>
          <line num="5" count="7" type="stmt"/>
          <line num="7" count="1" type="stmt"/>
          <line num="8" count="1" type="stmt"/>
          <line num="12" count="1" type="stmt"/>
          <line num="16" count="1" type="stmt"/>
          <line num="17" count="1" type="stmt"/>
          <line num="18" count="1" type="stmt"/>
          <line num="23" count="2" type="stmt"/>
        </file>
        <file name="index.jsx" path="C:\Users\Fraser\Documents\workspace\admin-tool\AdminCore\web-app\src\components\AllHolidays\index.jsx">
          <metrics statements="6" coveredstatements="6" conditionals="0" coveredconditionals="0" methods="3" coveredmethods="2"/>
          <line num="8" count="6" type="stmt"/>
          <line num="9" count="1" type="stmt"/>
          <line num="21" count="1" type="stmt"/>
          <line num="22" count="1" type="stmt"/>
          <line num="23" count="1" type="stmt"/>
          <line num="46" count="6" type="stmt"/>
        </file>
      </package>
      <package name="src.components.BookedLeave">
        <metrics statements="35" coveredstatements="5" conditionals="6" coveredconditionals="0" methods="19" coveredmethods="2"/>
        <file name="container.js" path="C:\Users\Fraser\Documents\workspace\admin-tool\AdminCore\web-app\src\components\BookedLeave\container.js">
          <metrics statements="25" coveredstatements="1" conditionals="6" coveredconditionals="0" methods="15" coveredmethods="1"/>
          <line num="8" count="6" type="stmt"/>
          <line num="14" count="0" type="stmt"/>
          <line num="15" count="0" type="stmt"/>
          <line num="21" count="0" type="stmt"/>
          <line num="23" count="0" type="stmt"/>
          <line num="24" count="0" type="stmt"/>
          <line num="26" count="0" type="stmt"/>
          <line num="29" count="0" type="stmt"/>
          <line num="38" count="0" type="stmt"/>
          <line num="40" count="0" type="cond" truecount="0" falsecount="2"/>
          <line num="41" count="0" type="stmt"/>
          <line num="43" count="0" type="stmt"/>
          <line num="47" count="0" type="stmt"/>
          <line num="58" count="0" type="cond" truecount="0" falsecount="2"/>
          <line num="59" count="0" type="stmt"/>
          <line num="66" count="0" type="cond" truecount="0" falsecount="2"/>
          <line num="67" count="0" type="stmt"/>
          <line num="73" count="0" type="stmt"/>
          <line num="76" count="0" type="stmt"/>
          <line num="78" count="0" type="stmt"/>
          <line num="79" count="0" type="stmt"/>
          <line num="81" count="0" type="stmt"/>
          <line num="84" count="0" type="stmt"/>
          <line num="93" count="0" type="stmt"/>
          <line num="97" count="0" type="stmt"/>
        </file>
        <file name="index.jsx" path="C:\Users\Fraser\Documents\workspace\admin-tool\AdminCore\web-app\src\components\BookedLeave\index.jsx">
          <metrics statements="10" coveredstatements="4" conditionals="0" coveredconditionals="0" methods="4" coveredmethods="1"/>
          <line num="6" count="6" type="stmt"/>
          <line num="7" count="1" type="stmt"/>
          <line num="8" count="0" type="stmt"/>
          <line num="9" count="0" type="stmt"/>
          <line num="10" count="0" type="stmt"/>
          <line num="11" count="0" type="stmt"/>
          <line num="13" count="0" type="stmt"/>
          <line num="16" count="1" type="stmt"/>
          <line num="20" count="0" type="stmt"/>
          <line num="27" count="6" type="stmt"/>
        </file>
      </package>
      <package name="src.components.BookingModal">
        <metrics statements="9" coveredstatements="9" conditionals="14" coveredconditionals="14" methods="3" coveredmethods="3"/>
        <file name="index.js" path="C:\Users\Fraser\Documents\workspace\admin-tool\AdminCore\web-app\src\components\BookingModal\index.js">
          <metrics statements="9" coveredstatements="9" conditionals="14" coveredconditionals="14" methods="3" coveredmethods="3"/>
          <line num="6" count="5" type="stmt"/>
          <line num="18" count="9" type="stmt"/>
          <line num="20" count="9" type="stmt"/>
          <line num="21" count="9" type="cond" truecount="2" falsecount="0"/>
          <line num="30" count="9" type="stmt"/>
          <line num="31" count="9" type="cond" truecount="2" falsecount="0"/>
          <line num="32" count="7" type="cond" truecount="2" falsecount="0"/>
          <line num="35" count="9" type="cond" truecount="2" falsecount="0"/>
          <line num="66" count="5" type="stmt"/>
        </file>
      </package>
      <package name="src.components.CreateUser">
        <metrics statements="19" coveredstatements="19" conditionals="2" coveredconditionals="2" methods="10" coveredmethods="10"/>
        <file name="container.js" path="C:\Users\Fraser\Documents\workspace\admin-tool\AdminCore\web-app\src\components\CreateUser\container.js">
          <metrics statements="14" coveredstatements="14" conditionals="0" coveredconditionals="0" methods="9" coveredmethods="9"/>
          <line num="7" count="14" type="stmt"/>
          <line num="9" count="8" type="stmt"/>
          <line num="10" count="8" type="stmt"/>
          <line num="19" count="16" type="stmt"/>
          <line num="32" count="2" type="stmt"/>
          <line num="33" count="2" type="stmt"/>
          <line num="37" count="1" type="stmt"/>
          <line num="41" count="4" type="stmt"/>
          <line num="42" count="4" type="stmt"/>
          <line num="43" count="4" type="stmt"/>
          <line num="44" count="4" type="stmt"/>
          <line num="46" count="3" type="stmt"/>
          <line num="53" count="1" type="stmt"/>
          <line num="58" count="20" type="stmt"/>
        </file>
        <file name="index.jsx" path="C:\Users\Fraser\Documents\workspace\admin-tool\AdminCore\web-app\src\components\CreateUser\index.jsx">
          <metrics statements="5" coveredstatements="5" conditionals="2" coveredconditionals="2" methods="1" coveredmethods="1"/>
          <line num="8" count="6" type="stmt"/>
          <line num="17" count="3" type="stmt"/>
          <line num="26" count="3" type="stmt"/>
          <line num="28" count="3" type="stmt"/>
          <line num="116" count="6" type="stmt"/>
        </file>
      </package>
      <package name="src.components.Legend">
        <metrics statements="2" coveredstatements="2" conditionals="0" coveredconditionals="0" methods="1" coveredmethods="1"/>
        <file name="index.js" path="C:\Users\Fraser\Documents\workspace\admin-tool\AdminCore\web-app\src\components\Legend\index.js">
          <metrics statements="2" coveredstatements="2" conditionals="0" coveredconditionals="0" methods="1" coveredmethods="1"/>
          <line num="10" count="1" type="stmt"/>
          <line num="11" count="1" type="stmt"/>
        </file>
      </package>
      <package name="src.components.PendingHolidays">
        <metrics statements="35" coveredstatements="3" conditionals="0" coveredconditionals="0" methods="18" coveredmethods="1"/>
        <file name="container.js" path="C:\Users\Fraser\Documents\workspace\admin-tool\AdminCore\web-app\src\components\PendingHolidays\container.js">
          <metrics statements="27" coveredstatements="1" conditionals="0" coveredconditionals="0" methods="14" coveredmethods="1"/>
          <line num="7" count="5" type="stmt"/>
          <line num="9" count="0" type="stmt"/>
          <line num="10" count="0" type="stmt"/>
          <line num="14" count="0" type="stmt"/>
          <line num="18" count="0" type="stmt"/>
          <line num="19" count="0" type="stmt"/>
          <line num="20" count="0" type="stmt"/>
          <line num="21" count="0" type="stmt"/>
          <line num="26" count="0" type="stmt"/>
          <line num="27" count="0" type="stmt"/>
          <line num="32" count="0" type="stmt"/>
          <line num="33" count="0" type="stmt"/>
          <line num="35" count="0" type="stmt"/>
          <line num="37" count="0" type="stmt"/>
          <line num="38" count="0" type="stmt"/>
          <line num="39" count="0" type="stmt"/>
          <line num="40" count="0" type="stmt"/>
          <line num="43" count="0" type="stmt"/>
          <line num="52" count="0" type="stmt"/>
          <line num="53" count="0" type="stmt"/>
          <line num="55" count="0" type="stmt"/>
          <line num="57" count="0" type="stmt"/>
          <line num="58" count="0" type="stmt"/>
          <line num="59" count="0" type="stmt"/>
          <line num="60" count="0" type="stmt"/>
          <line num="63" count="0" type="stmt"/>
          <line num="72" count="0" type="stmt"/>
        </file>
        <file name="index.jsx" path="C:\Users\Fraser\Documents\workspace\admin-tool\AdminCore\web-app\src\components\PendingHolidays\index.jsx">
          <metrics statements="8" coveredstatements="2" conditionals="0" coveredconditionals="0" methods="4" coveredmethods="0"/>
          <line num="7" count="5" type="stmt"/>
          <line num="12" count="0" type="stmt"/>
          <line num="23" count="0" type="stmt"/>
          <line num="24" count="0" type="stmt"/>
          <line num="25" count="0" type="stmt"/>
          <line num="33" count="0" type="stmt"/>
          <line num="36" count="0" type="stmt"/>
          <line num="49" count="5" type="stmt"/>
        </file>
      </package>
      <package name="src.components.PersonalView">
        <metrics statements="27" coveredstatements="6" conditionals="6" coveredconditionals="0" methods="14" coveredmethods="1"/>
        <file name="container.js" path="C:\Users\Fraser\Documents\workspace\admin-tool\AdminCore\web-app\src\components\PersonalView\container.js">
          <metrics statements="19" coveredstatements="3" conditionals="4" coveredconditionals="0" methods="10" coveredmethods="1"/>
          <line num="17" count="0" type="stmt"/>
          <line num="18" count="0" type="stmt"/>
          <line num="26" count="0" type="stmt"/>
          <line num="30" count="0" type="cond" truecount="0" falsecount="2"/>
          <line num="31" count="0" type="stmt"/>
          <line num="36" count="0" type="stmt"/>
          <line num="39" count="0" type="stmt"/>
          <line num="40" count="0" type="stmt"/>
          <line num="44" count="0" type="stmt"/>
          <line num="45" count="0" type="stmt"/>
          <line num="46" count="0" type="cond" truecount="0" falsecount="2"/>
          <line num="47" count="0" type="stmt"/>
          <line num="50" count="0" type="stmt"/>
          <line num="54" count="0" type="stmt"/>
          <line num="55" count="0" type="stmt"/>
          <line num="60" count="0" type="stmt"/>
          <line num="65" count="5" type="stmt"/>
          <line num="66" count="5" type="stmt"/>
          <line num="68" count="5" type="stmt"/>
        </file>
        <file name="index.jsx" path="C:\Users\Fraser\Documents\workspace\admin-tool\AdminCore\web-app\src\components\PersonalView\index.jsx">
          <metrics statements="8" coveredstatements="3" conditionals="2" coveredconditionals="0" methods="4" coveredmethods="0"/>
          <line num="8" count="5" type="stmt"/>
          <line num="9" count="0" type="cond" truecount="0" falsecount="2"/>
          <line num="10" count="0" type="stmt"/>
          <line num="11" count="0" type="stmt"/>
          <line num="12" count="0" type="stmt"/>
          <line num="24" count="5" type="stmt"/>
          <line num="25" count="0" type="stmt"/>
          <line num="59" count="5" type="stmt"/>
        </file>
      </package>
      <package name="src.components.RequestHoliday">
        <metrics statements="40" coveredstatements="4" conditionals="18" coveredconditionals="0" methods="13" coveredmethods="1"/>
        <file name="container.js" path="C:\Users\Fraser\Documents\workspace\admin-tool\AdminCore\web-app\src\components\RequestHoliday\container.js">
          <metrics statements="26" coveredstatements="1" conditionals="8" coveredconditionals="0" methods="10" coveredmethods="1"/>
          <line num="7" count="5" type="stmt"/>
          <line num="13" count="0" type="stmt"/>
          <line num="14" count="0" type="stmt"/>
          <line num="22" count="0" type="stmt"/>
          <line num="24" count="0" type="stmt"/>
          <line num="25" count="0" type="stmt"/>
          <line num="26" count="0" type="cond" truecount="0" falsecount="2"/>
          <line num="27" count="0" type="stmt"/>
          <line num="32" count="0" type="stmt"/>
          <line num="36" count="0" type="stmt"/>
          <line num="37" count="0" type="cond" truecount="0" falsecount="4"/>
          <line num="38" count="0" type="stmt"/>
          <line num="40" count="0" type="stmt"/>
          <line num="44" count="0" type="cond" truecount="0" falsecount="2"/>
          <line num="45" count="0" type="stmt"/>
          <line num="47" count="0" type="stmt"/>
          <line num="52" count="0" type="stmt"/>
          <line num="56" count="0" type="stmt"/>
          <line num="57" count="0" type="stmt"/>
          <line num="58" count="0" type="stmt"/>
          <line num="60" count="0" type="stmt"/>
          <line num="66" count="0" type="stmt"/>
          <line num="72" count="0" type="stmt"/>
          <line num="96" count="0" type="stmt"/>
          <line num="101" count="0" type="stmt"/>
          <line num="105" count="0" type="stmt"/>
        </file>
        <file name="index.jsx" path="C:\Users\Fraser\Documents\workspace\admin-tool\AdminCore\web-app\src\components\RequestHoliday\index.jsx">
          <metrics statements="14" coveredstatements="3" conditionals="10" coveredconditionals="0" methods="3" coveredmethods="0"/>
          <line num="7" count="5" type="stmt"/>
          <line num="8" count="0" type="cond" truecount="0" falsecount="4"/>
          <line num="9" count="0" type="stmt"/>
          <line num="10" count="0" type="stmt"/>
          <line num="12" count="0" type="cond" truecount="0" falsecount="2"/>
          <line num="17" count="0" type="cond" truecount="0" falsecount="2"/>
          <line num="18" count="0" type="stmt"/>
          <line num="21" count="0" type="stmt"/>
          <line num="24" count="5" type="stmt"/>
          <line num="25" count="0" type="stmt"/>
          <line num="26" count="0" type="cond" truecount="0" falsecount="2"/>
          <line num="28" count="0" type="stmt"/>
          <line num="35" count="0" type="stmt"/>
          <line num="55" count="5" type="stmt"/>
        </file>
      </package>
      <package name="src.components.TakenLeave">
        <metrics statements="21" coveredstatements="3" conditionals="2" coveredconditionals="0" methods="11" coveredmethods="1"/>
        <file name="container.js" path="C:\Users\Fraser\Documents\workspace\admin-tool\AdminCore\web-app\src\components\TakenLeave\container.js">
          <metrics statements="11" coveredstatements="1" conditionals="0" coveredconditionals="0" methods="8" coveredmethods="1"/>
          <line num="8" count="5" type="stmt"/>
          <line num="14" count="0" type="stmt"/>
          <line num="15" count="0" type="stmt"/>
          <line num="21" count="0" type="stmt"/>
          <line num="22" count="0" type="stmt"/>
          <line num="24" count="0" type="stmt"/>
          <line num="25" count="0" type="stmt"/>
          <line num="27" count="0" type="stmt"/>
          <line num="30" count="0" type="stmt"/>
          <line num="39" count="0" type="stmt"/>
          <line num="43" count="0" type="stmt"/>
        </file>
        <file name="index.jsx" path="C:\Users\Fraser\Documents\workspace\admin-tool\AdminCore\web-app\src\components\TakenLeave\index.jsx">
          <metrics statements="10" coveredstatements="2" conditionals="2" coveredconditionals="0" methods="3" coveredmethods="0"/>
          <line num="6" count="5" type="stmt"/>
          <line num="8" count="0" type="stmt"/>
          <line num="9" count="0" type="stmt"/>
          <line num="10" count="0" type="stmt"/>
          <line num="11" count="0" type="stmt"/>
          <line num="12" count="0" type="stmt"/>
          <line num="14" count="0" type="stmt"/>
          <line num="17" count="0" type="stmt"/>
          <line num="22" count="0" type="stmt"/>
          <line num="33" count="5" type="stmt"/>
        </file>
      </package>
      <package name="src.components.TeamView">
        <metrics statements="18" coveredstatements="3" conditionals="4" coveredconditionals="0" methods="8" coveredmethods="0"/>
        <file name="index.js" path="C:\Users\Fraser\Documents\workspace\admin-tool\AdminCore\web-app\src\components\TeamView\index.js">
          <metrics statements="18" coveredstatements="3" conditionals="4" coveredconditionals="0" methods="8" coveredmethods="0"/>
          <line num="11" count="0" type="stmt"/>
          <line num="12" count="0" type="stmt"/>
          <line num="15" count="0" type="cond" truecount="0" falsecount="2"/>
          <line num="19" count="0" type="stmt"/>
          <line num="20" count="0" type="cond" truecount="0" falsecount="2"/>
          <line num="26" count="0" type="stmt"/>
          <line num="27" count="0" type="stmt"/>
          <line num="28" count="0" type="stmt"/>
          <line num="31" count="0" type="stmt"/>
          <line num="35" count="0" type="stmt"/>
          <line num="36" count="0" type="stmt"/>
          <line num="37" count="0" type="stmt"/>
          <line num="38" count="0" type="stmt"/>
          <line num="49" count="0" type="stmt"/>
          <line num="66" count="0" type="stmt"/>
          <line num="70" count="5" type="stmt"/>
          <line num="71" count="5" type="stmt"/>
          <line num="73" count="5" type="stmt"/>
        </file>
      </package>
      <package name="src.components.UserDetails">
        <metrics statements="12" coveredstatements="4" conditionals="4" coveredconditionals="0" methods="4" coveredmethods="1"/>
        <file name="container.js" path="C:\Users\Fraser\Documents\workspace\admin-tool\AdminCore\web-app\src\components\UserDetails\container.js">
          <metrics statements="2" coveredstatements="1" conditionals="0" coveredconditionals="0" methods="2" coveredmethods="1"/>
          <line num="5" count="5" type="stmt"/>
          <line num="11" count="0" type="stmt"/>
        </file>
        <file name="index.jsx" path="C:\Users\Fraser\Documents\workspace\admin-tool\AdminCore\web-app\src\components\UserDetails\index.jsx">
          <metrics statements="10" coveredstatements="3" conditionals="4" coveredconditionals="0" methods="2" coveredmethods="0"/>
          <line num="8" count="5" type="stmt"/>
          <line num="9" count="0" type="cond" truecount="0" falsecount="4"/>
          <line num="11" count="0" type="stmt"/>
          <line num="13" count="0" type="stmt"/>
          <line num="15" count="0" type="stmt"/>
          <line num="17" count="0" type="stmt"/>
          <line num="21" count="5" type="stmt"/>
          <line num="24" count="0" type="stmt"/>
          <line num="26" count="0" type="stmt"/>
          <line num="37" count="5" type="stmt"/>
        </file>
      </package>
      <package name="src.components.UserListing">
        <metrics statements="21" coveredstatements="3" conditionals="6" coveredconditionals="0" methods="15" coveredmethods="1"/>
        <file name="container.js" path="C:\Users\Fraser\Documents\workspace\admin-tool\AdminCore\web-app\src\components\UserListing\container.js">
          <metrics statements="13" coveredstatements="1" conditionals="2" coveredconditionals="0" methods="9" coveredmethods="1"/>
          <line num="8" count="5" type="stmt"/>
          <line num="14" count="0" type="stmt"/>
          <line num="15" count="0" type="stmt"/>
          <line num="19" count="0" type="stmt"/>
          <line num="23" count="0" type="stmt"/>
          <line num="24" count="0" type="stmt"/>
          <line num="26" count="0" type="cond" truecount="0" falsecount="2"/>
          <line num="30" count="0" type="stmt"/>
          <line num="32" count="0" type="stmt"/>
          <line num="35" count="0" type="stmt"/>
          <line num="44" count="0" type="stmt"/>
          <line num="48" count="0" type="stmt"/>
          <line num="53" count="0" type="stmt"/>
        </file>
        <file name="index.jsx" path="C:\Users\Fraser\Documents\workspace\admin-tool\AdminCore\web-app\src\components\UserListing\index.jsx">
          <metrics statements="8" coveredstatements="2" conditionals="4" coveredconditionals="0" methods="6" coveredmethods="0"/>
          <line num="7" count="5" type="stmt"/>
          <line num="8" count="0" type="stmt"/>
          <line num="16" count="0" type="stmt"/>
          <line num="30" count="0" type="stmt"/>
          <line num="31" count="0" type="stmt"/>
          <line num="33" count="0" type="stmt"/>
          <line num="35" count="0" type="stmt"/>
          <line num="45" count="5" type="stmt"/>
        </file>
      </package>
      <package name="src.components.common">
        <metrics statements="0" coveredstatements="0" conditionals="0" coveredconditionals="0" methods="0" coveredmethods="0"/>
        <file name="index.js" path="C:\Users\Fraser\Documents\workspace\admin-tool\AdminCore\web-app\src\components\common\index.js">
          <metrics statements="0" coveredstatements="0" conditionals="0" coveredconditionals="0" methods="0" coveredmethods="0"/>
        </file>
      </package>
      <package name="src.components.common.Button">
        <metrics statements="3" coveredstatements="3" conditionals="0" coveredconditionals="0" methods="1" coveredmethods="1"/>
        <file name="index.js" path="C:\Users\Fraser\Documents\workspace\admin-tool\AdminCore\web-app\src\components\common\Button\index.js">
          <metrics statements="3" coveredstatements="3" conditionals="0" coveredconditionals="0" methods="1" coveredmethods="1"/>
          <line num="5" count="11" type="stmt"/>
          <line num="6" count="2" type="stmt"/>
          <line num="9" count="11" type="stmt"/>
        </file>
      </package>
      <package name="src.components.common.Card">
        <metrics statements="3" coveredstatements="3" conditionals="0" coveredconditionals="0" methods="1" coveredmethods="1"/>
        <file name="index.js" path="C:\Users\Fraser\Documents\workspace\admin-tool\AdminCore\web-app\src\components\common\Card\index.js">
          <metrics statements="3" coveredstatements="3" conditionals="0" coveredconditionals="0" methods="1" coveredmethods="1"/>
          <line num="5" count="11" type="stmt"/>
          <line num="6" count="1" type="stmt"/>
          <line num="11" count="11" type="stmt"/>
        </file>
      </package>
      <package name="src.components.common.Errorbox">
        <metrics statements="3" coveredstatements="3" conditionals="4" coveredconditionals="4" methods="1" coveredmethods="1"/>
        <file name="index.js" path="C:\Users\Fraser\Documents\workspace\admin-tool\AdminCore\web-app\src\components\common\Errorbox\index.js">
          <metrics statements="3" coveredstatements="3" conditionals="4" coveredconditionals="4" methods="1" coveredmethods="1"/>
          <line num="5" count="11" type="stmt"/>
          <line num="6" count="2" type="cond" truecount="2" falsecount="0"/>
          <line num="15" count="11" type="stmt"/>
        </file>
      </package>
      <package name="src.components.common.Event">
        <metrics statements="3" coveredstatements="2" conditionals="0" coveredconditionals="0" methods="1" coveredmethods="0"/>
        <file name="index.js" path="C:\Users\Fraser\Documents\workspace\admin-tool\AdminCore\web-app\src\components\common\Event\index.js">
          <metrics statements="3" coveredstatements="2" conditionals="0" coveredconditionals="0" methods="1" coveredmethods="0"/>
          <line num="6" count="11" type="stmt"/>
          <line num="7" count="0" type="stmt"/>
          <line num="13" count="11" type="stmt"/>
        </file>
      </package>
      <package name="src.components.common.Modal">
        <metrics statements="3" coveredstatements="3" conditionals="0" coveredconditionals="0" methods="1" coveredmethods="1"/>
        <file name="index.js" path="C:\Users\Fraser\Documents\workspace\admin-tool\AdminCore\web-app\src\components\common\Modal\index.js">
          <metrics statements="3" coveredstatements="3" conditionals="0" coveredconditionals="0" methods="1" coveredmethods="1"/>
          <line num="5" count="11" type="stmt"/>
          <line num="6" count="1" type="stmt"/>
          <line num="13" count="11" type="stmt"/>
        </file>
      </package>
      <package name="src.components.common.RangeDayPicker">
        <metrics statements="26" coveredstatements="0" conditionals="23" coveredconditionals="0" methods="9" coveredmethods="0"/>
        <file name="index.js" path="C:\Users\Fraser\Documents\workspace\admin-tool\AdminCore\web-app\src\components\common\RangeDayPicker\index.js">
          <metrics statements="26" coveredstatements="0" conditionals="23" coveredconditionals="0" methods="9" coveredmethods="0"/>
          <line num="11" count="0" type="stmt"/>
          <line num="12" count="0" type="stmt"/>
          <line num="16" count="0" type="stmt"/>
          <line num="24" count="0" type="stmt"/>
          <line num="25" count="0" type="cond" truecount="0" falsecount="4"/>
          <line num="26" count="0" type="stmt"/>
          <line num="31" count="0" type="cond" truecount="0" falsecount="2"/>
          <line num="32" count="0" type="cond" truecount="0" falsecount="2"/>
          <line num="33" count="0" type="cond" truecount="0" falsecount="3"/>
          <line num="37" count="0" type="stmt"/>
          <line num="38" count="0" type="cond" truecount="0" falsecount="6"/>
          <line num="39" count="0" type="stmt"/>
          <line num="40" count="0" type="stmt"/>
          <line num="42" count="0" type="cond" truecount="0" falsecount="2"/>
          <line num="43" count="0" type="stmt"/>
          <line num="49" count="0" type="stmt"/>
          <line num="57" count="0" type="stmt"/>
          <line num="58" count="0" type="cond" truecount="0" falsecount="2"/>
          <line num="59" count="0" type="stmt"/>
          <line num="66" count="0" type="stmt"/>
          <line num="70" count="0" type="stmt"/>
          <line num="77" count="0" type="stmt"/>
          <line num="78" count="0" type="stmt"/>
          <line num="79" count="0" type="cond" truecount="0" falsecount="2"/>
          <line num="80" count="0" type="stmt"/>
          <line num="82" count="0" type="stmt"/>
        </file>
      </package>
      <package name="src.hoc">
        <metrics statements="12" coveredstatements="2" conditionals="4" coveredconditionals="0" methods="4" coveredmethods="1"/>
        <file name="index.js" path="C:\Users\Fraser\Documents\workspace\admin-tool\AdminCore\web-app\src\hoc\index.js">
          <metrics statements="0" coveredstatements="0" conditionals="0" coveredconditionals="0" methods="0" coveredmethods="0"/>
        </file>
        <file name="withAuth.js" path="C:\Users\Fraser\Documents\workspace\admin-tool\AdminCore\web-app\src\hoc\withAuth.js">
          <metrics statements="12" coveredstatements="2" conditionals="4" coveredconditionals="0" methods="4" coveredmethods="1"/>
          <line num="6" count="1" type="stmt"/>
          <line num="7" count="2" type="stmt"/>
          <line num="13" count="0" type="stmt"/>
          <line num="14" count="0" type="stmt"/>
          <line num="20" count="0" type="stmt"/>
          <line num="21" count="0" type="stmt"/>
          <line num="22" count="0" type="stmt"/>
          <line num="26" count="0" type="stmt"/>
          <line num="31" count="0" type="cond" truecount="0" falsecount="2"/>
          <line num="32" count="0" type="stmt"/>
          <line num="34" count="0" type="cond" truecount="0" falsecount="2"/>
          <line num="35" count="0" type="stmt"/>
        </file>
      </package>
      <package name="src.hoc.Layout">
        <metrics statements="16" coveredstatements="4" conditionals="6" coveredconditionals="0" methods="8" coveredmethods="0"/>
        <file name="header.jsx" path="C:\Users\Fraser\Documents\workspace\admin-tool\AdminCore\web-app\src\hoc\Layout\header.jsx">
          <metrics statements="13" coveredstatements="2" conditionals="6" coveredconditionals="0" methods="7" coveredmethods="0"/>
          <line num="8" count="1" type="stmt"/>
          <line num="9" count="0" type="stmt"/>
          <line num="10" count="0" type="stmt"/>
          <line num="17" count="0" type="cond" truecount="0" falsecount="2"/>
          <line num="18" count="0" type="stmt"/>
          <line num="19" count="0" type="stmt"/>
          <line num="24" count="0" type="stmt"/>
          <line num="25" count="0" type="stmt"/>
          <line num="28" count="0" type="stmt"/>
          <line num="31" count="0" type="stmt"/>
          <line num="36" count="0" type="stmt"/>
          <line num="38" count="0" type="stmt"/>
          <line num="50" count="1" type="stmt"/>
        </file>
        <file name="index.js" path="C:\Users\Fraser\Documents\workspace\admin-tool\AdminCore\web-app\src\hoc\Layout\index.js">
          <metrics statements="3" coveredstatements="2" conditionals="0" coveredconditionals="0" methods="1" coveredmethods="0"/>
          <line num="6" count="1" type="stmt"/>
          <line num="7" count="0" type="stmt"/>
          <line num="15" count="1" type="stmt"/>
        </file>
      </package>
      <package name="src.pages">
        <metrics statements="0" coveredstatements="0" conditionals="0" coveredconditionals="0" methods="0" coveredmethods="0"/>
        <file name="index.js" path="C:\Users\Fraser\Documents\workspace\admin-tool\AdminCore\web-app\src\pages\index.js">
          <metrics statements="0" coveredstatements="0" conditionals="0" coveredconditionals="0" methods="0" coveredmethods="0"/>
        </file>
      </package>
      <package name="src.pages.Admin">
        <metrics statements="18" coveredstatements="5" conditionals="4" coveredconditionals="0" methods="10" coveredmethods="1"/>
        <file name="container.js" path="C:\Users\Fraser\Documents\workspace\admin-tool\AdminCore\web-app\src\pages\Admin\container.js">
          <metrics statements="13" coveredstatements="2" conditionals="4" coveredconditionals="0" methods="8" coveredmethods="1"/>
          <line num="7" count="1" type="stmt"/>
          <line num="8" count="1" type="stmt"/>
          <line num="15" count="0" type="stmt"/>
          <line num="16" count="0" type="stmt"/>
          <line num="23" count="0" type="stmt"/>
          <line num="24" count="0" type="stmt"/>
          <line num="26" count="0" type="stmt"/>
          <line num="29" count="0" type="cond" truecount="0" falsecount="2"/>
          <line num="30" count="0" type="stmt"/>
          <line num="32" count="0" type="stmt"/>
          <line num="35" count="0" type="stmt"/>
          <line num="44" count="0" type="stmt"/>
          <line num="48" count="0" type="stmt"/>
        </file>
        <file name="index.jsx" path="C:\Users\Fraser\Documents\workspace\admin-tool\AdminCore\web-app\src\pages\Admin\index.jsx">
          <metrics statements="5" coveredstatements="3" conditionals="0" coveredconditionals="0" methods="2" coveredmethods="0"/>
          <line num="22" count="1" type="stmt"/>
          <line num="23" count="0" type="stmt"/>
          <line num="34" count="0" type="stmt"/>
          <line num="49" count="1" type="stmt"/>
          <line num="56" count="1" type="stmt"/>
        </file>
      </package>
      <package name="src.pages.Admin.Sidebar">
        <metrics statements="2" coveredstatements="1" conditionals="0" coveredconditionals="0" methods="1" coveredmethods="0"/>
        <file name="index.jsx" path="C:\Users\Fraser\Documents\workspace\admin-tool\AdminCore\web-app\src\pages\Admin\Sidebar\index.jsx">
          <metrics statements="2" coveredstatements="1" conditionals="0" coveredconditionals="0" methods="1" coveredmethods="0"/>
          <line num="6" count="1" type="stmt"/>
          <line num="7" count="0" type="stmt"/>
        </file>
      </package>
      <package name="src.pages.Dashboard">
        <metrics statements="63" coveredstatements="7" conditionals="15" coveredconditionals="0" methods="26" coveredmethods="1"/>
        <file name="container.js" path="C:\Users\Fraser\Documents\workspace\admin-tool\AdminCore\web-app\src\pages\Dashboard\container.js">
          <metrics statements="57" coveredstatements="2" conditionals="15" coveredconditionals="0" methods="25" coveredmethods="1"/>
          <line num="12" count="1" type="stmt"/>
          <line num="13" count="1" type="stmt"/>
          <line num="19" count="0" type="stmt"/>
          <line num="20" count="0" type="stmt"/>
          <line num="34" count="0" type="stmt"/>
          <line num="35" count="0" type="stmt"/>
          <line num="37" count="0" type="stmt"/>
          <line num="40" count="0" type="stmt"/>
          <line num="43" count="0" type="stmt"/>
          <line num="52" count="0" type="stmt"/>
          <line num="54" count="0" type="stmt"/>
          <line num="59" count="0" type="stmt"/>
          <line num="68" count="0" type="stmt"/>
          <line num="69" count="0" type="stmt"/>
          <line num="81" count="0" type="stmt"/>
          <line num="85" count="0" type="stmt"/>
          <line num="89" count="0" type="stmt"/>
          <line num="93" count="0" type="stmt"/>
          <line num="106" count="0" type="stmt"/>
          <line num="121" count="0" type="stmt"/>
          <line num="122" count="0" type="stmt"/>
          <line num="123" count="0" type="cond" truecount="0" falsecount="2"/>
          <line num="124" count="0" type="stmt"/>
          <line num="126" count="0" type="stmt"/>
          <line num="127" count="0" type="cond" truecount="0" falsecount="2"/>
          <line num="128" count="0" type="stmt"/>
          <line num="130" count="0" type="stmt"/>
          <line num="134" count="0" type="stmt"/>
          <line num="135" count="0" type="stmt"/>
          <line num="136" count="0" type="cond" truecount="0" falsecount="2"/>
          <line num="137" count="0" type="stmt"/>
          <line num="139" count="0" type="stmt"/>
          <line num="140" count="0" type="cond" truecount="0" falsecount="2"/>
          <line num="141" count="0" type="stmt"/>
          <line num="143" count="0" type="stmt"/>
          <line num="147" count="0" type="stmt"/>
          <line num="148" count="0" type="stmt"/>
          <line num="149" count="0" type="stmt"/>
          <line num="153" count="0" type="stmt"/>
          <line num="154" count="0" type="stmt"/>
          <line num="155" count="0" type="stmt"/>
          <line num="159" count="0" type="stmt"/>
          <line num="160" count="0" type="stmt"/>
          <line num="162" count="0" type="stmt"/>
          <line num="163" count="0" type="stmt"/>
          <line num="164" count="0" type="stmt"/>
          <line num="189" count="0" type="stmt"/>
          <line num="190" count="0" type="stmt"/>
          <line num="191" count="0" type="stmt"/>
          <line num="196" count="0" type="stmt"/>
          <line num="197" count="0" type="stmt"/>
          <line num="220" count="0" type="stmt"/>
          <line num="221" count="0" type="stmt"/>
          <line num="222" count="0" type="stmt"/>
          <line num="227" count="0" type="stmt"/>
          <line num="240" count="0" type="stmt"/>
          <line num="241" count="0" type="stmt"/>
        </file>
        <file name="index.jsx" path="C:\Users\Fraser\Documents\workspace\admin-tool\AdminCore\web-app\src\pages\Dashboard\index.jsx">
          <metrics statements="6" coveredstatements="5" conditionals="0" coveredconditionals="0" methods="1" coveredmethods="0"/>
          <line num="18" count="1" type="stmt"/>
          <line num="19" count="1" type="stmt"/>
          <line num="21" count="1" type="stmt"/>
          <line num="22" count="0" type="stmt"/>
          <line num="50" count="1" type="stmt"/>
          <line num="64" count="1" type="stmt"/>
        </file>
      </package>
      <package name="src.pages.Login">
        <metrics statements="11" coveredstatements="10" conditionals="2" coveredconditionals="1" methods="8" coveredmethods="7"/>
        <file name="container.js" path="C:\Users\Fraser\Documents\workspace\admin-tool\AdminCore\web-app\src\pages\Login\container.js">
          <metrics statements="8" coveredstatements="7" conditionals="2" coveredconditionals="1" methods="7" coveredmethods="6"/>
          <line num="8" count="4" type="stmt"/>
          <line num="14" count="2" type="cond" truecount="1" falsecount="1"/>
          <line num="18" count="1" type="stmt"/>
          <line num="24" count="1" type="stmt"/>
          <line num="25" count="1" type="stmt"/>
          <line num="27" count="1" type="stmt"/>
          <line num="30" count="0" type="stmt"/>
          <line num="39" count="4" type="stmt"/>
        </file>
        <file name="index.jsx" path="C:\Users\Fraser\Documents\workspace\admin-tool\AdminCore\web-app\src\pages\Login\index.jsx">
          <metrics statements="3" coveredstatements="3" conditionals="0" coveredconditionals="0" methods="1" coveredmethods="1"/>
          <line num="6" count="2" type="stmt"/>
          <line num="8" count="4" type="stmt"/>
          <line num="34" count="2" type="stmt"/>
        </file>
      </package>
      <package name="src.services">
        <metrics statements="26" coveredstatements="18" conditionals="2" coveredconditionals="1" methods="12" coveredmethods="7"/>
        <file name="holidayService.js" path="C:\Users\Fraser\Documents\workspace\admin-tool\AdminCore\web-app\src\services\holidayService.js">
          <metrics statements="12" coveredstatements="11" conditionals="2" coveredconditionals="1" methods="6" coveredmethods="5"/>
          <line num="3" count="7" type="stmt"/>
          <line num="4" count="1" type="stmt"/>
          <line num="7" count="7" type="stmt"/>
          <line num="8" count="0" type="stmt"/>
          <line num="11" count="7" type="stmt"/>
          <line num="12" count="1" type="stmt"/>
          <line num="15" count="7" type="stmt"/>
          <line num="16" count="1" type="cond" truecount="1" falsecount="1"/>
          <line num="21" count="7" type="stmt"/>
          <line num="22" count="1" type="stmt"/>
          <line num="25" count="7" type="stmt"/>
          <line num="26" count="1" type="stmt"/>
        </file>
        <file name="userService.js" path="C:\Users\Fraser\Documents\workspace\admin-tool\AdminCore\web-app\src\services\userService.js">
          <metrics statements="14" coveredstatements="7" conditionals="0" coveredconditionals="0" methods="6" coveredmethods="2"/>
          <line num="4" count="6" type="stmt"/>
          <line num="5" count="0" type="stmt"/>
          <line num="8" count="0" type="stmt"/>
          <line num="9" count="0" type="stmt"/>
          <line num="10" count="0" type="stmt"/>
          <line num="11" count="0" type="stmt"/>
          <line num="15" count="6" type="stmt"/>
          <line num="16" count="1" type="stmt"/>
          <line num="19" count="6" type="stmt"/>
          <line num="20" count="1" type="stmt"/>
          <line num="23" count="6" type="stmt"/>
          <line num="24" count="0" type="stmt"/>
          <line num="27" count="6" type="stmt"/>
          <line num="28" count="0" type="stmt"/>
        </file>
      </package>
      <package name="src.utilities">
        <metrics statements="25" coveredstatements="21" conditionals="5" coveredconditionals="2" methods="7" coveredmethods="5"/>
        <file name="AxiosInstance.js" path="C:\Users\Fraser\Documents\workspace\admin-tool\AdminCore\web-app\src\utilities\AxiosInstance.js">
          <metrics statements="5" coveredstatements="5" conditionals="0" coveredconditionals="0" methods="1" coveredmethods="1"/>
          <line num="3" count="11" type="stmt"/>
          <line num="5" count="11" type="stmt"/>
          <line num="9" count="11" type="stmt"/>
          <line num="10" count="7" type="stmt"/>
          <line num="11" count="7" type="stmt"/>
        </file>
        <file name="calendarConfig.js" path="C:\Users\Fraser\Documents\workspace\admin-tool\AdminCore\web-app\src\utilities\calendarConfig.js">
          <metrics statements="6" coveredstatements="2" conditionals="3" coveredconditionals="0" methods="2" coveredmethods="0"/>
          <line num="3" count="5" type="stmt"/>
          <line num="4" count="0" type="cond" truecount="0" falsecount="3"/>
          <line num="6" count="0" type="stmt"/>
          <line num="11" count="0" type="stmt"/>
          <line num="16" count="0" type="stmt"/>
          <line num="20" count="5" type="stmt"/>
        </file>
        <file name="currentUser.js" path="C:\Users\Fraser\Documents\workspace\admin-tool\AdminCore\web-app\src\utilities\currentUser.js">
          <metrics statements="12" coveredstatements="12" conditionals="2" coveredconditionals="2" methods="4" coveredmethods="4"/>
          <line num="3" count="3" type="stmt"/>
          <line num="4" count="1" type="stmt"/>
          <line num="7" count="3" type="stmt"/>
          <line num="8" count="5" type="cond" truecount="2" falsecount="0"/>
          <line num="11" count="3" type="stmt"/>
          <line num="12" count="4" type="stmt"/>
          <line num="13" count="4" type="stmt"/>
          <line num="14" count="2" type="stmt"/>
          <line num="16" count="2" type="stmt"/>
          <line num="20" count="3" type="stmt"/>
          <line num="21" count="1" type="stmt"/>
          <line num="22" count="1" type="stmt"/>
        </file>
        <file name="employeeStatus.js" path="C:\Users\Fraser\Documents\workspace\admin-tool\AdminCore\web-app\src\utilities\employeeStatus.js">
          <metrics statements="0" coveredstatements="0" conditionals="0" coveredconditionals="0" methods="0" coveredmethods="0"/>
        </file>
        <file name="holidayStatus.js" path="C:\Users\Fraser\Documents\workspace\admin-tool\AdminCore\web-app\src\utilities\holidayStatus.js">
          <metrics statements="2" coveredstatements="2" conditionals="0" coveredconditionals="0" methods="0" coveredmethods="0"/>
          <line num="17" count="11" type="stmt"/>
          <line num="25" count="11" type="stmt"/>
        </file>
        <file name="roles.js" path="C:\Users\Fraser\Documents\workspace\admin-tool\AdminCore\web-app\src\utilities\roles.js">
          <metrics statements="0" coveredstatements="0" conditionals="0" coveredconditionals="0" methods="0" coveredmethods="0"/>
        </file>
      </package>
    </metrics>
  </project>
</coverage>
