{"C:\\Users\\Fraser\\Documents\\workspace\\admin-tool\\AdminCore\\web-app\\src\\App.jsx": {"path":"C:\\Users\\Fraser\\Documents\\workspace\\admin-tool\\AdminCore\\web-app\\src\\App.jsx","statementMap":{"0":{"start":{"line":1,"column":0},"end":{"line":null,"column":-1}},"1":{"start":{"line":2,"column":0},"end":{"line":null,"column":-1}},"2":{"start":{"line":3,"column":0},"end":{"line":null,"column":-1}},"3":{"start":{"line":4,"column":0},"end":{"line":null,"column":-1}},"4":{"start":{"line":5,"column":0},"end":{"line":null,"column":-1}},"5":{"start":{"line":9,"column":4},"end":{"line":null,"column":-1}}},"fnMap":{},"branchMap":{},"s":{"0":0,"1":0,"2":0,"3":0,"4":0,"5":0},"f":{},"b":{}}
,"C:\\Users\\Fraser\\Documents\\workspace\\admin-tool\\AdminCore\\web-app\\src\\index.js": {"path":"C:\\Users\\Fraser\\Documents\\workspace\\admin-tool\\AdminCore\\web-app\\src\\index.js","statementMap":{"0":{"start":{"line":1,"column":0},"end":{"line":null,"column":-1}},"1":{"start":{"line":2,"column":0},"end":{"line":null,"column":-1}},"2":{"start":{"line":3,"column":0},"end":{"line":null,"column":-1}},"3":{"start":{"line":4,"column":0},"end":{"line":null,"column":-1}},"4":{"start":{"line":5,"column":0},"end":{"line":null,"column":-1}},"5":{"start":{"line":6,"column":0},"end":{"line":null,"column":-1}},"6":{"start":{"line":7,"column":0},"end":{"line":null,"column":-1}},"7":{"start":{"line":9,"column":0},"end":{"line":null,"column":-1}}},"fnMap":{},"branchMap":{},"s":{"0":0,"1":0,"2":0,"3":0,"4":0,"5":0,"6":0,"7":0},"f":{},"b":{}}
,"C:\\Users\\Fraser\\Documents\\workspace\\admin-tool\\AdminCore\\web-app\\src\\components\\index.js": {"path":"C:\\Users\\Fraser\\Documents\\workspace\\admin-tool\\AdminCore\\web-app\\src\\components\\index.js","statementMap":{},"fnMap":{},"branchMap":{},"s":{},"f":{},"b":{},"_coverageSchema":"332fd63041d2c1bcb487cc26dd0d5f7d97098a6c","hash":"fa60b356caf61135e02ba60fce45caf9f10a8070"}
,"C:\\Users\\Fraser\\Documents\\workspace\\admin-tool\\AdminCore\\web-app\\src\\components\\AllHolidays\\container.js": {"path":"C:\\Users\\Fraser\\Documents\\workspace\\admin-tool\\AdminCore\\web-app\\src\\components\\AllHolidays\\container.js","statementMap":{"0":{"start":{"line":5,"column":2},"end":{"line":25,"column":3}},"1":{"start":{"line":7,"column":6},"end":{"line":7,"column":19}},"2":{"start":{"line":8,"column":6},"end":{"line":8,"column":36}},"3":{"start":{"line":12,"column":6},"end":{"line":12,"column":25}},"4":{"start":{"line":16,"column":6},"end":{"line":19,"column":9}},"5":{"start":{"line":17,"column":25},"end":{"line":17,"column":38}},"6":{"start":{"line":18,"column":8},"end":{"line":18,"column":36}},"7":{"start":{"line":23,"column":6},"end":{"line":23,"column":72}}},"fnMap":{"0":{"name":"(anonymous_0)","decl":{"start":{"line":4,"column":15},"end":{"line":4,"column":16}},"loc":{"start":{"line":5,"column":2},"end":{"line":25,"column":3}},"line":5},"1":{"name":"(anonymous_1)","decl":{"start":{"line":6,"column":4},"end":{"line":6,"column":5}},"loc":{"start":{"line":6,"column":23},"end":{"line":9,"column":5}},"line":6},"2":{"name":"(anonymous_2)","decl":{"start":{"line":11,"column":4},"end":{"line":11,"column":5}},"loc":{"start":{"line":11,"column":24},"end":{"line":13,"column":5}},"line":11},"3":{"name":"(anonymous_3)","decl":{"start":{"line":15,"column":18},"end":{"line":15,"column":19}},"loc":{"start":{"line":15,"column":24},"end":{"line":20,"column":5}},"line":15},"4":{"name":"(anonymous_4)","decl":{"start":{"line":16,"column":28},"end":{"line":16,"column":29}},"loc":{"start":{"line":16,"column":40},"end":{"line":19,"column":7}},"line":16},"5":{"name":"(anonymous_5)","decl":{"start":{"line":22,"column":4},"end":{"line":22,"column":5}},"loc":{"start":{"line":22,"column":13},"end":{"line":24,"column":5}},"line":22}},"branchMap":{},"s":{"0":7,"1":1,"2":1,"3":1,"4":1,"5":1,"6":1,"7":2},"f":{"0":7,"1":1,"2":1,"3":1,"4":1,"5":2},"b":{},"_coverageSchema":"332fd63041d2c1bcb487cc26dd0d5f7d97098a6c","hash":"b35cdcb5a2f92afc7361e802ffcba7ac9116e1a4"}
,"C:\\Users\\Fraser\\Documents\\workspace\\admin-tool\\AdminCore\\web-app\\src\\components\\AllHolidays\\index.jsx": {"path":"C:\\Users\\Fraser\\Documents\\workspace\\admin-tool\\AdminCore\\web-app\\src\\components\\AllHolidays\\index.jsx","statementMap":{"0":{"start":{"line":8,"column":27},"end":{"line":44,"column":1}},"1":{"start":{"line":9,"column":2},"end":{"line":43,"column":4}},"2":{"start":{"line":21,"column":42},"end":{"line":21,"column":58}},"3":{"start":{"line":22,"column":70},"end":{"line":22,"column":77}},"4":{"start":{"line":23,"column":12},"end":{"line":38,"column":14}},"5":{"start":{"line":46,"column":0},"end":{"line":48,"column":2}}},"fnMap":{"0":{"name":"(anonymous_0)","decl":{"start":{"line":8,"column":27},"end":{"line":8,"column":28}},"loc":{"start":{"line":8,"column":45},"end":{"line":44,"column":1}},"line":8},"1":{"name":"(anonymous_1)","decl":{"start":{"line":20,"column":24},"end":{"line":20,"column":25}},"loc":{"start":{"line":20,"column":35},"end":{"line":39,"column":11}},"line":20},"2":{"name":"(anonymous_2)","decl":{"start":{"line":35,"column":35},"end":{"line":35,"column":36}},"loc":{"start":{"line":35,"column":41},"end":{"line":35,"column":43}},"line":35}},"branchMap":{},"s":{"0":6,"1":1,"2":1,"3":1,"4":1,"5":6},"f":{"0":1,"1":1,"2":0},"b":{},"_coverageSchema":"332fd63041d2c1bcb487cc26dd0d5f7d97098a6c","hash":"0cc2710cc65a7fdfea11c27a9b79c3e32c8021f1"}
,"C:\\Users\\Fraser\\Documents\\workspace\\admin-tool\\AdminCore\\web-app\\src\\components\\BookedLeave\\container.js": {"path":"C:\\Users\\Fraser\\Documents\\workspace\\admin-tool\\AdminCore\\web-app\\src\\components\\BookedLeave\\container.js","statementMap":{"0":{"start":{"line":8,"column":2},"end":{"line":104,"column":3}},"1":{"start":{"line":14,"column":6},"end":{"line":14,"column":19}},"2":{"start":{"line":15,"column":6},"end":{"line":17,"column":8}},"3":{"start":{"line":21,"column":6},"end":{"line":34,"column":11}},"4":{"start":{"line":23,"column":33},"end":{"line":25,"column":12}},"5":{"start":{"line":24,"column":12},"end":{"line":24,"column":52}},"6":{"start":{"line":26,"column":10},"end":{"line":26,"column":44}},"7":{"start":{"line":29,"column":10},"end":{"line":33,"column":13}},"8":{"start":{"line":38,"column":18},"end":{"line":38,"column":50}},"9":{"start":{"line":40,"column":6},"end":{"line":42,"column":7}},"10":{"start":{"line":41,"column":8},"end":{"line":41,"column":21}},"11":{"start":{"line":43,"column":6},"end":{"line":43,"column":18}},"12":{"start":{"line":47,"column":6},"end":{"line":61,"column":11}},"13":{"start":{"line":58,"column":10},"end":{"line":60,"column":11}},"14":{"start":{"line":59,"column":12},"end":{"line":59,"column":46}},"15":{"start":{"line":66,"column":6},"end":{"line":74,"column":7}},"16":{"start":{"line":67,"column":8},"end":{"line":71,"column":11}},"17":{"start":{"line":73,"column":8},"end":{"line":73,"column":15}},"18":{"start":{"line":76,"column":6},"end":{"line":89,"column":11}},"19":{"start":{"line":78,"column":33},"end":{"line":80,"column":12}},"20":{"start":{"line":79,"column":12},"end":{"line":79,"column":46}},"21":{"start":{"line":81,"column":10},"end":{"line":81,"column":44}},"22":{"start":{"line":84,"column":10},"end":{"line":88,"column":13}},"23":{"start":{"line":93,"column":6},"end":{"line":93,"column":46}},"24":{"start":{"line":97,"column":6},"end":{"line":102,"column":8}}},"fnMap":{"0":{"name":"(anonymous_0)","decl":{"start":{"line":7,"column":15},"end":{"line":7,"column":16}},"loc":{"start":{"line":8,"column":2},"end":{"line":104,"column":3}},"line":8},"1":{"name":"(anonymous_1)","decl":{"start":{"line":13,"column":4},"end":{"line":13,"column":5}},"loc":{"start":{"line":13,"column":23},"end":{"line":18,"column":5}},"line":13},"2":{"name":"(anonymous_2)","decl":{"start":{"line":20,"column":4},"end":{"line":20,"column":5}},"loc":{"start":{"line":20,"column":24},"end":{"line":35,"column":5}},"line":20},"3":{"name":"(anonymous_3)","decl":{"start":{"line":22,"column":14},"end":{"line":22,"column":15}},"loc":{"start":{"line":22,"column":26},"end":{"line":27,"column":9}},"line":22},"4":{"name":"(anonymous_4)","decl":{"start":{"line":23,"column":54},"end":{"line":23,"column":55}},"loc":{"start":{"line":23,"column":61},"end":{"line":25,"column":11}},"line":23},"5":{"name":"(anonymous_5)","decl":{"start":{"line":28,"column":15},"end":{"line":28,"column":16}},"loc":{"start":{"line":28,"column":24},"end":{"line":34,"column":9}},"line":28},"6":{"name":"(anonymous_6)","decl":{"start":{"line":37,"column":23},"end":{"line":37,"column":24}},"loc":{"start":{"line":37,"column":36},"end":{"line":44,"column":5}},"line":37},"7":{"name":"(anonymous_7)","decl":{"start":{"line":46,"column":20},"end":{"line":46,"column":21}},"loc":{"start":{"line":46,"column":33},"end":{"line":62,"column":5}},"line":46},"8":{"name":"(anonymous_8)","decl":{"start":{"line":57,"column":14},"end":{"line":57,"column":15}},"loc":{"start":{"line":57,"column":26},"end":{"line":61,"column":9}},"line":57},"9":{"name":"(anonymous_9)","decl":{"start":{"line":64,"column":26},"end":{"line":64,"column":27}},"loc":{"start":{"line":64,"column":39},"end":{"line":90,"column":5}},"line":64},"10":{"name":"(anonymous_10)","decl":{"start":{"line":77,"column":14},"end":{"line":77,"column":15}},"loc":{"start":{"line":77,"column":28},"end":{"line":82,"column":9}},"line":77},"11":{"name":"(anonymous_11)","decl":{"start":{"line":78,"column":66},"end":{"line":78,"column":67}},"loc":{"start":{"line":78,"column":73},"end":{"line":80,"column":11}},"line":78},"12":{"name":"(anonymous_12)","decl":{"start":{"line":83,"column":15},"end":{"line":83,"column":16}},"loc":{"start":{"line":83,"column":24},"end":{"line":89,"column":9}},"line":83},"13":{"name":"(anonymous_13)","decl":{"start":{"line":92,"column":4},"end":{"line":92,"column":5}},"loc":{"start":{"line":92,"column":28},"end":{"line":94,"column":5}},"line":92},"14":{"name":"(anonymous_14)","decl":{"start":{"line":96,"column":4},"end":{"line":96,"column":5}},"loc":{"start":{"line":96,"column":13},"end":{"line":103,"column":5}},"line":96}},"branchMap":{"0":{"loc":{"start":{"line":40,"column":6},"end":{"line":42,"column":7}},"type":"if","locations":[{"start":{"line":40,"column":6},"end":{"line":42,"column":7}},{"start":{"line":40,"column":6},"end":{"line":42,"column":7}}],"line":40},"1":{"loc":{"start":{"line":58,"column":10},"end":{"line":60,"column":11}},"type":"if","locations":[{"start":{"line":58,"column":10},"end":{"line":60,"column":11}},{"start":{"line":58,"column":10},"end":{"line":60,"column":11}}],"line":58},"2":{"loc":{"start":{"line":66,"column":6},"end":{"line":74,"column":7}},"type":"if","locations":[{"start":{"line":66,"column":6},"end":{"line":74,"column":7}},{"start":{"line":66,"column":6},"end":{"line":74,"column":7}}],"line":66}},"s":{"0":6,"1":0,"2":0,"3":0,"4":0,"5":0,"6":0,"7":0,"8":0,"9":0,"10":0,"11":0,"12":0,"13":0,"14":0,"15":0,"16":0,"17":0,"18":0,"19":0,"20":0,"21":0,"22":0,"23":0,"24":0},"f":{"0":6,"1":0,"2":0,"3":0,"4":0,"5":0,"6":0,"7":0,"8":0,"9":0,"10":0,"11":0,"12":0,"13":0,"14":0},"b":{"0":[0,0],"1":[0,0],"2":[0,0]},"_coverageSchema":"332fd63041d2c1bcb487cc26dd0d5f7d97098a6c","hash":"e1bf6fcd2101d840435340c90f5a8de41cd84ea3"}
,"C:\\Users\\Fraser\\Documents\\workspace\\admin-tool\\AdminCore\\web-app\\src\\components\\BookedLeave\\index.jsx": {"path":"C:\\Users\\Fraser\\Documents\\workspace\\admin-tool\\AdminCore\\web-app\\src\\components\\BookedLeave\\index.jsx","statementMap":{"0":{"start":{"line":6,"column":27},"end":{"line":25,"column":1}},"1":{"start":{"line":7,"column":21},"end":{"line":14,"column":3}},"2":{"start":{"line":8,"column":24},"end":{"line":8,"column":38}},"3":{"start":{"line":9,"column":17},"end":{"line":9,"column":42}},"4":{"start":{"line":10,"column":18},"end":{"line":10,"column":71}},"5":{"start":{"line":11,"column":16},"end":{"line":11,"column":37}},"6":{"start":{"line":13,"column":4},"end":{"line":13,"column":42}},"7":{"start":{"line":16,"column":2},"end":{"line":24,"column":4}},"8":{"start":{"line":20,"column":10},"end":{"line":20,"column":147}},"9":{"start":{"line":20,"column":76},"end":{"line":20,"column":109}},"10":{"start":{"line":27,"column":0},"end":{"line":29,"column":2}}},"fnMap":{"0":{"name":"(anonymous_0)","decl":{"start":{"line":6,"column":27},"end":{"line":6,"column":28}},"loc":{"start":{"line":6,"column":38},"end":{"line":25,"column":1}},"line":6},"1":{"name":"(anonymous_1)","decl":{"start":{"line":7,"column":21},"end":{"line":7,"column":22}},"loc":{"start":{"line":7,"column":31},"end":{"line":14,"column":3}},"line":7},"2":{"name":"(anonymous_2)","decl":{"start":{"line":19,"column":33},"end":{"line":19,"column":34}},"loc":{"start":{"line":19,"column":44},"end":{"line":21,"column":9}},"line":19},"3":{"name":"(anonymous_3)","decl":{"start":{"line":20,"column":70},"end":{"line":20,"column":71}},"loc":{"start":{"line":20,"column":76},"end":{"line":20,"column":109}},"line":20}},"branchMap":{},"s":{"0":6,"1":1,"2":0,"3":0,"4":0,"5":0,"6":0,"7":1,"8":0,"9":0,"10":6},"f":{"0":1,"1":0,"2":0,"3":0},"b":{},"_coverageSchema":"332fd63041d2c1bcb487cc26dd0d5f7d97098a6c","hash":"2c0897982ef029e482485026e0a6919d5ecad8b8"}
,"C:\\Users\\Fraser\\Documents\\workspace\\admin-tool\\AdminCore\\web-app\\src\\components\\BookingModal\\index.js": {"path":"C:\\Users\\Fraser\\Documents\\workspace\\admin-tool\\AdminCore\\web-app\\src\\components\\BookingModal\\index.js","statementMap":{"0":{"start":{"line":6,"column":21},"end":{"line":64,"column":1}},"1":{"start":{"line":18,"column":6},"end":{"line":18,"column":11}},"2":{"start":{"line":20,"column":21},"end":{"line":28,"column":3}},"3":{"start":{"line":21,"column":4},"end":{"line":27,"column":105}},"4":{"start":{"line":30,"column":23},"end":{"line":33,"column":3}},"5":{"start":{"line":31,"column":4},"end":{"line":31,"column":38}},"6":{"start":{"line":31,"column":25},"end":{"line":31,"column":36}},"7":{"start":{"line":32,"column":4},"end":{"line":32,"column":58}},"8":{"start":{"line":35,"column":2},"end":{"line":63,"column":4}},"9":{"start":{"line":66,"column":0},"end":{"line":77,"column":2}}},"fnMap":{"0":{"name":"(anonymous_0)","decl":{"start":{"line":6,"column":21},"end":{"line":6,"column":22}},"loc":{"start":{"line":6,"column":30},"end":{"line":64,"column":1}},"line":6},"1":{"name":"(anonymous_1)","decl":{"start":{"line":20,"column":21},"end":{"line":20,"column":22}},"loc":{"start":{"line":21,"column":4},"end":{"line":27,"column":105}},"line":21},"2":{"name":"(anonymous_2)","decl":{"start":{"line":30,"column":23},"end":{"line":30,"column":24}},"loc":{"start":{"line":30,"column":29},"end":{"line":33,"column":3}},"line":30}},"branchMap":{"0":{"loc":{"start":{"line":21,"column":4},"end":{"line":27,"column":105}},"type":"cond-expr","locations":[{"start":{"line":22,"column":6},"end":{"line":25,"column":17}},{"start":{"line":27,"column":6},"end":{"line":27,"column":105}}],"line":21},"1":{"loc":{"start":{"line":27,"column":69},"end":{"line":27,"column":102}},"type":"cond-expr","locations":[{"start":{"line":27,"column":85},"end":{"line":27,"column":90}},{"start":{"line":27,"column":93},"end":{"line":27,"column":102}}],"line":27},"2":{"loc":{"start":{"line":31,"column":4},"end":{"line":31,"column":38}},"type":"if","locations":[{"start":{"line":31,"column":4},"end":{"line":31,"column":38}},{"start":{"line":31,"column":4},"end":{"line":31,"column":38}}],"line":31},"3":{"loc":{"start":{"line":32,"column":31},"end":{"line":32,"column":56}},"type":"cond-expr","locations":[{"start":{"line":32,"column":51},"end":{"line":32,"column":52}},{"start":{"line":32,"column":55},"end":{"line":32,"column":56}}],"line":32},"4":{"loc":{"start":{"line":35,"column":10},"end":{"line":62,"column":12}},"type":"binary-expr","locations":[{"start":{"line":35,"column":10},"end":{"line":35,"column":19}},{"start":{"line":36,"column":4},"end":{"line":62,"column":12}}],"line":35},"5":{"loc":{"start":{"line":39,"column":7},"end":{"line":39,"column":58}},"type":"binary-expr","locations":[{"start":{"line":39,"column":7},"end":{"line":39,"column":20}},{"start":{"line":39,"column":24},"end":{"line":39,"column":58}}],"line":39},"6":{"loc":{"start":{"line":40,"column":7},"end":{"line":40,"column":75}},"type":"binary-expr","locations":[{"start":{"line":40,"column":7},"end":{"line":40,"column":20}},{"start":{"line":40,"column":24},"end":{"line":40,"column":75}}],"line":40}},"s":{"0":5,"1":9,"2":9,"3":9,"4":9,"5":9,"6":2,"7":7,"8":9,"9":5},"f":{"0":9,"1":9,"2":9},"b":{"0":[6,3],"1":[1,2],"2":[2,7],"3":[1,6],"4":[9,9],"5":[9,6],"6":[9,6]},"_coverageSchema":"332fd63041d2c1bcb487cc26dd0d5f7d97098a6c","hash":"70e39e79b1e29137a3548e4f81dcd3695b72e831"}
,"C:\\Users\\Fraser\\Documents\\workspace\\admin-tool\\AdminCore\\web-app\\src\\components\\CreateUser\\container.js": {"path":"C:\\Users\\Fraser\\Documents\\workspace\\admin-tool\\AdminCore\\web-app\\src\\components\\CreateUser\\container.js","statementMap":{"0":{"start":{"line":7,"column":2},"end":{"line":70,"column":3}},"1":{"start":{"line":9,"column":6},"end":{"line":9,"column":19}},"2":{"start":{"line":10,"column":6},"end":{"line":15,"column":8}},"3":{"start":{"line":19,"column":6},"end":{"line":28,"column":8}},"4":{"start":{"line":32,"column":30},"end":{"line":32,"column":42}},"5":{"start":{"line":33,"column":6},"end":{"line":33,"column":69}},"6":{"start":{"line":37,"column":6},"end":{"line":37,"column":71}},"7":{"start":{"line":41,"column":19},"end":{"line":41,"column":41}},"8":{"start":{"line":42,"column":6},"end":{"line":42,"column":52}},"9":{"start":{"line":43,"column":6},"end":{"line":43,"column":39}},"10":{"start":{"line":44,"column":6},"end":{"line":54,"column":11}},"11":{"start":{"line":46,"column":10},"end":{"line":50,"column":13}},"12":{"start":{"line":53,"column":10},"end":{"line":53,"column":51}},"13":{"start":{"line":58,"column":6},"end":{"line":68,"column":8}}},"fnMap":{"0":{"name":"(anonymous_0)","decl":{"start":{"line":6,"column":15},"end":{"line":6,"column":16}},"loc":{"start":{"line":7,"column":2},"end":{"line":70,"column":3}},"line":7},"1":{"name":"(anonymous_1)","decl":{"start":{"line":8,"column":4},"end":{"line":8,"column":5}},"loc":{"start":{"line":8,"column":23},"end":{"line":16,"column":5}},"line":8},"2":{"name":"(anonymous_2)","decl":{"start":{"line":18,"column":4},"end":{"line":18,"column":5}},"loc":{"start":{"line":18,"column":23},"end":{"line":29,"column":5}},"line":18},"3":{"name":"(anonymous_3)","decl":{"start":{"line":31,"column":23},"end":{"line":31,"column":24}},"loc":{"start":{"line":31,"column":32},"end":{"line":34,"column":5}},"line":31},"4":{"name":"(anonymous_4)","decl":{"start":{"line":36,"column":28},"end":{"line":36,"column":29}},"loc":{"start":{"line":36,"column":36},"end":{"line":38,"column":5}},"line":36},"5":{"name":"(anonymous_5)","decl":{"start":{"line":40,"column":23},"end":{"line":40,"column":24}},"loc":{"start":{"line":40,"column":29},"end":{"line":55,"column":5}},"line":40},"6":{"name":"(anonymous_6)","decl":{"start":{"line":45,"column":14},"end":{"line":45,"column":15}},"loc":{"start":{"line":45,"column":20},"end":{"line":51,"column":9}},"line":45},"7":{"name":"(anonymous_7)","decl":{"start":{"line":52,"column":15},"end":{"line":52,"column":16}},"loc":{"start":{"line":52,"column":24},"end":{"line":54,"column":9}},"line":52},"8":{"name":"(anonymous_8)","decl":{"start":{"line":57,"column":4},"end":{"line":57,"column":5}},"loc":{"start":{"line":57,"column":13},"end":{"line":69,"column":5}},"line":57}},"branchMap":{},"s":{"0":14,"1":8,"2":8,"3":16,"4":2,"5":2,"6":1,"7":4,"8":4,"9":4,"10":4,"11":3,"12":1,"13":20},"f":{"0":14,"1":8,"2":16,"3":2,"4":1,"5":4,"6":3,"7":1,"8":20},"b":{},"_coverageSchema":"332fd63041d2c1bcb487cc26dd0d5f7d97098a6c","hash":"3ff02935bd32c93dc952dacd3dc55255b51aaf84"}
,"C:\\Users\\Fraser\\Documents\\workspace\\admin-tool\\AdminCore\\web-app\\src\\components\\CreateUser\\index.jsx": {"path":"C:\\Users\\Fraser\\Documents\\workspace\\admin-tool\\AdminCore\\web-app\\src\\components\\CreateUser\\index.jsx","statementMap":{"0":{"start":{"line":8,"column":26},"end":{"line":114,"column":1}},"1":{"start":{"line":17,"column":6},"end":{"line":17,"column":11}},"2":{"start":{"line":26,"column":6},"end":{"line":26,"column":14}},"3":{"start":{"line":28,"column":2},"end":{"line":113,"column":4}},"4":{"start":{"line":116,"column":0},"end":{"line":124,"column":2}}},"fnMap":{"0":{"name":"(anonymous_0)","decl":{"start":{"line":8,"column":26},"end":{"line":8,"column":27}},"loc":{"start":{"line":8,"column":35},"end":{"line":114,"column":1}},"line":8}},"branchMap":{"0":{"loc":{"start":{"line":110,"column":9},"end":{"line":110,"column":77}},"type":"binary-expr","locations":[{"start":{"line":110,"column":9},"end":{"line":110,"column":16}},{"start":{"line":110,"column":20},"end":{"line":110,"column":77}}],"line":110}},"s":{"0":6,"1":3,"2":3,"3":3,"4":6},"f":{"0":3},"b":{"0":[3,2]},"_coverageSchema":"332fd63041d2c1bcb487cc26dd0d5f7d97098a6c","hash":"b416ca5f3c2f854287d157f31808b46196ed93ed"}
,"C:\\Users\\Fraser\\Documents\\workspace\\admin-tool\\AdminCore\\web-app\\src\\components\\Legend\\index.js": {"path":"C:\\Users\\Fraser\\Documents\\workspace\\admin-tool\\AdminCore\\web-app\\src\\components\\Legend\\index.js","statementMap":{"0":{"start":{"line":10,"column":47},"end":{"line":10,"column":60}},"1":{"start":{"line":11,"column":2},"end":{"line":33,"column":4}}},"fnMap":{"0":{"name":"(anonymous_0)","decl":{"start":{"line":9,"column":15},"end":{"line":9,"column":16}},"loc":{"start":{"line":9,"column":21},"end":{"line":34,"column":1}},"line":9}},"branchMap":{},"s":{"0":1,"1":1},"f":{"0":1},"b":{},"_coverageSchema":"332fd63041d2c1bcb487cc26dd0d5f7d97098a6c","hash":"eb4e545949260659aae1bfd8bc334de3491e91c0"}
,"C:\\Users\\Fraser\\Documents\\workspace\\admin-tool\\AdminCore\\web-app\\src\\components\\PendingHolidays\\container.js": {"path":"C:\\Users\\Fraser\\Documents\\workspace\\admin-tool\\AdminCore\\web-app\\src\\components\\PendingHolidays\\container.js","statementMap":{"0":{"start":{"line":7,"column":2},"end":{"line":81,"column":3}},"1":{"start":{"line":9,"column":6},"end":{"line":9,"column":19}},"2":{"start":{"line":10,"column":6},"end":{"line":10,"column":43}},"3":{"start":{"line":14,"column":6},"end":{"line":14,"column":32}},"4":{"start":{"line":18,"column":6},"end":{"line":22,"column":9}},"5":{"start":{"line":19,"column":28},"end":{"line":19,"column":41}},"6":{"start":{"line":20,"column":28},"end":{"line":20,"column":59}},"7":{"start":{"line":21,"column":8},"end":{"line":21,"column":56}},"8":{"start":{"line":26,"column":6},"end":{"line":28,"column":8}},"9":{"start":{"line":27,"column":19},"end":{"line":27,"column":68}},"10":{"start":{"line":32,"column":30},"end":{"line":32,"column":44}},"11":{"start":{"line":33,"column":6},"end":{"line":33,"column":63}},"12":{"start":{"line":35,"column":6},"end":{"line":48,"column":10}},"13":{"start":{"line":37,"column":31},"end":{"line":37,"column":74}},"14":{"start":{"line":38,"column":34},"end":{"line":38,"column":65}},"15":{"start":{"line":39,"column":10},"end":{"line":39,"column":50}},"16":{"start":{"line":40,"column":10},"end":{"line":40,"column":45}},"17":{"start":{"line":43,"column":10},"end":{"line":47,"column":12}},"18":{"start":{"line":52,"column":30},"end":{"line":52,"column":44}},"19":{"start":{"line":53,"column":6},"end":{"line":53,"column":63}},"20":{"start":{"line":55,"column":6},"end":{"line":68,"column":11}},"21":{"start":{"line":57,"column":31},"end":{"line":57,"column":74}},"22":{"start":{"line":58,"column":34},"end":{"line":58,"column":65}},"23":{"start":{"line":59,"column":10},"end":{"line":59,"column":50}},"24":{"start":{"line":60,"column":10},"end":{"line":60,"column":45}},"25":{"start":{"line":63,"column":10},"end":{"line":67,"column":13}},"26":{"start":{"line":72,"column":6},"end":{"line":79,"column":8}}},"fnMap":{"0":{"name":"(anonymous_0)","decl":{"start":{"line":6,"column":15},"end":{"line":6,"column":16}},"loc":{"start":{"line":7,"column":2},"end":{"line":81,"column":3}},"line":7},"1":{"name":"(anonymous_1)","decl":{"start":{"line":8,"column":4},"end":{"line":8,"column":5}},"loc":{"start":{"line":8,"column":23},"end":{"line":11,"column":5}},"line":8},"2":{"name":"(anonymous_2)","decl":{"start":{"line":13,"column":4},"end":{"line":13,"column":5}},"loc":{"start":{"line":13,"column":24},"end":{"line":15,"column":5}},"line":13},"3":{"name":"(anonymous_3)","decl":{"start":{"line":17,"column":25},"end":{"line":17,"column":26}},"loc":{"start":{"line":17,"column":31},"end":{"line":23,"column":5}},"line":17},"4":{"name":"(anonymous_4)","decl":{"start":{"line":18,"column":28},"end":{"line":18,"column":29}},"loc":{"start":{"line":18,"column":40},"end":{"line":22,"column":7}},"line":18},"5":{"name":"(anonymous_5)","decl":{"start":{"line":25,"column":20},"end":{"line":25,"column":21}},"loc":{"start":{"line":25,"column":32},"end":{"line":29,"column":5}},"line":25},"6":{"name":"(anonymous_6)","decl":{"start":{"line":27,"column":8},"end":{"line":27,"column":9}},"loc":{"start":{"line":27,"column":19},"end":{"line":27,"column":68}},"line":27},"7":{"name":"(anonymous_7)","decl":{"start":{"line":31,"column":21},"end":{"line":31,"column":22}},"loc":{"start":{"line":31,"column":32},"end":{"line":49,"column":5}},"line":31},"8":{"name":"(anonymous_8)","decl":{"start":{"line":36,"column":14},"end":{"line":36,"column":15}},"loc":{"start":{"line":36,"column":20},"end":{"line":41,"column":9}},"line":36},"9":{"name":"(anonymous_9)","decl":{"start":{"line":42,"column":15},"end":{"line":42,"column":16}},"loc":{"start":{"line":43,"column":10},"end":{"line":47,"column":12}},"line":43},"10":{"name":"(anonymous_10)","decl":{"start":{"line":51,"column":20},"end":{"line":51,"column":21}},"loc":{"start":{"line":51,"column":31},"end":{"line":69,"column":5}},"line":51},"11":{"name":"(anonymous_11)","decl":{"start":{"line":56,"column":14},"end":{"line":56,"column":15}},"loc":{"start":{"line":56,"column":20},"end":{"line":61,"column":9}},"line":56},"12":{"name":"(anonymous_12)","decl":{"start":{"line":62,"column":15},"end":{"line":62,"column":16}},"loc":{"start":{"line":62,"column":24},"end":{"line":68,"column":9}},"line":62},"13":{"name":"(anonymous_13)","decl":{"start":{"line":71,"column":4},"end":{"line":71,"column":5}},"loc":{"start":{"line":71,"column":13},"end":{"line":80,"column":5}},"line":71}},"branchMap":{},"s":{"0":5,"1":0,"2":0,"3":0,"4":0,"5":0,"6":0,"7":0,"8":0,"9":0,"10":0,"11":0,"12":0,"13":0,"14":0,"15":0,"16":0,"17":0,"18":0,"19":0,"20":0,"21":0,"22":0,"23":0,"24":0,"25":0,"26":0},"f":{"0":5,"1":0,"2":0,"3":0,"4":0,"5":0,"6":0,"7":0,"8":0,"9":0,"10":0,"11":0,"12":0,"13":0},"b":{},"_coverageSchema":"332fd63041d2c1bcb487cc26dd0d5f7d97098a6c","hash":"933d3c8d5002e4ff653c2b4d4f6acdbd7a595e0a"}
,"C:\\Users\\Fraser\\Documents\\workspace\\admin-tool\\AdminCore\\web-app\\src\\components\\PendingHolidays\\index.jsx": {"path":"C:\\Users\\Fraser\\Documents\\workspace\\admin-tool\\AdminCore\\web-app\\src\\components\\PendingHolidays\\index.jsx","statementMap":{"0":{"start":{"line":7,"column":31},"end":{"line":47,"column":1}},"1":{"start":{"line":12,"column":2},"end":{"line":46,"column":4}},"2":{"start":{"line":23,"column":42},"end":{"line":23,"column":58}},"3":{"start":{"line":24,"column":53},"end":{"line":24,"column":60}},"4":{"start":{"line":25,"column":12},"end":{"line":41,"column":14}},"5":{"start":{"line":33,"column":41},"end":{"line":33,"column":64}},"6":{"start":{"line":36,"column":41},"end":{"line":36,"column":63}},"7":{"start":{"line":49,"column":0},"end":{"line":53,"column":2}}},"fnMap":{"0":{"name":"(anonymous_0)","decl":{"start":{"line":7,"column":31},"end":{"line":7,"column":32}},"loc":{"start":{"line":11,"column":6},"end":{"line":47,"column":1}},"line":11},"1":{"name":"(anonymous_1)","decl":{"start":{"line":22,"column":31},"end":{"line":22,"column":32}},"loc":{"start":{"line":22,"column":42},"end":{"line":42,"column":11}},"line":22},"2":{"name":"(anonymous_2)","decl":{"start":{"line":33,"column":35},"end":{"line":33,"column":36}},"loc":{"start":{"line":33,"column":41},"end":{"line":33,"column":64}},"line":33},"3":{"name":"(anonymous_3)","decl":{"start":{"line":36,"column":35},"end":{"line":36,"column":36}},"loc":{"start":{"line":36,"column":41},"end":{"line":36,"column":63}},"line":36}},"branchMap":{},"s":{"0":5,"1":0,"2":0,"3":0,"4":0,"5":0,"6":0,"7":5},"f":{"0":0,"1":0,"2":0,"3":0},"b":{},"_coverageSchema":"332fd63041d2c1bcb487cc26dd0d5f7d97098a6c","hash":"ba5919f71e64cdfed98ccd2039e2b3e25dc8364e"}
,"C:\\Users\\Fraser\\Documents\\workspace\\admin-tool\\AdminCore\\web-app\\src\\components\\PersonalView\\container.js": {"path":"C:\\Users\\Fraser\\Documents\\workspace\\admin-tool\\AdminCore\\web-app\\src\\components\\PersonalView\\container.js","statementMap":{"0":{"start":{"line":17,"column":6},"end":{"line":17,"column":19}},"1":{"start":{"line":18,"column":6},"end":{"line":22,"column":8}},"2":{"start":{"line":26,"column":6},"end":{"line":26,"column":32}},"3":{"start":{"line":30,"column":6},"end":{"line":32,"column":7}},"4":{"start":{"line":31,"column":8},"end":{"line":31,"column":34}},"5":{"start":{"line":36,"column":31},"end":{"line":38,"column":7}},"6":{"start":{"line":39,"column":29},"end":{"line":39,"column":66}},"7":{"start":{"line":40,"column":6},"end":{"line":40,"column":50}},"8":{"start":{"line":44,"column":27},"end":{"line":44,"column":39}},"9":{"start":{"line":45,"column":6},"end":{"line":49,"column":9}},"10":{"start":{"line":46,"column":8},"end":{"line":48,"column":9}},"11":{"start":{"line":47,"column":10},"end":{"line":47,"column":62}},"12":{"start":{"line":50,"column":6},"end":{"line":50,"column":26}},"13":{"start":{"line":54,"column":6},"end":{"line":56,"column":8}},"14":{"start":{"line":55,"column":8},"end":{"line":55,"column":70}},"15":{"start":{"line":60,"column":6},"end":{"line":60,"column":64}},"16":{"start":{"line":65,"column":2},"end":{"line":65,"column":26}},"17":{"start":{"line":66,"column":2},"end":{"line":66,"column":31}},"18":{"start":{"line":68,"column":2},"end":{"line":68,"column":14}}},"fnMap":{"0":{"name":"(anonymous_0)","decl":{"start":{"line":7,"column":15},"end":{"line":7,"column":16}},"loc":{"start":{"line":7,"column":26},"end":{"line":69,"column":1}},"line":7},"1":{"name":"(anonymous_1)","decl":{"start":{"line":16,"column":4},"end":{"line":16,"column":5}},"loc":{"start":{"line":16,"column":23},"end":{"line":23,"column":5}},"line":16},"2":{"name":"(anonymous_2)","decl":{"start":{"line":25,"column":4},"end":{"line":25,"column":5}},"loc":{"start":{"line":25,"column":24},"end":{"line":27,"column":5}},"line":25},"3":{"name":"(anonymous_3)","decl":{"start":{"line":29,"column":4},"end":{"line":29,"column":5}},"loc":{"start":{"line":29,"column":34},"end":{"line":33,"column":5}},"line":29},"4":{"name":"(anonymous_4)","decl":{"start":{"line":35,"column":25},"end":{"line":35,"column":26}},"loc":{"start":{"line":35,"column":31},"end":{"line":41,"column":5}},"line":35},"5":{"name":"(anonymous_5)","decl":{"start":{"line":43,"column":21},"end":{"line":43,"column":22}},"loc":{"start":{"line":43,"column":31},"end":{"line":51,"column":5}},"line":43},"6":{"name":"(anonymous_6)","decl":{"start":{"line":45,"column":17},"end":{"line":45,"column":18}},"loc":{"start":{"line":45,"column":26},"end":{"line":49,"column":7}},"line":45},"7":{"name":"(anonymous_7)","decl":{"start":{"line":53,"column":35},"end":{"line":53,"column":36}},"loc":{"start":{"line":53,"column":47},"end":{"line":57,"column":5}},"line":53},"8":{"name":"(anonymous_8)","decl":{"start":{"line":54,"column":29},"end":{"line":54,"column":30}},"loc":{"start":{"line":55,"column":8},"end":{"line":55,"column":70}},"line":55},"9":{"name":"(anonymous_9)","decl":{"start":{"line":59,"column":4},"end":{"line":59,"column":5}},"loc":{"start":{"line":59,"column":13},"end":{"line":61,"column":5}},"line":59}},"branchMap":{"0":{"loc":{"start":{"line":30,"column":6},"end":{"line":32,"column":7}},"type":"if","locations":[{"start":{"line":30,"column":6},"end":{"line":32,"column":7}},{"start":{"line":30,"column":6},"end":{"line":32,"column":7}}],"line":30},"1":{"loc":{"start":{"line":46,"column":8},"end":{"line":48,"column":9}},"type":"if","locations":[{"start":{"line":46,"column":8},"end":{"line":48,"column":9}},{"start":{"line":46,"column":8},"end":{"line":48,"column":9}}],"line":46}},"s":{"0":0,"1":0,"2":0,"3":0,"4":0,"5":0,"6":0,"7":0,"8":0,"9":0,"10":0,"11":0,"12":0,"13":0,"14":0,"15":0,"16":5,"17":5,"18":5},"f":{"0":5,"1":0,"2":0,"3":0,"4":0,"5":0,"6":0,"7":0,"8":0,"9":0},"b":{"0":[0,0],"1":[0,0]},"_coverageSchema":"332fd63041d2c1bcb487cc26dd0d5f7d97098a6c","hash":"e6248ccc9b4643f7374f1d7701457291b5d1005d"}
,"C:\\Users\\Fraser\\Documents\\workspace\\admin-tool\\AdminCore\\web-app\\src\\components\\PersonalView\\index.jsx": {"path":"C:\\Users\\Fraser\\Documents\\workspace\\admin-tool\\AdminCore\\web-app\\src\\components\\PersonalView\\index.jsx","statementMap":{"0":{"start":{"line":8,"column":23},"end":{"line":22,"column":1}},"1":{"start":{"line":9,"column":2},"end":{"line":9,"column":29}},"2":{"start":{"line":9,"column":17},"end":{"line":9,"column":29}},"3":{"start":{"line":10,"column":2},"end":{"line":21,"column":4}},"4":{"start":{"line":11,"column":4},"end":{"line":20,"column":6}},"5":{"start":{"line":12,"column":6},"end":{"line":19,"column":11}},"6":{"start":{"line":24,"column":21},"end":{"line":57,"column":1}},"7":{"start":{"line":25,"column":2},"end":{"line":56,"column":4}},"8":{"start":{"line":59,"column":0},"end":{"line":64,"column":2}}},"fnMap":{"0":{"name":"(anonymous_0)","decl":{"start":{"line":8,"column":23},"end":{"line":8,"column":24}},"loc":{"start":{"line":8,"column":35},"end":{"line":22,"column":1}},"line":8},"1":{"name":"(anonymous_1)","decl":{"start":{"line":10,"column":22},"end":{"line":10,"column":23}},"loc":{"start":{"line":11,"column":4},"end":{"line":20,"column":6}},"line":11},"2":{"name":"(anonymous_2)","decl":{"start":{"line":11,"column":15},"end":{"line":11,"column":16}},"loc":{"start":{"line":12,"column":6},"end":{"line":19,"column":11}},"line":12},"3":{"name":"(anonymous_3)","decl":{"start":{"line":24,"column":21},"end":{"line":24,"column":22}},"loc":{"start":{"line":24,"column":30},"end":{"line":57,"column":1}},"line":24}},"branchMap":{"0":{"loc":{"start":{"line":9,"column":2},"end":{"line":9,"column":29}},"type":"if","locations":[{"start":{"line":9,"column":2},"end":{"line":9,"column":29}},{"start":{"line":9,"column":2},"end":{"line":9,"column":29}}],"line":9}},"s":{"0":5,"1":0,"2":0,"3":0,"4":0,"5":0,"6":5,"7":0,"8":5},"f":{"0":0,"1":0,"2":0,"3":0},"b":{"0":[0,0]},"_coverageSchema":"332fd63041d2c1bcb487cc26dd0d5f7d97098a6c","hash":"60fb1d9cec63f0f4f68fadc8191d68296bb1167a"}
,"C:\\Users\\Fraser\\Documents\\workspace\\admin-tool\\AdminCore\\web-app\\src\\components\\RequestHoliday\\container.js": {"path":"C:\\Users\\Fraser\\Documents\\workspace\\admin-tool\\AdminCore\\web-app\\src\\components\\RequestHoliday\\container.js","statementMap":{"0":{"start":{"line":7,"column":2},"end":{"line":116,"column":3}},"1":{"start":{"line":13,"column":6},"end":{"line":13,"column":19}},"2":{"start":{"line":14,"column":6},"end":{"line":18,"column":8}},"3":{"start":{"line":22,"column":25},"end":{"line":22,"column":53}},"4":{"start":{"line":24,"column":6},"end":{"line":24,"column":50}},"5":{"start":{"line":25,"column":6},"end":{"line":25,"column":36}},"6":{"start":{"line":26,"column":6},"end":{"line":28,"column":7}},"7":{"start":{"line":27,"column":8},"end":{"line":27,"column":49}},"8":{"start":{"line":32,"column":6},"end":{"line":32,"column":62}},"9":{"start":{"line":36,"column":27},"end":{"line":36,"column":32}},"10":{"start":{"line":37,"column":6},"end":{"line":39,"column":7}},"11":{"start":{"line":38,"column":8},"end":{"line":38,"column":68}},"12":{"start":{"line":40,"column":6},"end":{"line":40,"column":19}},"13":{"start":{"line":44,"column":6},"end":{"line":48,"column":7}},"14":{"start":{"line":45,"column":8},"end":{"line":45,"column":32}},"15":{"start":{"line":47,"column":8},"end":{"line":47,"column":35}},"16":{"start":{"line":52,"column":6},"end":{"line":52,"column":39}},"17":{"start":{"line":56,"column":6},"end":{"line":56,"column":43}},"18":{"start":{"line":57,"column":19},"end":{"line":57,"column":52}},"19":{"start":{"line":58,"column":20},"end":{"line":58,"column":30}},"20":{"start":{"line":60,"column":35},"end":{"line":64,"column":7}},"21":{"start":{"line":66,"column":33},"end":{"line":70,"column":7}},"22":{"start":{"line":72,"column":22},"end":{"line":94,"column":7}},"23":{"start":{"line":96,"column":6},"end":{"line":96,"column":30}},"24":{"start":{"line":101,"column":6},"end":{"line":101,"column":46}},"25":{"start":{"line":105,"column":6},"end":{"line":114,"column":8}}},"fnMap":{"0":{"name":"(anonymous_0)","decl":{"start":{"line":6,"column":15},"end":{"line":6,"column":16}},"loc":{"start":{"line":7,"column":2},"end":{"line":116,"column":3}},"line":7},"1":{"name":"(anonymous_1)","decl":{"start":{"line":12,"column":4},"end":{"line":12,"column":5}},"loc":{"start":{"line":12,"column":23},"end":{"line":19,"column":5}},"line":12},"2":{"name":"(anonymous_2)","decl":{"start":{"line":21,"column":23},"end":{"line":21,"column":24}},"loc":{"start":{"line":21,"column":32},"end":{"line":29,"column":5}},"line":21},"3":{"name":"(anonymous_3)","decl":{"start":{"line":31,"column":26},"end":{"line":31,"column":27}},"loc":{"start":{"line":31,"column":35},"end":{"line":33,"column":5}},"line":31},"4":{"name":"(anonymous_4)","decl":{"start":{"line":35,"column":23},"end":{"line":35,"column":24}},"loc":{"start":{"line":35,"column":32},"end":{"line":41,"column":5}},"line":35},"5":{"name":"(anonymous_5)","decl":{"start":{"line":43,"column":27},"end":{"line":43,"column":28}},"loc":{"start":{"line":43,"column":33},"end":{"line":49,"column":5}},"line":43},"6":{"name":"(anonymous_6)","decl":{"start":{"line":51,"column":17},"end":{"line":51,"column":18}},"loc":{"start":{"line":51,"column":39},"end":{"line":53,"column":5}},"line":51},"7":{"name":"(anonymous_7)","decl":{"start":{"line":55,"column":23},"end":{"line":55,"column":24}},"loc":{"start":{"line":55,"column":29},"end":{"line":97,"column":5}},"line":55},"8":{"name":"(anonymous_8)","decl":{"start":{"line":99,"column":26},"end":{"line":99,"column":27}},"loc":{"start":{"line":99,"column":32},"end":{"line":102,"column":5}},"line":99},"9":{"name":"(anonymous_9)","decl":{"start":{"line":104,"column":4},"end":{"line":104,"column":5}},"loc":{"start":{"line":104,"column":13},"end":{"line":115,"column":5}},"line":104}},"branchMap":{"0":{"loc":{"start":{"line":26,"column":6},"end":{"line":28,"column":7}},"type":"if","locations":[{"start":{"line":26,"column":6},"end":{"line":28,"column":7}},{"start":{"line":26,"column":6},"end":{"line":28,"column":7}}],"line":26},"1":{"loc":{"start":{"line":37,"column":6},"end":{"line":39,"column":7}},"type":"if","locations":[{"start":{"line":37,"column":6},"end":{"line":39,"column":7}},{"start":{"line":37,"column":6},"end":{"line":39,"column":7}}],"line":37},"2":{"loc":{"start":{"line":37,"column":10},"end":{"line":37,"column":20}},"type":"binary-expr","locations":[{"start":{"line":37,"column":10},"end":{"line":37,"column":14}},{"start":{"line":37,"column":18},"end":{"line":37,"column":20}}],"line":37},"3":{"loc":{"start":{"line":44,"column":6},"end":{"line":48,"column":7}},"type":"if","locations":[{"start":{"line":44,"column":6},"end":{"line":48,"column":7}},{"start":{"line":44,"column":6},"end":{"line":48,"column":7}}],"line":44}},"s":{"0":5,"1":0,"2":0,"3":0,"4":0,"5":0,"6":0,"7":0,"8":0,"9":0,"10":0,"11":0,"12":0,"13":0,"14":0,"15":0,"16":0,"17":0,"18":0,"19":0,"20":0,"21":0,"22":0,"23":0,"24":0,"25":0},"f":{"0":5,"1":0,"2":0,"3":0,"4":0,"5":0,"6":0,"7":0,"8":0,"9":0},"b":{"0":[0,0],"1":[0,0],"2":[0,0],"3":[0,0]},"_coverageSchema":"332fd63041d2c1bcb487cc26dd0d5f7d97098a6c","hash":"8498da8277d179629e995ad96f1b099e0494cf0c"}
,"C:\\Users\\Fraser\\Documents\\workspace\\admin-tool\\AdminCore\\web-app\\src\\components\\RequestHoliday\\index.jsx": {"path":"C:\\Users\\Fraser\\Documents\\workspace\\admin-tool\\AdminCore\\web-app\\src\\components\\RequestHoliday\\index.jsx","statementMap":{"0":{"start":{"line":7,"column":22},"end":{"line":22,"column":1}},"1":{"start":{"line":8,"column":2},"end":{"line":15,"column":3}},"2":{"start":{"line":9,"column":23},"end":{"line":9,"column":48}},"3":{"start":{"line":10,"column":21},"end":{"line":10,"column":44}},"4":{"start":{"line":12,"column":4},"end":{"line":14,"column":61}},"5":{"start":{"line":17,"column":2},"end":{"line":19,"column":3}},"6":{"start":{"line":18,"column":4},"end":{"line":18,"column":81}},"7":{"start":{"line":21,"column":2},"end":{"line":21,"column":47}},"8":{"start":{"line":24,"column":30},"end":{"line":53,"column":1}},"9":{"start":{"line":25,"column":23},"end":{"line":25,"column":46}},"10":{"start":{"line":26,"column":25},"end":{"line":26,"column":38}},"11":{"start":{"line":28,"column":2},"end":{"line":52,"column":4}},"12":{"start":{"line":35,"column":47},"end":{"line":35,"column":72}},"13":{"start":{"line":55,"column":0},"end":{"line":62,"column":2}}},"fnMap":{"0":{"name":"(anonymous_0)","decl":{"start":{"line":7,"column":22},"end":{"line":7,"column":23}},"loc":{"start":{"line":7,"column":48},"end":{"line":22,"column":1}},"line":7},"1":{"name":"(anonymous_1)","decl":{"start":{"line":24,"column":30},"end":{"line":24,"column":31}},"loc":{"start":{"line":24,"column":39},"end":{"line":53,"column":1}},"line":24},"2":{"name":"(anonymous_2)","decl":{"start":{"line":35,"column":38},"end":{"line":35,"column":39}},"loc":{"start":{"line":35,"column":47},"end":{"line":35,"column":72}},"line":35}},"branchMap":{"0":{"loc":{"start":{"line":8,"column":2},"end":{"line":15,"column":3}},"type":"if","locations":[{"start":{"line":8,"column":2},"end":{"line":15,"column":3}},{"start":{"line":8,"column":2},"end":{"line":15,"column":3}}],"line":8},"1":{"loc":{"start":{"line":8,"column":6},"end":{"line":8,"column":16}},"type":"binary-expr","locations":[{"start":{"line":8,"column":6},"end":{"line":8,"column":10}},{"start":{"line":8,"column":14},"end":{"line":8,"column":16}}],"line":8},"2":{"loc":{"start":{"line":12,"column":11},"end":{"line":14,"column":60}},"type":"cond-expr","locations":[{"start":{"line":13,"column":8},"end":{"line":13,"column":40}},{"start":{"line":14,"column":8},"end":{"line":14,"column":60}}],"line":12},"3":{"loc":{"start":{"line":17,"column":2},"end":{"line":19,"column":3}},"type":"if","locations":[{"start":{"line":17,"column":2},"end":{"line":19,"column":3}},{"start":{"line":17,"column":2},"end":{"line":19,"column":3}}],"line":17},"4":{"loc":{"start":{"line":26,"column":27},"end":{"line":26,"column":37}},"type":"binary-expr","locations":[{"start":{"line":26,"column":27},"end":{"line":26,"column":31}},{"start":{"line":26,"column":35},"end":{"line":26,"column":37}}],"line":26}},"s":{"0":5,"1":0,"2":0,"3":0,"4":0,"5":0,"6":0,"7":0,"8":5,"9":0,"10":0,"11":0,"12":0,"13":5},"f":{"0":0,"1":0,"2":0},"b":{"0":[0,0],"1":[0,0],"2":[0,0],"3":[0,0],"4":[0,0]},"_coverageSchema":"332fd63041d2c1bcb487cc26dd0d5f7d97098a6c","hash":"056d460eefacfef045d3215002a3652eea21db9f"}
,"C:\\Users\\Fraser\\Documents\\workspace\\admin-tool\\AdminCore\\web-app\\src\\components\\TakenLeave\\container.js": {"path":"C:\\Users\\Fraser\\Documents\\workspace\\admin-tool\\AdminCore\\web-app\\src\\components\\TakenLeave\\container.js","statementMap":{"0":{"start":{"line":8,"column":2},"end":{"line":47,"column":3}},"1":{"start":{"line":14,"column":6},"end":{"line":14,"column":19}},"2":{"start":{"line":15,"column":6},"end":{"line":17,"column":8}},"3":{"start":{"line":21,"column":6},"end":{"line":21,"column":35}},"4":{"start":{"line":22,"column":6},"end":{"line":35,"column":11}},"5":{"start":{"line":24,"column":31},"end":{"line":26,"column":12}},"6":{"start":{"line":25,"column":12},"end":{"line":25,"column":50}},"7":{"start":{"line":27,"column":10},"end":{"line":27,"column":57}},"8":{"start":{"line":30,"column":10},"end":{"line":34,"column":13}},"9":{"start":{"line":39,"column":6},"end":{"line":39,"column":47}},"10":{"start":{"line":43,"column":6},"end":{"line":45,"column":8}}},"fnMap":{"0":{"name":"(anonymous_0)","decl":{"start":{"line":7,"column":15},"end":{"line":7,"column":16}},"loc":{"start":{"line":8,"column":2},"end":{"line":47,"column":3}},"line":8},"1":{"name":"(anonymous_1)","decl":{"start":{"line":13,"column":4},"end":{"line":13,"column":5}},"loc":{"start":{"line":13,"column":23},"end":{"line":18,"column":5}},"line":13},"2":{"name":"(anonymous_2)","decl":{"start":{"line":20,"column":4},"end":{"line":20,"column":5}},"loc":{"start":{"line":20,"column":24},"end":{"line":36,"column":5}},"line":20},"3":{"name":"(anonymous_3)","decl":{"start":{"line":23,"column":14},"end":{"line":23,"column":15}},"loc":{"start":{"line":23,"column":26},"end":{"line":28,"column":9}},"line":23},"4":{"name":"(anonymous_4)","decl":{"start":{"line":24,"column":52},"end":{"line":24,"column":53}},"loc":{"start":{"line":24,"column":59},"end":{"line":26,"column":11}},"line":24},"5":{"name":"(anonymous_5)","decl":{"start":{"line":29,"column":15},"end":{"line":29,"column":16}},"loc":{"start":{"line":29,"column":24},"end":{"line":35,"column":9}},"line":29},"6":{"name":"(anonymous_6)","decl":{"start":{"line":38,"column":4},"end":{"line":38,"column":5}},"loc":{"start":{"line":38,"column":26},"end":{"line":40,"column":5}},"line":38},"7":{"name":"(anonymous_7)","decl":{"start":{"line":42,"column":4},"end":{"line":42,"column":5}},"loc":{"start":{"line":42,"column":13},"end":{"line":46,"column":5}},"line":42}},"branchMap":{},"s":{"0":5,"1":0,"2":0,"3":0,"4":0,"5":0,"6":0,"7":0,"8":0,"9":0,"10":0},"f":{"0":5,"1":0,"2":0,"3":0,"4":0,"5":0,"6":0,"7":0},"b":{},"_coverageSchema":"332fd63041d2c1bcb487cc26dd0d5f7d97098a6c","hash":"11fde0758b6862e8aa2dd7c42767428140d8810c"}
,"C:\\Users\\Fraser\\Documents\\workspace\\admin-tool\\AdminCore\\web-app\\src\\components\\TakenLeave\\index.jsx": {"path":"C:\\Users\\Fraser\\Documents\\workspace\\admin-tool\\AdminCore\\web-app\\src\\components\\TakenLeave\\index.jsx","statementMap":{"0":{"start":{"line":6,"column":26},"end":{"line":31,"column":1}},"1":{"start":{"line":8,"column":21},"end":{"line":15,"column":3}},"2":{"start":{"line":9,"column":24},"end":{"line":9,"column":38}},"3":{"start":{"line":10,"column":17},"end":{"line":10,"column":42}},"4":{"start":{"line":11,"column":18},"end":{"line":11,"column":71}},"5":{"start":{"line":12,"column":16},"end":{"line":12,"column":37}},"6":{"start":{"line":14,"column":4},"end":{"line":14,"column":42}},"7":{"start":{"line":17,"column":2},"end":{"line":29,"column":4}},"8":{"start":{"line":22,"column":12},"end":{"line":24,"column":20}},"9":{"start":{"line":33,"column":0},"end":{"line":35,"column":2}}},"fnMap":{"0":{"name":"(anonymous_0)","decl":{"start":{"line":6,"column":26},"end":{"line":6,"column":27}},"loc":{"start":{"line":6,"column":47},"end":{"line":31,"column":1}},"line":6},"1":{"name":"(anonymous_1)","decl":{"start":{"line":8,"column":21},"end":{"line":8,"column":22}},"loc":{"start":{"line":8,"column":31},"end":{"line":15,"column":3}},"line":8},"2":{"name":"(anonymous_2)","decl":{"start":{"line":21,"column":28},"end":{"line":21,"column":29}},"loc":{"start":{"line":21,"column":39},"end":{"line":25,"column":11}},"line":21}},"branchMap":{"0":{"loc":{"start":{"line":20,"column":8},"end":{"line":25,"column":60}},"type":"cond-expr","locations":[{"start":{"line":21,"column":10},"end":{"line":25,"column":12}},{"start":{"line":25,"column":15},"end":{"line":25,"column":60}}],"line":20}},"s":{"0":5,"1":0,"2":0,"3":0,"4":0,"5":0,"6":0,"7":0,"8":0,"9":5},"f":{"0":0,"1":0,"2":0},"b":{"0":[0,0]},"_coverageSchema":"332fd63041d2c1bcb487cc26dd0d5f7d97098a6c","hash":"70d6f502ef0f4dc0043a709966f535f8331be9e2"}
,"C:\\Users\\Fraser\\Documents\\workspace\\admin-tool\\AdminCore\\web-app\\src\\components\\TeamView\\index.js": {"path":"C:\\Users\\Fraser\\Documents\\workspace\\admin-tool\\AdminCore\\web-app\\src\\components\\TeamView\\index.js","statementMap":{"0":{"start":{"line":11,"column":19},"end":{"line":17,"column":7}},"1":{"start":{"line":12,"column":38},"end":{"line":12,"column":54}},"2":{"start":{"line":15,"column":10},"end":{"line":16,"column":66}},"3":{"start":{"line":19,"column":29},"end":{"line":29,"column":10}},"4":{"start":{"line":20,"column":23},"end":{"line":25,"column":9}},"5":{"start":{"line":26,"column":6},"end":{"line":26,"column":34}},"6":{"start":{"line":27,"column":6},"end":{"line":27,"column":48}},"7":{"start":{"line":28,"column":6},"end":{"line":28,"column":17}},"8":{"start":{"line":31,"column":4},"end":{"line":31,"column":28}},"9":{"start":{"line":35,"column":22},"end":{"line":35,"column":48}},"10":{"start":{"line":36,"column":4},"end":{"line":62,"column":7}},"11":{"start":{"line":37,"column":16},"end":{"line":37,"column":29}},"12":{"start":{"line":38,"column":6},"end":{"line":61,"column":8}},"13":{"start":{"line":49,"column":16},"end":{"line":56,"column":21}},"14":{"start":{"line":66,"column":4},"end":{"line":66,"column":54}},"15":{"start":{"line":70,"column":0},"end":{"line":70,"column":28}},"16":{"start":{"line":71,"column":0},"end":{"line":71,"column":33}},"17":{"start":{"line":73,"column":0},"end":{"line":76,"column":2}}},"fnMap":{"0":{"name":"(anonymous_0)","decl":{"start":{"line":10,"column":24},"end":{"line":10,"column":25}},"loc":{"start":{"line":10,"column":30},"end":{"line":32,"column":3}},"line":10},"1":{"name":"(anonymous_1)","decl":{"start":{"line":12,"column":33},"end":{"line":12,"column":34}},"loc":{"start":{"line":12,"column":38},"end":{"line":12,"column":54}},"line":12},"2":{"name":"(anonymous_2)","decl":{"start":{"line":14,"column":8},"end":{"line":14,"column":9}},"loc":{"start":{"line":15,"column":10},"end":{"line":16,"column":66}},"line":15},"3":{"name":"(anonymous_3)","decl":{"start":{"line":19,"column":43},"end":{"line":19,"column":44}},"loc":{"start":{"line":19,"column":59},"end":{"line":29,"column":5}},"line":19},"4":{"name":"(anonymous_4)","decl":{"start":{"line":34,"column":27},"end":{"line":34,"column":28}},"loc":{"start":{"line":34,"column":33},"end":{"line":63,"column":3}},"line":34},"5":{"name":"(anonymous_5)","decl":{"start":{"line":36,"column":38},"end":{"line":36,"column":39}},"loc":{"start":{"line":36,"column":44},"end":{"line":62,"column":5}},"line":36},"6":{"name":"(anonymous_6)","decl":{"start":{"line":48,"column":28},"end":{"line":48,"column":29}},"loc":{"start":{"line":49,"column":16},"end":{"line":56,"column":21}},"line":49},"7":{"name":"(anonymous_7)","decl":{"start":{"line":65,"column":2},"end":{"line":65,"column":3}},"loc":{"start":{"line":65,"column":11},"end":{"line":67,"column":3}},"line":65}},"branchMap":{"0":{"loc":{"start":{"line":15,"column":10},"end":{"line":16,"column":66}},"type":"binary-expr","locations":[{"start":{"line":15,"column":10},"end":{"line":15,"column":54}},{"start":{"line":16,"column":10},"end":{"line":16,"column":66}}],"line":15},"1":{"loc":{"start":{"line":20,"column":23},"end":{"line":25,"column":9}},"type":"cond-expr","locations":[{"start":{"line":21,"column":10},"end":{"line":21,"column":40}},{"start":{"line":22,"column":10},"end":{"line":25,"column":9}}],"line":20}},"s":{"0":0,"1":0,"2":0,"3":0,"4":0,"5":0,"6":0,"7":0,"8":0,"9":0,"10":0,"11":0,"12":0,"13":0,"14":0,"15":5,"16":5,"17":5},"f":{"0":0,"1":0,"2":0,"3":0,"4":0,"5":0,"6":0,"7":0},"b":{"0":[0,0],"1":[0,0]},"_coverageSchema":"332fd63041d2c1bcb487cc26dd0d5f7d97098a6c","hash":"dc05685473c504080623bf016eb2526ed376fce0"}
,"C:\\Users\\Fraser\\Documents\\workspace\\admin-tool\\AdminCore\\web-app\\src\\components\\UserDetails\\container.js": {"path":"C:\\Users\\Fraser\\Documents\\workspace\\admin-tool\\AdminCore\\web-app\\src\\components\\UserDetails\\container.js","statementMap":{"0":{"start":{"line":5,"column":2},"end":{"line":13,"column":3}},"1":{"start":{"line":11,"column":6},"end":{"line":11,"column":64}}},"fnMap":{"0":{"name":"(anonymous_0)","decl":{"start":{"line":4,"column":15},"end":{"line":4,"column":16}},"loc":{"start":{"line":5,"column":2},"end":{"line":13,"column":3}},"line":5},"1":{"name":"(anonymous_1)","decl":{"start":{"line":10,"column":4},"end":{"line":10,"column":5}},"loc":{"start":{"line":10,"column":13},"end":{"line":12,"column":5}},"line":10}},"branchMap":{},"s":{"0":5,"1":0},"f":{"0":5,"1":0},"b":{},"_coverageSchema":"332fd63041d2c1bcb487cc26dd0d5f7d97098a6c","hash":"f67129e9059b4c2510cced765bdd344659512eda"}
,"C:\\Users\\Fraser\\Documents\\workspace\\admin-tool\\AdminCore\\web-app\\src\\components\\UserDetails\\index.jsx": {"path":"C:\\Users\\Fraser\\Documents\\workspace\\admin-tool\\AdminCore\\web-app\\src\\components\\UserDetails\\index.jsx","statementMap":{"0":{"start":{"line":8,"column":21},"end":{"line":19,"column":1}},"1":{"start":{"line":9,"column":2},"end":{"line":18,"column":3}},"2":{"start":{"line":11,"column":6},"end":{"line":11,"column":29}},"3":{"start":{"line":13,"column":6},"end":{"line":13,"column":27}},"4":{"start":{"line":15,"column":6},"end":{"line":15,"column":24}},"5":{"start":{"line":17,"column":6},"end":{"line":17,"column":16}},"6":{"start":{"line":21,"column":27},"end":{"line":35,"column":1}},"7":{"start":{"line":24,"column":6},"end":{"line":24,"column":11}},"8":{"start":{"line":26,"column":2},"end":{"line":34,"column":4}},"9":{"start":{"line":37,"column":0},"end":{"line":39,"column":2}}},"fnMap":{"0":{"name":"(anonymous_0)","decl":{"start":{"line":8,"column":21},"end":{"line":8,"column":22}},"loc":{"start":{"line":8,"column":29},"end":{"line":19,"column":1}},"line":8},"1":{"name":"(anonymous_1)","decl":{"start":{"line":21,"column":27},"end":{"line":21,"column":28}},"loc":{"start":{"line":21,"column":36},"end":{"line":35,"column":1}},"line":21}},"branchMap":{"0":{"loc":{"start":{"line":9,"column":2},"end":{"line":18,"column":3}},"type":"switch","locations":[{"start":{"line":10,"column":4},"end":{"line":11,"column":29}},{"start":{"line":12,"column":4},"end":{"line":13,"column":27}},{"start":{"line":14,"column":4},"end":{"line":15,"column":24}},{"start":{"line":16,"column":4},"end":{"line":17,"column":16}}],"line":9}},"s":{"0":5,"1":0,"2":0,"3":0,"4":0,"5":0,"6":5,"7":0,"8":0,"9":5},"f":{"0":0,"1":0},"b":{"0":[0,0,0,0]},"_coverageSchema":"332fd63041d2c1bcb487cc26dd0d5f7d97098a6c","hash":"58f616b38adbe868edc29c10114a9e2e149e0ff5"}
,"C:\\Users\\Fraser\\Documents\\workspace\\admin-tool\\AdminCore\\web-app\\src\\components\\UserListing\\container.js": {"path":"C:\\Users\\Fraser\\Documents\\workspace\\admin-tool\\AdminCore\\web-app\\src\\components\\UserListing\\container.js","statementMap":{"0":{"start":{"line":8,"column":2},"end":{"line":63,"column":3}},"1":{"start":{"line":14,"column":6},"end":{"line":14,"column":19}},"2":{"start":{"line":15,"column":6},"end":{"line":15,"column":42}},"3":{"start":{"line":19,"column":6},"end":{"line":19,"column":48}},"4":{"start":{"line":23,"column":24},"end":{"line":23,"column":54}},"5":{"start":{"line":24,"column":20},"end":{"line":24,"column":41}},"6":{"start":{"line":26,"column":6},"end":{"line":28,"column":72}},"7":{"start":{"line":30,"column":6},"end":{"line":40,"column":10}},"8":{"start":{"line":32,"column":10},"end":{"line":32,"column":35}},"9":{"start":{"line":35,"column":10},"end":{"line":39,"column":12}},"10":{"start":{"line":44,"column":6},"end":{"line":44,"column":32}},"11":{"start":{"line":48,"column":6},"end":{"line":48,"column":41}},"12":{"start":{"line":53,"column":6},"end":{"line":61,"column":8}}},"fnMap":{"0":{"name":"(anonymous_0)","decl":{"start":{"line":7,"column":15},"end":{"line":7,"column":16}},"loc":{"start":{"line":8,"column":2},"end":{"line":63,"column":3}},"line":8},"1":{"name":"(anonymous_1)","decl":{"start":{"line":13,"column":4},"end":{"line":13,"column":5}},"loc":{"start":{"line":13,"column":23},"end":{"line":16,"column":5}},"line":13},"2":{"name":"(anonymous_2)","decl":{"start":{"line":18,"column":4},"end":{"line":18,"column":5}},"loc":{"start":{"line":18,"column":41},"end":{"line":20,"column":5}},"line":18},"3":{"name":"(anonymous_3)","decl":{"start":{"line":22,"column":18},"end":{"line":22,"column":19}},"loc":{"start":{"line":22,"column":36},"end":{"line":41,"column":5}},"line":22},"4":{"name":"(anonymous_4)","decl":{"start":{"line":31,"column":14},"end":{"line":31,"column":15}},"loc":{"start":{"line":31,"column":20},"end":{"line":33,"column":9}},"line":31},"5":{"name":"(anonymous_5)","decl":{"start":{"line":34,"column":15},"end":{"line":34,"column":16}},"loc":{"start":{"line":35,"column":10},"end":{"line":39,"column":12}},"line":35},"6":{"name":"(anonymous_6)","decl":{"start":{"line":43,"column":15},"end":{"line":43,"column":16}},"loc":{"start":{"line":43,"column":23},"end":{"line":45,"column":5}},"line":43},"7":{"name":"(anonymous_7)","decl":{"start":{"line":47,"column":19},"end":{"line":47,"column":20}},"loc":{"start":{"line":47,"column":27},"end":{"line":50,"column":5}},"line":47},"8":{"name":"(anonymous_8)","decl":{"start":{"line":52,"column":4},"end":{"line":52,"column":5}},"loc":{"start":{"line":52,"column":13},"end":{"line":62,"column":5}},"line":52}},"branchMap":{"0":{"loc":{"start":{"line":26,"column":6},"end":{"line":28,"column":71}},"type":"cond-expr","locations":[{"start":{"line":27,"column":11},"end":{"line":27,"column":68}},{"start":{"line":28,"column":11},"end":{"line":28,"column":70}}],"line":26}},"s":{"0":5,"1":0,"2":0,"3":0,"4":0,"5":0,"6":0,"7":0,"8":0,"9":0,"10":0,"11":0,"12":0},"f":{"0":5,"1":0,"2":0,"3":0,"4":0,"5":0,"6":0,"7":0,"8":0},"b":{"0":[0,0]},"_coverageSchema":"332fd63041d2c1bcb487cc26dd0d5f7d97098a6c","hash":"a7514977225d703312689e19434b11fc89301fab"}
,"C:\\Users\\Fraser\\Documents\\workspace\\admin-tool\\AdminCore\\web-app\\src\\components\\UserListing\\index.jsx": {"path":"C:\\Users\\Fraser\\Documents\\workspace\\admin-tool\\AdminCore\\web-app\\src\\components\\UserListing\\index.jsx","statementMap":{"0":{"start":{"line":7,"column":27},"end":{"line":43,"column":1}},"1":{"start":{"line":8,"column":2},"end":{"line":42,"column":4}},"2":{"start":{"line":16,"column":10},"end":{"line":38,"column":15}},"3":{"start":{"line":30,"column":37},"end":{"line":30,"column":47}},"4":{"start":{"line":31,"column":37},"end":{"line":31,"column":55}},"5":{"start":{"line":33,"column":39},"end":{"line":33,"column":52}},"6":{"start":{"line":35,"column":39},"end":{"line":35,"column":58}},"7":{"start":{"line":45,"column":0},"end":{"line":50,"column":2}}},"fnMap":{"0":{"name":"(anonymous_0)","decl":{"start":{"line":7,"column":27},"end":{"line":7,"column":28}},"loc":{"start":{"line":7,"column":71},"end":{"line":43,"column":1}},"line":7},"1":{"name":"(anonymous_1)","decl":{"start":{"line":15,"column":19},"end":{"line":15,"column":20}},"loc":{"start":{"line":16,"column":10},"end":{"line":38,"column":15}},"line":16},"2":{"name":"(anonymous_2)","decl":{"start":{"line":30,"column":31},"end":{"line":30,"column":32}},"loc":{"start":{"line":30,"column":37},"end":{"line":30,"column":47}},"line":30},"3":{"name":"(anonymous_3)","decl":{"start":{"line":31,"column":31},"end":{"line":31,"column":32}},"loc":{"start":{"line":31,"column":37},"end":{"line":31,"column":55}},"line":31},"4":{"name":"(anonymous_4)","decl":{"start":{"line":33,"column":33},"end":{"line":33,"column":34}},"loc":{"start":{"line":33,"column":39},"end":{"line":33,"column":52}},"line":33},"5":{"name":"(anonymous_5)","decl":{"start":{"line":35,"column":33},"end":{"line":35,"column":34}},"loc":{"start":{"line":35,"column":39},"end":{"line":35,"column":58}},"line":35}},"branchMap":{"0":{"loc":{"start":{"line":21,"column":15},"end":{"line":23,"column":28}},"type":"cond-expr","locations":[{"start":{"line":22,"column":18},"end":{"line":22,"column":26}},{"start":{"line":23,"column":18},"end":{"line":23,"column":28}}],"line":21},"1":{"loc":{"start":{"line":32,"column":15},"end":{"line":36,"column":15}},"type":"cond-expr","locations":[{"start":{"line":33,"column":16},"end":{"line":33,"column":70}},{"start":{"line":35,"column":16},"end":{"line":35,"column":77}}],"line":32}},"s":{"0":5,"1":0,"2":0,"3":0,"4":0,"5":0,"6":0,"7":5},"f":{"0":0,"1":0,"2":0,"3":0,"4":0,"5":0},"b":{"0":[0,0],"1":[0,0]},"_coverageSchema":"332fd63041d2c1bcb487cc26dd0d5f7d97098a6c","hash":"50e195909b0a489bf6ab111df8a5890cb6d7d797"}
,"C:\\Users\\Fraser\\Documents\\workspace\\admin-tool\\AdminCore\\web-app\\src\\components\\common\\index.js": {"path":"C:\\Users\\Fraser\\Documents\\workspace\\admin-tool\\AdminCore\\web-app\\src\\components\\common\\index.js","statementMap":{},"fnMap":{},"branchMap":{},"s":{},"f":{},"b":{},"_coverageSchema":"332fd63041d2c1bcb487cc26dd0d5f7d97098a6c","hash":"5e35b4fe6595073e54c8816c1c59c84745027414"}
,"C:\\Users\\Fraser\\Documents\\workspace\\admin-tool\\AdminCore\\web-app\\src\\components\\common\\Button\\index.js": {"path":"C:\\Users\\Fraser\\Documents\\workspace\\admin-tool\\AdminCore\\web-app\\src\\components\\common\\Button\\index.js","statementMap":{"0":{"start":{"line":5,"column":15},"end":{"line":7,"column":1}},"1":{"start":{"line":6,"column":2},"end":{"line":6,"column":57}},"2":{"start":{"line":9,"column":0},"end":{"line":12,"column":2}}},"fnMap":{"0":{"name":"(anonymous_0)","decl":{"start":{"line":5,"column":15},"end":{"line":5,"column":16}},"loc":{"start":{"line":5,"column":24},"end":{"line":7,"column":1}},"line":5}},"branchMap":{},"s":{"0":11,"1":2,"2":11},"f":{"0":2},"b":{},"_coverageSchema":"332fd63041d2c1bcb487cc26dd0d5f7d97098a6c","hash":"db72cc88b759233e8e1ad375f02b3c493df90079"}
,"C:\\Users\\Fraser\\Documents\\workspace\\admin-tool\\AdminCore\\web-app\\src\\components\\common\\Card\\index.js": {"path":"C:\\Users\\Fraser\\Documents\\workspace\\admin-tool\\AdminCore\\web-app\\src\\components\\common\\Card\\index.js","statementMap":{"0":{"start":{"line":5,"column":13},"end":{"line":9,"column":1}},"1":{"start":{"line":6,"column":2},"end":{"line":8,"column":18}},"2":{"start":{"line":11,"column":0},"end":{"line":13,"column":2}}},"fnMap":{"0":{"name":"(anonymous_0)","decl":{"start":{"line":5,"column":13},"end":{"line":5,"column":14}},"loc":{"start":{"line":6,"column":2},"end":{"line":8,"column":18}},"line":6}},"branchMap":{},"s":{"0":11,"1":1,"2":11},"f":{"0":1},"b":{},"_coverageSchema":"332fd63041d2c1bcb487cc26dd0d5f7d97098a6c","hash":"61a33b42c8a8fe64996baf305d186ff9e350ae93"}
,"C:\\Users\\Fraser\\Documents\\workspace\\admin-tool\\AdminCore\\web-app\\src\\components\\common\\Errorbox\\index.js": {"path":"C:\\Users\\Fraser\\Documents\\workspace\\admin-tool\\AdminCore\\web-app\\src\\components\\common\\Errorbox\\index.js","statementMap":{"0":{"start":{"line":5,"column":17},"end":{"line":13,"column":3}},"1":{"start":{"line":6,"column":2},"end":{"line":13,"column":3}},"2":{"start":{"line":15,"column":0},"end":{"line":18,"column":2}}},"fnMap":{"0":{"name":"(anonymous_0)","decl":{"start":{"line":5,"column":17},"end":{"line":5,"column":18}},"loc":{"start":{"line":6,"column":2},"end":{"line":13,"column":3}},"line":6}},"branchMap":{"0":{"loc":{"start":{"line":6,"column":2},"end":{"line":13,"column":3}},"type":"binary-expr","locations":[{"start":{"line":6,"column":2},"end":{"line":6,"column":13}},{"start":{"line":7,"column":4},"end":{"line":12,"column":21}}],"line":6},"1":{"loc":{"start":{"line":9,"column":17},"end":{"line":9,"column":52}},"type":"cond-expr","locations":[{"start":{"line":9,"column":31},"end":{"line":9,"column":42}},{"start":{"line":9,"column":45},"end":{"line":9,"column":52}}],"line":9}},"s":{"0":11,"1":2,"2":11},"f":{"0":2},"b":{"0":[2,2],"1":[1,1]},"_coverageSchema":"332fd63041d2c1bcb487cc26dd0d5f7d97098a6c","hash":"176cd2c04e10e862b3133c2a60bd932dbf052b35"}
,"C:\\Users\\Fraser\\Documents\\workspace\\admin-tool\\AdminCore\\web-app\\src\\components\\common\\Event\\index.js": {"path":"C:\\Users\\Fraser\\Documents\\workspace\\admin-tool\\AdminCore\\web-app\\src\\components\\common\\Event\\index.js","statementMap":{"0":{"start":{"line":6,"column":14},"end":{"line":11,"column":1}},"1":{"start":{"line":7,"column":2},"end":{"line":10,"column":14}},"2":{"start":{"line":13,"column":0},"end":{"line":16,"column":2}}},"fnMap":{"0":{"name":"(anonymous_0)","decl":{"start":{"line":6,"column":14},"end":{"line":6,"column":15}},"loc":{"start":{"line":7,"column":2},"end":{"line":10,"column":14}},"line":7}},"branchMap":{},"s":{"0":11,"1":0,"2":11},"f":{"0":0},"b":{},"_coverageSchema":"332fd63041d2c1bcb487cc26dd0d5f7d97098a6c","hash":"9ccfcc368611f4e38d8ef94292929c7c9fbfad18"}
,"C:\\Users\\Fraser\\Documents\\workspace\\admin-tool\\AdminCore\\web-app\\src\\components\\common\\Modal\\index.js": {"path":"C:\\Users\\Fraser\\Documents\\workspace\\admin-tool\\AdminCore\\web-app\\src\\components\\common\\Modal\\index.js","statementMap":{"0":{"start":{"line":5,"column":14},"end":{"line":11,"column":1}},"1":{"start":{"line":6,"column":2},"end":{"line":10,"column":14}},"2":{"start":{"line":13,"column":0},"end":{"line":15,"column":2}}},"fnMap":{"0":{"name":"(anonymous_0)","decl":{"start":{"line":5,"column":14},"end":{"line":5,"column":15}},"loc":{"start":{"line":6,"column":2},"end":{"line":10,"column":14}},"line":6}},"branchMap":{},"s":{"0":11,"1":1,"2":11},"f":{"0":1},"b":{},"_coverageSchema":"332fd63041d2c1bcb487cc26dd0d5f7d97098a6c","hash":"2540ff2df526e04d82321d0545422e5a6edb7038"}
,"C:\\Users\\Fraser\\Documents\\workspace\\admin-tool\\AdminCore\\web-app\\src\\components\\common\\RangeDayPicker\\index.js": {"path":"C:\\Users\\Fraser\\Documents\\workspace\\admin-tool\\AdminCore\\web-app\\src\\components\\common\\RangeDayPicker\\index.js","statementMap":{"0":{"start":{"line":11,"column":4},"end":{"line":11,"column":17}},"1":{"start":{"line":12,"column":4},"end":{"line":12,"column":40}},"2":{"start":{"line":16,"column":4},"end":{"line":20,"column":6}},"3":{"start":{"line":24,"column":25},"end":{"line":24,"column":35}},"4":{"start":{"line":25,"column":4},"end":{"line":27,"column":5}},"5":{"start":{"line":26,"column":6},"end":{"line":26,"column":44}},"6":{"start":{"line":31,"column":29},"end":{"line":31,"column":69}},"7":{"start":{"line":32,"column":28},"end":{"line":32,"column":38}},"8":{"start":{"line":33,"column":4},"end":{"line":33,"column":56}},"9":{"start":{"line":37,"column":25},"end":{"line":37,"column":35}},"10":{"start":{"line":38,"column":4},"end":{"line":41,"column":5}},"11":{"start":{"line":39,"column":6},"end":{"line":39,"column":30}},"12":{"start":{"line":40,"column":6},"end":{"line":40,"column":13}},"13":{"start":{"line":42,"column":4},"end":{"line":53,"column":5}},"14":{"start":{"line":43,"column":6},"end":{"line":47,"column":9}},"15":{"start":{"line":49,"column":6},"end":{"line":52,"column":9}},"16":{"start":{"line":57,"column":25},"end":{"line":57,"column":35}},"17":{"start":{"line":58,"column":4},"end":{"line":62,"column":5}},"18":{"start":{"line":59,"column":6},"end":{"line":61,"column":9}},"19":{"start":{"line":66,"column":4},"end":{"line":66,"column":42}},"20":{"start":{"line":70,"column":4},"end":{"line":73,"column":6}},"21":{"start":{"line":77,"column":32},"end":{"line":77,"column":42}},"22":{"start":{"line":78,"column":22},"end":{"line":78,"column":53}},"23":{"start":{"line":79,"column":25},"end":{"line":79,"column":66}},"24":{"start":{"line":80,"column":25},"end":{"line":80,"column":56}},"25":{"start":{"line":82,"column":4},"end":{"line":93,"column":6}}},"fnMap":{"0":{"name":"(anonymous_0)","decl":{"start":{"line":10,"column":2},"end":{"line":10,"column":3}},"loc":{"start":{"line":10,"column":21},"end":{"line":13,"column":3}},"line":10},"1":{"name":"(anonymous_1)","decl":{"start":{"line":15,"column":2},"end":{"line":15,"column":3}},"loc":{"start":{"line":15,"column":20},"end":{"line":21,"column":3}},"line":15},"2":{"name":"(anonymous_2)","decl":{"start":{"line":23,"column":2},"end":{"line":23,"column":3}},"loc":{"start":{"line":23,"column":43},"end":{"line":28,"column":3}},"line":23},"3":{"name":"(anonymous_3)","decl":{"start":{"line":30,"column":2},"end":{"line":30,"column":3}},"loc":{"start":{"line":30,"column":37},"end":{"line":34,"column":3}},"line":30},"4":{"name":"(anonymous_4)","decl":{"start":{"line":36,"column":19},"end":{"line":36,"column":20}},"loc":{"start":{"line":36,"column":26},"end":{"line":54,"column":3}},"line":36},"5":{"name":"(anonymous_5)","decl":{"start":{"line":56,"column":24},"end":{"line":56,"column":25}},"loc":{"start":{"line":56,"column":31},"end":{"line":63,"column":3}},"line":56},"6":{"name":"(anonymous_6)","decl":{"start":{"line":65,"column":21},"end":{"line":65,"column":22}},"loc":{"start":{"line":65,"column":27},"end":{"line":67,"column":3}},"line":65},"7":{"name":"(anonymous_7)","decl":{"start":{"line":69,"column":15},"end":{"line":69,"column":16}},"loc":{"start":{"line":69,"column":21},"end":{"line":74,"column":3}},"line":69},"8":{"name":"(anonymous_8)","decl":{"start":{"line":76,"column":2},"end":{"line":76,"column":3}},"loc":{"start":{"line":76,"column":11},"end":{"line":94,"column":3}},"line":76}},"branchMap":{"0":{"loc":{"start":{"line":25,"column":4},"end":{"line":27,"column":5}},"type":"if","locations":[{"start":{"line":25,"column":4},"end":{"line":27,"column":5}},{"start":{"line":25,"column":4},"end":{"line":27,"column":5}}],"line":25},"1":{"loc":{"start":{"line":25,"column":8},"end":{"line":25,"column":52}},"type":"binary-expr","locations":[{"start":{"line":25,"column":8},"end":{"line":25,"column":30}},{"start":{"line":25,"column":34},"end":{"line":25,"column":52}}],"line":25},"2":{"loc":{"start":{"line":31,"column":29},"end":{"line":31,"column":69}},"type":"binary-expr","locations":[{"start":{"line":31,"column":29},"end":{"line":31,"column":33}},{"start":{"line":31,"column":37},"end":{"line":31,"column":69}}],"line":31},"3":{"loc":{"start":{"line":32,"column":28},"end":{"line":32,"column":38}},"type":"binary-expr","locations":[{"start":{"line":32,"column":28},"end":{"line":32,"column":32}},{"start":{"line":32,"column":36},"end":{"line":32,"column":38}}],"line":32},"4":{"loc":{"start":{"line":33,"column":11},"end":{"line":33,"column":55}},"type":"binary-expr","locations":[{"start":{"line":33,"column":11},"end":{"line":33,"column":16}},{"start":{"line":33,"column":20},"end":{"line":33,"column":36}},{"start":{"line":33,"column":40},"end":{"line":33,"column":55}}],"line":33},"5":{"loc":{"start":{"line":38,"column":4},"end":{"line":41,"column":5}},"type":"if","locations":[{"start":{"line":38,"column":4},"end":{"line":41,"column":5}},{"start":{"line":38,"column":4},"end":{"line":41,"column":5}}],"line":38},"6":{"loc":{"start":{"line":38,"column":8},"end":{"line":38,"column":46}},"type":"binary-expr","locations":[{"start":{"line":38,"column":8},"end":{"line":38,"column":12}},{"start":{"line":38,"column":16},"end":{"line":38,"column":18}},{"start":{"line":38,"column":22},"end":{"line":38,"column":33}},{"start":{"line":38,"column":37},"end":{"line":38,"column":46}}],"line":38},"7":{"loc":{"start":{"line":42,"column":4},"end":{"line":53,"column":5}},"type":"if","locations":[{"start":{"line":42,"column":4},"end":{"line":53,"column":5}},{"start":{"line":42,"column":4},"end":{"line":53,"column":5}}],"line":42},"8":{"loc":{"start":{"line":58,"column":4},"end":{"line":62,"column":5}},"type":"if","locations":[{"start":{"line":58,"column":4},"end":{"line":62,"column":5}},{"start":{"line":58,"column":4},"end":{"line":62,"column":5}}],"line":58},"9":{"loc":{"start":{"line":79,"column":35},"end":{"line":79,"column":64}},"type":"binary-expr","locations":[{"start":{"line":79,"column":35},"end":{"line":79,"column":50}},{"start":{"line":79,"column":54},"end":{"line":79,"column":64}}],"line":79}},"s":{"0":0,"1":0,"2":0,"3":0,"4":0,"5":0,"6":0,"7":0,"8":0,"9":0,"10":0,"11":0,"12":0,"13":0,"14":0,"15":0,"16":0,"17":0,"18":0,"19":0,"20":0,"21":0,"22":0,"23":0,"24":0,"25":0},"f":{"0":0,"1":0,"2":0,"3":0,"4":0,"5":0,"6":0,"7":0,"8":0},"b":{"0":[0,0],"1":[0,0],"2":[0,0],"3":[0,0],"4":[0,0,0],"5":[0,0],"6":[0,0,0,0],"7":[0,0],"8":[0,0],"9":[0,0]},"_coverageSchema":"332fd63041d2c1bcb487cc26dd0d5f7d97098a6c","hash":"cd02894d4c4b09e14a9b6e56230bf95e3aba7e99"}
,"C:\\Users\\Fraser\\Documents\\workspace\\admin-tool\\AdminCore\\web-app\\src\\hoc\\index.js": {"path":"C:\\Users\\Fraser\\Documents\\workspace\\admin-tool\\AdminCore\\web-app\\src\\hoc\\index.js","statementMap":{},"fnMap":{},"branchMap":{},"s":{},"f":{},"b":{},"_coverageSchema":"332fd63041d2c1bcb487cc26dd0d5f7d97098a6c","hash":"63f09c024a737ab0aff7daccd685745e1c870a57"}
,"C:\\Users\\Fraser\\Documents\\workspace\\admin-tool\\AdminCore\\web-app\\src\\hoc\\withAuth.js": {"path":"C:\\Users\\Fraser\\Documents\\workspace\\admin-tool\\AdminCore\\web-app\\src\\hoc\\withAuth.js","statementMap":{"0":{"start":{"line":6,"column":17},"end":{"line":39,"column":1}},"1":{"start":{"line":7,"column":2},"end":{"line":38,"column":4}},"2":{"start":{"line":13,"column":6},"end":{"line":13,"column":14}},"3":{"start":{"line":14,"column":6},"end":{"line":16,"column":8}},"4":{"start":{"line":20,"column":6},"end":{"line":27,"column":7}},"5":{"start":{"line":21,"column":24},"end":{"line":21,"column":36}},"6":{"start":{"line":22,"column":8},"end":{"line":24,"column":11}},"7":{"start":{"line":26,"column":8},"end":{"line":26,"column":21}},"8":{"start":{"line":31,"column":6},"end":{"line":33,"column":7}},"9":{"start":{"line":32,"column":8},"end":{"line":32,"column":40}},"10":{"start":{"line":34,"column":6},"end":{"line":36,"column":7}},"11":{"start":{"line":35,"column":8},"end":{"line":35,"column":72}}},"fnMap":{"0":{"name":"(anonymous_0)","decl":{"start":{"line":6,"column":17},"end":{"line":6,"column":18}},"loc":{"start":{"line":6,"column":34},"end":{"line":39,"column":1}},"line":6},"1":{"name":"(anonymous_1)","decl":{"start":{"line":12,"column":4},"end":{"line":12,"column":5}},"loc":{"start":{"line":12,"column":18},"end":{"line":17,"column":5}},"line":12},"2":{"name":"(anonymous_2)","decl":{"start":{"line":19,"column":4},"end":{"line":19,"column":5}},"loc":{"start":{"line":19,"column":25},"end":{"line":28,"column":5}},"line":19},"3":{"name":"(anonymous_3)","decl":{"start":{"line":30,"column":4},"end":{"line":30,"column":5}},"loc":{"start":{"line":30,"column":13},"end":{"line":37,"column":5}},"line":30}},"branchMap":{"0":{"loc":{"start":{"line":31,"column":6},"end":{"line":33,"column":7}},"type":"if","locations":[{"start":{"line":31,"column":6},"end":{"line":33,"column":7}},{"start":{"line":31,"column":6},"end":{"line":33,"column":7}}],"line":31},"1":{"loc":{"start":{"line":34,"column":6},"end":{"line":36,"column":7}},"type":"if","locations":[{"start":{"line":34,"column":6},"end":{"line":36,"column":7}},{"start":{"line":34,"column":6},"end":{"line":36,"column":7}}],"line":34}},"s":{"0":1,"1":2,"2":0,"3":0,"4":0,"5":0,"6":0,"7":0,"8":0,"9":0,"10":0,"11":0},"f":{"0":2,"1":0,"2":0,"3":0},"b":{"0":[0,0],"1":[0,0]},"_coverageSchema":"332fd63041d2c1bcb487cc26dd0d5f7d97098a6c","hash":"38e2101ca2aaa9692f0518329043cebbe7a5f502"}
,"C:\\Users\\Fraser\\Documents\\workspace\\admin-tool\\AdminCore\\web-app\\src\\hoc\\Layout\\header.jsx": {"path":"C:\\Users\\Fraser\\Documents\\workspace\\admin-tool\\AdminCore\\web-app\\src\\hoc\\Layout\\header.jsx","statementMap":{"0":{"start":{"line":8,"column":15},"end":{"line":48,"column":1}},"1":{"start":{"line":9,"column":23},"end":{"line":22,"column":3}},"2":{"start":{"line":10,"column":4},"end":{"line":21,"column":7}},"3":{"start":{"line":17,"column":6},"end":{"line":20,"column":7}},"4":{"start":{"line":18,"column":8},"end":{"line":18,"column":21}},"5":{"start":{"line":19,"column":8},"end":{"line":19,"column":31}},"6":{"start":{"line":24,"column":19},"end":{"line":26,"column":3}},"7":{"start":{"line":25,"column":4},"end":{"line":25,"column":24}},"8":{"start":{"line":28,"column":2},"end":{"line":47,"column":4}},"9":{"start":{"line":31,"column":40},"end":{"line":31,"column":53}},"10":{"start":{"line":36,"column":39},"end":{"line":36,"column":52}},"11":{"start":{"line":38,"column":41},"end":{"line":38,"column":69}},"12":{"start":{"line":50,"column":0},"end":{"line":53,"column":2}}},"fnMap":{"0":{"name":"(anonymous_0)","decl":{"start":{"line":8,"column":15},"end":{"line":8,"column":16}},"loc":{"start":{"line":8,"column":45},"end":{"line":48,"column":1}},"line":8},"1":{"name":"(anonymous_1)","decl":{"start":{"line":9,"column":23},"end":{"line":9,"column":24}},"loc":{"start":{"line":9,"column":29},"end":{"line":22,"column":3}},"line":9},"2":{"name":"(anonymous_2)","decl":{"start":{"line":16,"column":12},"end":{"line":16,"column":13}},"loc":{"start":{"line":16,"column":23},"end":{"line":21,"column":5}},"line":16},"3":{"name":"(anonymous_3)","decl":{"start":{"line":24,"column":19},"end":{"line":24,"column":20}},"loc":{"start":{"line":24,"column":28},"end":{"line":26,"column":3}},"line":24},"4":{"name":"(anonymous_4)","decl":{"start":{"line":31,"column":34},"end":{"line":31,"column":35}},"loc":{"start":{"line":31,"column":40},"end":{"line":31,"column":53}},"line":31},"5":{"name":"(anonymous_5)","decl":{"start":{"line":36,"column":33},"end":{"line":36,"column":34}},"loc":{"start":{"line":36,"column":39},"end":{"line":36,"column":52}},"line":36},"6":{"name":"(anonymous_6)","decl":{"start":{"line":38,"column":35},"end":{"line":38,"column":36}},"loc":{"start":{"line":38,"column":41},"end":{"line":38,"column":69}},"line":38}},"branchMap":{"0":{"loc":{"start":{"line":17,"column":6},"end":{"line":20,"column":7}},"type":"if","locations":[{"start":{"line":17,"column":6},"end":{"line":20,"column":7}},{"start":{"line":17,"column":6},"end":{"line":20,"column":7}}],"line":17},"1":{"loc":{"start":{"line":34,"column":9},"end":{"line":44,"column":9}},"type":"binary-expr","locations":[{"start":{"line":34,"column":9},"end":{"line":34,"column":20}},{"start":{"line":35,"column":10},"end":{"line":43,"column":16}}],"line":34},"2":{"loc":{"start":{"line":37,"column":13},"end":{"line":41,"column":13}},"type":"binary-expr","locations":[{"start":{"line":37,"column":13},"end":{"line":37,"column":55}},{"start":{"line":38,"column":14},"end":{"line":40,"column":27}}],"line":37}},"s":{"0":1,"1":0,"2":0,"3":0,"4":0,"5":0,"6":0,"7":0,"8":0,"9":0,"10":0,"11":0,"12":1},"f":{"0":0,"1":0,"2":0,"3":0,"4":0,"5":0,"6":0},"b":{"0":[0,0],"1":[0,0],"2":[0,0]},"_coverageSchema":"332fd63041d2c1bcb487cc26dd0d5f7d97098a6c","hash":"a5f89e4287ca7e41f115d5688c4dee3834d2d30f"}
,"C:\\Users\\Fraser\\Documents\\workspace\\admin-tool\\AdminCore\\web-app\\src\\hoc\\Layout\\index.js": {"path":"C:\\Users\\Fraser\\Documents\\workspace\\admin-tool\\AdminCore\\web-app\\src\\hoc\\Layout\\index.js","statementMap":{"0":{"start":{"line":6,"column":15},"end":{"line":13,"column":1}},"1":{"start":{"line":7,"column":2},"end":{"line":12,"column":13}},"2":{"start":{"line":15,"column":0},"end":{"line":17,"column":2}}},"fnMap":{"0":{"name":"(anonymous_0)","decl":{"start":{"line":6,"column":15},"end":{"line":6,"column":16}},"loc":{"start":{"line":7,"column":2},"end":{"line":12,"column":13}},"line":7}},"branchMap":{},"s":{"0":1,"1":0,"2":1},"f":{"0":0},"b":{},"_coverageSchema":"332fd63041d2c1bcb487cc26dd0d5f7d97098a6c","hash":"0111fcb4e1e8c763b31690be355d3c8539932b1e"}
,"C:\\Users\\Fraser\\Documents\\workspace\\admin-tool\\AdminCore\\web-app\\src\\pages\\index.js": {"path":"C:\\Users\\Fraser\\Documents\\workspace\\admin-tool\\AdminCore\\web-app\\src\\pages\\index.js","statementMap":{},"fnMap":{},"branchMap":{},"s":{},"f":{},"b":{},"_coverageSchema":"332fd63041d2c1bcb487cc26dd0d5f7d97098a6c","hash":"7565d5251f3e845dcd3895821d934e25de6d791c"}
[...]
n":16},"end":{"line":133,"column":17}},"loc":{"start":{"line":133,"column":25},"end":{"line":144,"column":5}},"line":133},"16":{"name":"(anonymous_16)","decl":{"start":{"line":146,"column":20},"end":{"line":146,"column":21}},"loc":{"start":{"line":146,"column":25},"end":{"line":150,"column":5}},"line":146},"17":{"name":"(anonymous_17)","decl":{"start":{"line":152,"column":16},"end":{"line":152,"column":17}},"loc":{"start":{"line":152,"column":21},"end":{"line":156,"column":5}},"line":152},"18":{"name":"(anonymous_18)","decl":{"start":{"line":158,"column":27},"end":{"line":158,"column":28}},"loc":{"start":{"line":158,"column":33},"end":{"line":193,"column":5}},"line":158},"19":{"name":"(anonymous_19)","decl":{"start":{"line":189,"column":35},"end":{"line":189,"column":36}},"loc":{"start":{"line":189,"column":41},"end":{"line":192,"column":7}},"line":189},"20":{"name":"(anonymous_20)","decl":{"start":{"line":195,"column":20},"end":{"line":195,"column":21}},"loc":{"start":{"line":195,"column":32},"end":{"line":224,"column":5}},"line":195},"21":{"name":"(anonymous_21)","decl":{"start":{"line":220,"column":34},"end":{"line":220,"column":35}},"loc":{"start":{"line":220,"column":40},"end":{"line":223,"column":7}},"line":220},"22":{"name":"(anonymous_22)","decl":{"start":{"line":226,"column":4},"end":{"line":226,"column":5}},"loc":{"start":{"line":226,"column":13},"end":{"line":248,"column":5}},"line":226},"23":{"name":"(anonymous_23)","decl":{"start":{"line":240,"column":27},"end":{"line":240,"column":28}},"loc":{"start":{"line":240,"column":33},"end":{"line":240,"column":58}},"line":240},"24":{"name":"(anonymous_24)","decl":{"start":{"line":241,"column":27},"end":{"line":241,"column":28}},"loc":{"start":{"line":241,"column":33},"end":{"line":241,"column":57}},"line":241}},"branchMap":{"0":{"loc":{"start":{"line":78,"column":27},"end":{"line":78,"column":72}},"type":"cond-expr","locations":[{"start":{"line":78,"column":49},"end":{"line":78,"column":50}},{"start":{"line":78,"column":53},"end":{"line":78,"column":72}}],"line":78},"1":{"loc":{"start":{"line":123,"column":6},"end":{"line":125,"column":7}},"type":"if","locations":[{"start":{"line":123,"column":6},"end":{"line":125,"column":7}},{"start":{"line":123,"column":6},"end":{"line":125,"column":7}}],"line":123},"2":{"loc":{"start":{"line":127,"column":6},"end":{"line":129,"column":7}},"type":"if","locations":[{"start":{"line":127,"column":6},"end":{"line":129,"column":7}},{"start":{"line":127,"column":6},"end":{"line":129,"column":7}}],"line":127},"3":{"loc":{"start":{"line":136,"column":6},"end":{"line":138,"column":7}},"type":"if","locations":[{"start":{"line":136,"column":6},"end":{"line":138,"column":7}},{"start":{"line":136,"column":6},"end":{"line":138,"column":7}}],"line":136},"4":{"loc":{"start":{"line":140,"column":6},"end":{"line":142,"column":7}},"type":"if","locations":[{"start":{"line":140,"column":6},"end":{"line":142,"column":7}},{"start":{"line":140,"column":6},"end":{"line":142,"column":7}}],"line":140},"5":{"loc":{"start":{"line":203,"column":25},"end":{"line":203,"column":39}},"type":"cond-expr","locations":[{"start":{"line":203,"column":34},"end":{"line":203,"column":35}},{"start":{"line":203,"column":38},"end":{"line":203,"column":39}}],"line":203},"6":{"loc":{"start":{"line":228,"column":8},"end":{"line":246,"column":9}},"type":"binary-expr","locations":[{"start":{"line":228,"column":8},"end":{"line":228,"column":30}},{"start":{"line":229,"column":8},"end":{"line":229,"column":32}},{"start":{"line":230,"column":10},"end":{"line":245,"column":12}}],"line":228}},"s":{"0":1,"1":1,"2":0,"3":0,"4":0,"5":0,"6":0,"7":0,"8":0,"9":0,"10":0,"11":0,"12":0,"13":0,"14":0,"15":0,"16":0,"17":0,"18":0,"19":0,"20":0,"21":0,"22":0,"23":0,"24":0,"25":0,"26":0,"27":0,"28":0,"29":0,"30":0,"31":0,"32":0,"33":0,"34":0,"35":0,"36":0,"37":0,"38":0,"39":0,"40":0,"41":0,"42":0,"43":0,"44":0,"45":0,"46":0,"47":0,"48":0,"49":0,"50":0,"51":0,"52":0,"53":0,"54":0,"55":0,"56":0},"f":{"0":1,"1":0,"2":0,"3":0,"4":0,"5":0,"6":0,"7":0,"8":0,"9":0,"10":0,"11":0,"12":0,"13":0,"14":0,"15":0,"16":0,"17":0,"18":0,"19":0,"20":0,"21":0,"22":0,"23":0,"24":0},"b":{"0":[0,0],"1":[0,0],"2":[0,0],"3":[0,0],"4":[0,0],"5":[0,0],"6":[0,0,0]},"_coverageSchema":"332fd63041d2c1bcb487cc26dd0d5f7d97098a6c","hash":"c993b001e877a2be045580ed94b3c856f1147698"}
,"C:\\Users\\Fraser\\Documents\\workspace\\admin-tool\\AdminCore\\web-app\\src\\pages\\Dashboard\\index.jsx": {"path":"C:\\Users\\Fraser\\Documents\\workspace\\admin-tool\\AdminCore\\web-app\\src\\pages\\Dashboard\\index.jsx","statementMap":{"0":{"start":{"line":18,"column":0},"end":{"line":18,"column":23}},"1":{"start":{"line":19,"column":0},"end":{"line":19,"column":33}},"2":{"start":{"line":21,"column":25},"end":{"line":48,"column":1}},"3":{"start":{"line":22,"column":2},"end":{"line":47,"column":4}},"4":{"start":{"line":50,"column":0},"end":{"line":62,"column":2}},"5":{"start":{"line":64,"column":16},"end":{"line":67,"column":1}}},"fnMap":{"0":{"name":"(anonymous_0)","decl":{"start":{"line":21,"column":25},"end":{"line":21,"column":26}},"loc":{"start":{"line":21,"column":34},"end":{"line":48,"column":1}},"line":21}},"branchMap":{},"s":{"0":1,"1":1,"2":1,"3":0,"4":1,"5":1},"f":{"0":0},"b":{},"_coverageSchema":"332fd63041d2c1bcb487cc26dd0d5f7d97098a6c","hash":"e355b5e1147060fb2a0b47207be7a3824099ceba"}
,"C:\\Users\\Fraser\\Documents\\workspace\\admin-tool\\AdminCore\\web-app\\src\\pages\\Login\\container.js": {"path":"C:\\Users\\Fraser\\Documents\\workspace\\admin-tool\\AdminCore\\web-app\\src\\pages\\Login\\container.js","statementMap":{"0":{"start":{"line":8,"column":2},"end":{"line":46,"column":3}},"1":{"start":{"line":14,"column":6},"end":{"line":14,"column":56}},"2":{"start":{"line":14,"column":24},"end":{"line":14,"column":56}},"3":{"start":{"line":18,"column":6},"end":{"line":20,"column":9}},"4":{"start":{"line":24,"column":6},"end":{"line":24,"column":25}},"5":{"start":{"line":25,"column":6},"end":{"line":35,"column":11}},"6":{"start":{"line":27,"column":10},"end":{"line":27,"column":39}},"7":{"start":{"line":30,"column":10},"end":{"line":34,"column":13}},"8":{"start":{"line":39,"column":6},"end":{"line":44,"column":8}}},"fnMap":{"0":{"name":"(anonymous_0)","decl":{"start":{"line":7,"column":15},"end":{"line":7,"column":16}},"loc":{"start":{"line":8,"column":2},"end":{"line":46,"column":3}},"line":8},"1":{"name":"(anonymous_1)","decl":{"start":{"line":13,"column":4},"end":{"line":13,"column":5}},"loc":{"start":{"line":13,"column":25},"end":{"line":15,"column":5}},"line":13},"2":{"name":"(anonymous_2)","decl":{"start":{"line":17,"column":19},"end":{"line":17,"column":20}},"loc":{"start":{"line":17,"column":24},"end":{"line":21,"column":5}},"line":17},"3":{"name":"(anonymous_3)","decl":{"start":{"line":23,"column":19},"end":{"line":23,"column":20}},"loc":{"start":{"line":23,"column":24},"end":{"line":36,"column":5}},"line":23},"4":{"name":"(anonymous_4)","decl":{"start":{"line":26,"column":14},"end":{"line":26,"column":15}},"loc":{"start":{"line":26,"column":20},"end":{"line":28,"column":9}},"line":26},"5":{"name":"(anonymous_5)","decl":{"start":{"line":29,"column":15},"end":{"line":29,"column":16}},"loc":{"start":{"line":29,"column":24},"end":{"line":35,"column":9}},"line":29},"6":{"name":"(anonymous_6)","decl":{"start":{"line":38,"column":4},"end":{"line":38,"column":5}},"loc":{"start":{"line":38,"column":13},"end":{"line":45,"column":5}},"line":38}},"branchMap":{"0":{"loc":{"start":{"line":14,"column":6},"end":{"line":14,"column":56}},"type":"if","locations":[{"start":{"line":14,"column":6},"end":{"line":14,"column":56}},{"start":{"line":14,"column":6},"end":{"line":14,"column":56}}],"line":14}},"s":{"0":4,"1":2,"2":0,"3":1,"4":1,"5":1,"6":1,"7":0,"8":4},"f":{"0":4,"1":2,"2":1,"3":1,"4":1,"5":0,"6":4},"b":{"0":[0,2]},"_coverageSchema":"332fd63041d2c1bcb487cc26dd0d5f7d97098a6c","hash":"351eb6bdfba3c4fcb8d2ade17a672bdf80ed4cac"}
,"C:\\Users\\Fraser\\Documents\\workspace\\admin-tool\\AdminCore\\web-app\\src\\pages\\Login\\index.jsx": {"path":"C:\\Users\\Fraser\\Documents\\workspace\\admin-tool\\AdminCore\\web-app\\src\\pages\\Login\\index.jsx","statementMap":{"0":{"start":{"line":6,"column":21},"end":{"line":32,"column":1}},"1":{"start":{"line":8,"column":2},"end":{"line":31,"column":4}},"2":{"start":{"line":34,"column":0},"end":{"line":37,"column":2}}},"fnMap":{"0":{"name":"(anonymous_0)","decl":{"start":{"line":6,"column":21},"end":{"line":6,"column":22}},"loc":{"start":{"line":6,"column":32},"end":{"line":32,"column":1}},"line":6}},"branchMap":{},"s":{"0":2,"1":4,"2":2},"f":{"0":4},"b":{},"_coverageSchema":"332fd63041d2c1bcb487cc26dd0d5f7d97098a6c","hash":"996a121dbcec0ebb2cee72640b0de58c0e58adb2"}
,"C:\\Users\\Fraser\\Documents\\workspace\\admin-tool\\AdminCore\\web-app\\src\\services\\holidayService.js": {"path":"C:\\Users\\Fraser\\Documents\\workspace\\admin-tool\\AdminCore\\web-app\\src\\services\\holidayService.js","statementMap":{"0":{"start":{"line":3,"column":29},"end":{"line":5,"column":1}},"1":{"start":{"line":4,"column":2},"end":{"line":4,"column":53}},"2":{"start":{"line":7,"column":30},"end":{"line":9,"column":1}},"3":{"start":{"line":8,"column":2},"end":{"line":8,"column":33}},"4":{"start":{"line":11,"column":27},"end":{"line":13,"column":1}},"5":{"start":{"line":12,"column":2},"end":{"line":12,"column":63}},"6":{"start":{"line":15,"column":30},"end":{"line":19,"column":1}},"7":{"start":{"line":16,"column":2},"end":{"line":18,"column":56}},"8":{"start":{"line":21,"column":29},"end":{"line":23,"column":1}},"9":{"start":{"line":22,"column":2},"end":{"line":22,"column":42}},"10":{"start":{"line":25,"column":30},"end":{"line":27,"column":1}},"11":{"start":{"line":26,"column":2},"end":{"line":26,"column":58}}},"fnMap":{"0":{"name":"(anonymous_0)","decl":{"start":{"line":3,"column":29},"end":{"line":3,"column":30}},"loc":{"start":{"line":3,"column":42},"end":{"line":5,"column":1}},"line":3},"1":{"name":"(anonymous_1)","decl":{"start":{"line":7,"column":30},"end":{"line":7,"column":31}},"loc":{"start":{"line":7,"column":36},"end":{"line":9,"column":1}},"line":7},"2":{"name":"(anonymous_2)","decl":{"start":{"line":11,"column":27},"end":{"line":11,"column":28}},"loc":{"start":{"line":11,"column":41},"end":{"line":13,"column":1}},"line":11},"3":{"name":"(anonymous_3)","decl":{"start":{"line":15,"column":30},"end":{"line":15,"column":31}},"loc":{"start":{"line":15,"column":42},"end":{"line":19,"column":1}},"line":15},"4":{"name":"(anonymous_4)","decl":{"start":{"line":21,"column":29},"end":{"line":21,"column":30}},"loc":{"start":{"line":21,"column":40},"end":{"line":23,"column":1}},"line":21},"5":{"name":"(anonymous_5)","decl":{"start":{"line":25,"column":30},"end":{"line":25,"column":31}},"loc":{"start":{"line":25,"column":42},"end":{"line":27,"column":1}},"line":25}},"branchMap":{"0":{"loc":{"start":{"line":16,"column":9},"end":{"line":18,"column":55}},"type":"cond-expr","locations":[{"start":{"line":17,"column":6},"end":{"line":17,"column":43}},{"start":{"line":18,"column":6},"end":{"line":18,"column":55}}],"line":16}},"s":{"0":7,"1":1,"2":7,"3":0,"4":7,"5":1,"6":7,"7":1,"8":7,"9":1,"10":7,"11":1},"f":{"0":1,"1":0,"2":1,"3":1,"4":1,"5":1},"b":{"0":[1,0]},"_coverageSchema":"332fd63041d2c1bcb487cc26dd0d5f7d97098a6c","hash":"8ce68b530fc7184947bc4f25b9a7598ac7c31f97"}
,"C:\\Users\\Fraser\\Documents\\workspace\\admin-tool\\AdminCore\\web-app\\src\\services\\userService.js": {"path":"C:\\Users\\Fraser\\Documents\\workspace\\admin-tool\\AdminCore\\web-app\\src\\services\\userService.js","statementMap":{"0":{"start":{"line":4,"column":25},"end":{"line":13,"column":1}},"1":{"start":{"line":5,"column":2},"end":{"line":12,"column":7}},"2":{"start":{"line":8,"column":20},"end":{"line":8,"column":45}},"3":{"start":{"line":9,"column":21},"end":{"line":9,"column":34}},"4":{"start":{"line":10,"column":6},"end":{"line":10,"column":46}},"5":{"start":{"line":11,"column":6},"end":{"line":11,"column":52}},"6":{"start":{"line":15,"column":27},"end":{"line":17,"column":1}},"7":{"start":{"line":16,"column":2},"end":{"line":16,"column":34}},"8":{"start":{"line":19,"column":30},"end":{"line":21,"column":1}},"9":{"start":{"line":20,"column":2},"end":{"line":20,"column":39}},"10":{"start":{"line":23,"column":26},"end":{"line":25,"column":1}},"11":{"start":{"line":24,"column":2},"end":{"line":24,"column":54}},"12":{"start":{"line":27,"column":26},"end":{"line":29,"column":1}},"13":{"start":{"line":28,"column":2},"end":{"line":28,"column":39}}},"fnMap":{"0":{"name":"(anonymous_0)","decl":{"start":{"line":4,"column":25},"end":{"line":4,"column":26}},"loc":{"start":{"line":4,"column":46},"end":{"line":13,"column":1}},"line":4},"1":{"name":"(anonymous_1)","decl":{"start":{"line":7,"column":10},"end":{"line":7,"column":11}},"loc":{"start":{"line":7,"column":22},"end":{"line":12,"column":5}},"line":7},"2":{"name":"(anonymous_2)","decl":{"start":{"line":15,"column":27},"end":{"line":15,"column":28}},"loc":{"start":{"line":15,"column":33},"end":{"line":17,"column":1}},"line":15},"3":{"name":"(anonymous_3)","decl":{"start":{"line":19,"column":30},"end":{"line":19,"column":31}},"loc":{"start":{"line":19,"column":36},"end":{"line":21,"column":1}},"line":19},"4":{"name":"(anonymous_4)","decl":{"start":{"line":23,"column":26},"end":{"line":23,"column":27}},"loc":{"start":{"line":23,"column":34},"end":{"line":25,"column":1}},"line":23},"5":{"name":"(anonymous_5)","decl":{"start":{"line":27,"column":26},"end":{"line":27,"column":27}},"loc":{"start":{"line":27,"column":34},"end":{"line":29,"column":1}},"line":27}},"branchMap":{},"s":{"0":6,"1":0,"2":0,"3":0,"4":0,"5":0,"6":6,"7":1,"8":6,"9":1,"10":6,"11":0,"12":6,"13":0},"f":{"0":0,"1":0,"2":1,"3":1,"4":0,"5":0},"b":{},"_coverageSchema":"332fd63041d2c1bcb487cc26dd0d5f7d97098a6c","hash":"8ada7cb2cb107c982c1aa83da5f9816f26b45bc6"}
,"C:\\Users\\Fraser\\Documents\\workspace\\admin-tool\\AdminCore\\web-app\\src\\utilities\\AxiosInstance.js": {"path":"C:\\Users\\Fraser\\Documents\\workspace\\admin-tool\\AdminCore\\web-app\\src\\utilities\\AxiosInstance.js","statementMap":{"0":{"start":{"line":3,"column":16},"end":{"line":3,"column":34}},"1":{"start":{"line":5,"column":17},"end":{"line":7,"column":2}},"2":{"start":{"line":9,"column":0},"end":{"line":12,"column":3}},"3":{"start":{"line":10,"column":2},"end":{"line":10,"column":78}},"4":{"start":{"line":11,"column":2},"end":{"line":11,"column":16}}},"fnMap":{"0":{"name":"(anonymous_0)","decl":{"start":{"line":9,"column":34},"end":{"line":9,"column":35}},"loc":{"start":{"line":9,"column":51},"end":{"line":12,"column":1}},"line":9}},"branchMap":{},"s":{"0":11,"1":11,"2":11,"3":7,"4":7},"f":{"0":7},"b":{},"_coverageSchema":"332fd63041d2c1bcb487cc26dd0d5f7d97098a6c","hash":"eae5318bced6bea6741f7609c803679267ae390e"}
,"C:\\Users\\Fraser\\Documents\\workspace\\admin-tool\\AdminCore\\web-app\\src\\utilities\\calendarConfig.js": {"path":"C:\\Users\\Fraser\\Documents\\workspace\\admin-tool\\AdminCore\\web-app\\src\\utilities\\calendarConfig.js","statementMap":{"0":{"start":{"line":3,"column":28},"end":{"line":18,"column":1}},"1":{"start":{"line":4,"column":2},"end":{"line":17,"column":3}},"2":{"start":{"line":6,"column":6},"end":{"line":8,"column":18}},"3":{"start":{"line":11,"column":6},"end":{"line":13,"column":18}},"4":{"start":{"line":16,"column":6},"end":{"line":16,"column":18}},"5":{"start":{"line":20,"column":26},"end":{"line":20,"column":66}},"6":{"start":{"line":20,"column":34},"end":{"line":20,"column":66}}},"fnMap":{"0":{"name":"(anonymous_0)","decl":{"start":{"line":3,"column":28},"end":{"line":3,"column":29}},"loc":{"start":{"line":3,"column":46},"end":{"line":18,"column":1}},"line":3},"1":{"name":"(anonymous_1)","decl":{"start":{"line":20,"column":26},"end":{"line":20,"column":27}},"loc":{"start":{"line":20,"column":34},"end":{"line":20,"column":66}},"line":20}},"branchMap":{"0":{"loc":{"start":{"line":4,"column":2},"end":{"line":17,"column":3}},"type":"switch","locations":[{"start":{"line":5,"column":4},"end":{"line":8,"column":18}},{"start":{"line":10,"column":4},"end":{"line":13,"column":18}},{"start":{"line":15,"column":4},"end":{"line":16,"column":18}}],"line":4}},"s":{"0":5,"1":0,"2":0,"3":0,"4":0,"5":5,"6":0},"f":{"0":0,"1":0},"b":{"0":[0,0,0]},"_coverageSchema":"332fd63041d2c1bcb487cc26dd0d5f7d97098a6c","hash":"5bd2e0b6412995aaf64a6ed5245ba58cdcec05f3"}
,"C:\\Users\\Fraser\\Documents\\workspace\\admin-tool\\AdminCore\\web-app\\src\\utilities\\currentUser.js": {"path":"C:\\Users\\Fraser\\Documents\\workspace\\admin-tool\\AdminCore\\web-app\\src\\utilities\\currentUser.js","statementMap":{"0":{"start":{"line":3,"column":26},"end":{"line":5,"column":1}},"1":{"start":{"line":4,"column":2},"end":{"line":4,"column":50}},"2":{"start":{"line":7,"column":26},"end":{"line":9,"column":1}},"3":{"start":{"line":8,"column":2},"end":{"line":8,"column":65}},"4":{"start":{"line":11,"column":30},"end":{"line":18,"column":1}},"5":{"start":{"line":12,"column":2},"end":{"line":17,"column":3}},"6":{"start":{"line":13,"column":20},"end":{"line":13,"column":60}},"7":{"start":{"line":14,"column":4},"end":{"line":14,"column":43}},"8":{"start":{"line":16,"column":4},"end":{"line":16,"column":17}},"9":{"start":{"line":20,"column":26},"end":{"line":23,"column":1}},"10":{"start":{"line":21,"column":2},"end":{"line":21,"column":38}},"11":{"start":{"line":22,"column":2},"end":{"line":22,"column":37}}},"fnMap":{"0":{"name":"(anonymous_0)","decl":{"start":{"line":3,"column":26},"end":{"line":3,"column":27}},"loc":{"start":{"line":3,"column":32},"end":{"line":5,"column":1}},"line":3},"1":{"name":"(anonymous_1)","decl":{"start":{"line":7,"column":26},"end":{"line":7,"column":27}},"loc":{"start":{"line":7,"column":32},"end":{"line":9,"column":1}},"line":7},"2":{"name":"(anonymous_2)","decl":{"start":{"line":11,"column":30},"end":{"line":11,"column":31}},"loc":{"start":{"line":11,"column":36},"end":{"line":18,"column":1}},"line":11},"3":{"name":"(anonymous_3)","decl":{"start":{"line":20,"column":26},"end":{"line":20,"column":27}},"loc":{"start":{"line":20,"column":32},"end":{"line":23,"column":1}},"line":20}},"branchMap":{"0":{"loc":{"start":{"line":8,"column":9},"end":{"line":8,"column":64}},"type":"binary-expr","locations":[{"start":{"line":8,"column":9},"end":{"line":8,"column":43}},{"start":{"line":8,"column":47},"end":{"line":8,"column":64}}],"line":8}},"s":{"0":3,"1":1,"2":3,"3":5,"4":3,"5":4,"6":4,"7":2,"8":2,"9":3,"10":1,"11":1},"f":{"0":1,"1":5,"2":4,"3":1},"b":{"0":[5,2]},"_coverageSchema":"332fd63041d2c1bcb487cc26dd0d5f7d97098a6c","hash":"0b9551dca0a26c64d49592580129b5a153c78991"}
,"C:\\Users\\Fraser\\Documents\\workspace\\admin-tool\\AdminCore\\web-app\\src\\utilities\\employeeStatus.js": {"path":"C:\\Users\\Fraser\\Documents\\workspace\\admin-tool\\AdminCore\\web-app\\src\\utilities\\employeeStatus.js","statementMap":{},"fnMap":{},"branchMap":{},"s":{},"f":{},"b":{},"_coverageSchema":"332fd63041d2c1bcb487cc26dd0d5f7d97098a6c","hash":"b211f4adc419900112b8650bfcd7585acffe81be"}
,"C:\\Users\\Fraser\\Documents\\workspace\\admin-tool\\AdminCore\\web-app\\src\\utilities\\holidayStatus.js": {"path":"C:\\Users\\Fraser\\Documents\\workspace\\admin-tool\\AdminCore\\web-app\\src\\utilities\\holidayStatus.js","statementMap":{"0":{"start":{"line":17,"column":26},"end":{"line":23,"column":1}},"1":{"start":{"line":25,"column":27},"end":{"line":31,"column":1}}},"fnMap":{},"branchMap":{},"s":{"0":11,"1":11},"f":{},"b":{},"_coverageSchema":"332fd63041d2c1bcb487cc26dd0d5f7d97098a6c","hash":"e980382c6c22276f6897827c56e2447d2b6ad1de"}
,"C:\\Users\\Fraser\\Documents\\workspace\\admin-tool\\AdminCore\\web-app\\src\\utilities\\roles.js": {"path":"C:\\Users\\Fraser\\Documents\\workspace\\admin-tool\\AdminCore\\web-app\\src\\utilities\\roles.js","statementMap":{},"fnMap":{},"branchMap":{},"s":{},"f":{},"b":{},"_coverageSchema":"332fd63041d2c1bcb487cc26dd0d5f7d97098a6c","hash":"6bb9b1faf8bd8d1420f821b67090811d19d544d8"}
}
