TN:
SF:C:\Users\Fraser\Documents\workspace\admin-tool\AdminCore\web-app\src\App.jsx
FNF:0
FNH:0
DA:1,0
DA:2,0
DA:3,0
DA:4,0
DA:5,0
DA:9,0
LF:6
LH:0
BRF:0
BRH:0
end_of_record
TN:
SF:C:\Users\Fraser\Documents\workspace\admin-tool\AdminCore\web-app\src\index.js
FNF:0
FNH:0
DA:1,0
DA:2,0
DA:3,0
DA:4,0
DA:5,0
DA:6,0
DA:7,0
DA:9,0
LF:8
LH:0
BRF:0
BRH:0
end_of_record
TN:
SF:C:\Users\Fraser\Documents\workspace\admin-tool\AdminCore\web-app\src\components\index.js
FNF:0
FNH:0
LF:0
LH:0
BRF:0
BRH:0
end_of_record
TN:
SF:C:\Users\Fraser\Documents\workspace\admin-tool\AdminCore\web-app\src\components\AllHolidays\container.js
FN:4,(anonymous_0)
FN:6,(anonymous_1)
FN:11,(anonymous_2)
FN:15,(anonymous_3)
FN:16,(anonymous_4)
FN:22,(anonymous_5)
FNF:6
FNH:6
FNDA:7,(anonymous_0)
FNDA:1,(anonymous_1)
FNDA:1,(anonymous_2)
FNDA:1,(anonymous_3)
FNDA:1,(anonymous_4)
FNDA:2,(anonymous_5)
DA:5,7
DA:7,1
DA:8,1
DA:12,1
DA:16,1
DA:17,1
DA:18,1
DA:23,2
LF:8
LH:8
BRF:0
BRH:0
end_of_record
TN:
SF:C:\Users\Fraser\Documents\workspace\admin-tool\AdminCore\web-app\src\components\AllHolidays\index.jsx
FN:8,(anonymous_0)
FN:20,(anonymous_1)
FN:35,(anonymous_2)
FNF:3
FNH:2
FNDA:1,(anonymous_0)
FNDA:1,(anonymous_1)
FNDA:0,(anonymous_2)
DA:8,6
DA:9,1
DA:21,1
DA:22,1
DA:23,1
DA:46,6
LF:6
LH:6
BRF:0
BRH:0
end_of_record
TN:
SF:C:\Users\Fraser\Documents\workspace\admin-tool\AdminCore\web-app\src\components\BookedLeave\container.js
FN:7,(anonymous_0)
FN:13,(anonymous_1)
FN:20,(anonymous_2)
FN:22,(anonymous_3)
FN:23,(anonymous_4)
FN:28,(anonymous_5)
FN:37,(anonymous_6)
FN:46,(anonymous_7)
FN:57,(anonymous_8)
FN:64,(anonymous_9)
FN:77,(anonymous_10)
FN:78,(anonymous_11)
FN:83,(anonymous_12)
FN:92,(anonymous_13)
FN:96,(anonymous_14)
FNF:15
FNH:1
FNDA:6,(anonymous_0)
FNDA:0,(anonymous_1)
FNDA:0,(anonymous_2)
FNDA:0,(anonymous_3)
FNDA:0,(anonymous_4)
FNDA:0,(anonymous_5)
FNDA:0,(anonymous_6)
FNDA:0,(anonymous_7)
FNDA:0,(anonymous_8)
FNDA:0,(anonymous_9)
FNDA:0,(anonymous_10)
FNDA:0,(anonymous_11)
FNDA:0,(anonymous_12)
FNDA:0,(anonymous_13)
FNDA:0,(anonymous_14)
DA:8,6
DA:14,0
DA:15,0
DA:21,0
DA:23,0
DA:24,0
DA:26,0
DA:29,0
DA:38,0
DA:40,0
DA:41,0
DA:43,0
DA:47,0
DA:58,0
DA:59,0
DA:66,0
DA:67,0
DA:73,0
DA:76,0
DA:78,0
DA:79,0
DA:81,0
DA:84,0
DA:93,0
DA:97,0
LF:25
LH:1
BRDA:40,0,0,0
BRDA:40,0,1,0
BRDA:58,1,0,0
BRDA:58,1,1,0
BRDA:66,2,0,0
BRDA:66,2,1,0
BRF:6
BRH:0
end_of_record
TN:
SF:C:\Users\Fraser\Documents\workspace\admin-tool\AdminCore\web-app\src\components\BookedLeave\index.jsx
FN:6,(anonymous_0)
FN:7,(anonymous_1)
FN:19,(anonymous_2)
FN:20,(anonymous_3)
FNF:4
FNH:1
FNDA:1,(anonymous_0)
FNDA:0,(anonymous_1)
FNDA:0,(anonymous_2)
FNDA:0,(anonymous_3)
DA:6,6
DA:7,1
DA:8,0
DA:9,0
DA:10,0
DA:11,0
DA:13,0
DA:16,1
DA:20,0
DA:27,6
LF:10
LH:4
BRF:0
BRH:0
end_of_record
TN:
SF:C:\Users\Fraser\Documents\workspace\admin-tool\AdminCore\web-app\src\components\BookingModal\index.js
FN:6,(anonymous_0)
FN:20,(anonymous_1)
FN:30,(anonymous_2)
FNF:3
FNH:3
FNDA:9,(anonymous_0)
FNDA:9,(anonymous_1)
FNDA:9,(anonymous_2)
DA:6,5
DA:18,9
DA:20,9
DA:21,9
DA:30,9
DA:31,9
DA:32,7
DA:35,9
DA:66,5
LF:9
LH:9
BRDA:21,0,0,6
BRDA:21,0,1,3
BRDA:27,1,0,1
BRDA:27,1,1,2
BRDA:31,2,0,2
BRDA:31,2,1,7
BRDA:32,3,0,1
BRDA:32,3,1,6
BRDA:35,4,0,9
BRDA:35,4,1,9
BRDA:39,5,0,9
BRDA:39,5,1,6
BRDA:40,6,0,9
BRDA:40,6,1,6
BRF:14
BRH:14
end_of_record
TN:
SF:C:\Users\Fraser\Documents\workspace\admin-tool\AdminCore\web-app\src\components\CreateUser\container.js
FN:6,(anonymous_0)
FN:8,(anonymous_1)
FN:18,(anonymous_2)
FN:31,(anonymous_3)
FN:36,(anonymous_4)
FN:40,(anonymous_5)
FN:45,(anonymous_6)
FN:52,(anonymous_7)
FN:57,(anonymous_8)
FNF:9
FNH:9
FNDA:14,(anonymous_0)
FNDA:8,(anonymous_1)
FNDA:16,(anonymous_2)
FNDA:2,(anonymous_3)
FNDA:1,(anonymous_4)
FNDA:4,(anonymous_5)
FNDA:3,(anonymous_6)
FNDA:1,(anonymous_7)
FNDA:20,(anonymous_8)
DA:7,14
DA:9,8
DA:10,8
DA:19,16
DA:32,2
DA:33,2
DA:37,1
DA:41,4
DA:42,4
DA:43,4
DA:44,4
DA:46,3
DA:53,1
DA:58,20
LF:14
LH:14
BRF:0
BRH:0
end_of_record
TN:
SF:C:\Users\Fraser\Documents\workspace\admin-tool\AdminCore\web-app\src\components\CreateUser\index.jsx
FN:8,(anonymous_0)
FNF:1
FNH:1
FNDA:3,(anonymous_0)
DA:8,6
DA:17,3
DA:26,3
DA:28,3
DA:116,6
LF:5
LH:5
BRDA:110,0,0,3
BRDA:110,0,1,2
BRF:2
BRH:2
end_of_record
TN:
SF:C:\Users\Fraser\Documents\workspace\admin-tool\AdminCore\web-app\src\components\Legend\index.js
FN:9,(anonymous_0)
FNF:1
FNH:1
FNDA:1,(anonymous_0)
DA:10,1
DA:11,1
LF:2
LH:2
BRF:0
BRH:0
end_of_record
TN:
SF:C:\Users\Fraser\Documents\workspace\admin-tool\AdminCore\web-app\src\components\PendingHolidays\container.js
FN:6,(anonymous_0)
FN:8,(anonymous_1)
FN:13,(anonymous_2)
FN:17,(anonymous_3)
FN:18,(anonymous_4)
FN:25,(anonymous_5)
FN:27,(anonymous_6)
FN:31,(anonymous_7)
FN:36,(anonymous_8)
FN:42,(anonymous_9)
FN:51,(anonymous_10)
FN:56,(anonymous_11)
FN:62,(anonymous_12)
FN:71,(anonymous_13)
FNF:14
FNH:1
FNDA:5,(anonymous_0)
FNDA:0,(anonymous_1)
FNDA:0,(anonymous_2)
FNDA:0,(anonymous_3)
FNDA:0,(anonymous_4)
FNDA:0,(anonymous_5)
FNDA:0,(anonymous_6)
FNDA:0,(anonymous_7)
FNDA:0,(anonymous_8)
FNDA:0,(anonymous_9)
FNDA:0,(anonymous_10)
FNDA:0,(anonymous_11)
FNDA:0,(anonymous_12)
FNDA:0,(anonymous_13)
DA:7,5
DA:9,0
DA:10,0
DA:14,0
DA:18,0
DA:19,0
DA:20,0
DA:21,0
DA:26,0
DA:27,0
DA:32,0
DA:33,0
DA:35,0
DA:37,0
DA:38,0
DA:39,0
DA:40,0
DA:43,0
DA:52,0
DA:53,0
DA:55,0
DA:57,0
DA:58,0
DA:59,0
DA:60,0
DA:63,0
DA:72,0
LF:27
LH:1
BRF:0
BRH:0
end_of_record
TN:
SF:C:\Users\Fraser\Documents\workspace\admin-tool\AdminCore\web-app\src\components\PendingHolidays\index.jsx
FN:7,(anonymous_0)
FN:22,(anonymous_1)
FN:33,(anonymous_2)
FN:36,(anonymous_3)
FNF:4
FNH:0
FNDA:0,(anonymous_0)
FNDA:0,(anonymous_1)
FNDA:0,(anonymous_2)
FNDA:0,(anonymous_3)
DA:7,5
DA:12,0
DA:23,0
DA:24,0
DA:25,0
DA:33,0
DA:36,0
DA:49,5
LF:8
LH:2
BRF:0
BRH:0
end_of_record
TN:
SF:C:\Users\Fraser\Documents\workspace\admin-tool\AdminCore\web-app\src\components\PersonalView\container.js
FN:7,(anonymous_0)
FN:16,(anonymous_1)
FN:25,(anonymous_2)
FN:29,(anonymous_3)
FN:35,(anonymous_4)
FN:43,(anonymous_5)
FN:45,(anonymous_6)
FN:53,(anonymous_7)
FN:54,(anonymous_8)
FN:59,(anonymous_9)
FNF:10
FNH:1
FNDA:5,(anonymous_0)
FNDA:0,(anonymous_1)
FNDA:0,(anonymous_2)
FNDA:0,(anonymous_3)
FNDA:0,(anonymous_4)
FNDA:0,(anonymous_5)
FNDA:0,(anonymous_6)
FNDA:0,(anonymous_7)
FNDA:0,(anonymous_8)
FNDA:0,(anonymous_9)
DA:17,0
DA:18,0
DA:26,0
DA:30,0
DA:31,0
DA:36,0
DA:39,0
DA:40,0
DA:44,0
DA:45,0
DA:46,0
DA:47,0
DA:50,0
DA:54,0
DA:55,0
DA:60,0
DA:65,5
DA:66,5
DA:68,5
LF:19
LH:3
BRDA:30,0,0,0
BRDA:30,0,1,0
BRDA:46,1,0,0
BRDA:46,1,1,0
BRF:4
BRH:0
end_of_record
TN:
SF:C:\Users\Fraser\Documents\workspace\admin-tool\AdminCore\web-app\src\components\PersonalView\index.jsx
FN:8,(anonymous_0)
FN:10,(anonymous_1)
FN:11,(anonymous_2)
FN:24,(anonymous_3)
FNF:4
FNH:0
FNDA:0,(anonymous_0)
FNDA:0,(anonymous_1)
FNDA:0,(anonymous_2)
FNDA:0,(anonymous_3)
DA:8,5
DA:9,0
DA:10,0
DA:11,0
DA:12,0
DA:24,5
DA:25,0
DA:59,5
LF:8
LH:3
BRDA:9,0,0,0
BRDA:9,0,1,0
BRF:2
BRH:0
end_of_record
TN:
SF:C:\Users\Fraser\Documents\workspace\admin-tool\AdminCore\web-app\src\components\RequestHoliday\container.js
FN:6,(anonymous_0)
FN:12,(anonymous_1)
FN:21,(anonymous_2)
FN:31,(anonymous_3)
FN:35,(anonymous_4)
FN:43,(anonymous_5)
FN:51,(anonymous_6)
FN:55,(anonymous_7)
FN:99,(anonymous_8)
FN:104,(anonymous_9)
FNF:10
FNH:1
FNDA:5,(anonymous_0)
FNDA:0,(anonymous_1)
FNDA:0,(anonymous_2)
FNDA:0,(anonymous_3)
FNDA:0,(anonymous_4)
FNDA:0,(anonymous_5)
FNDA:0,(anonymous_6)
FNDA:0,(anonymous_7)
FNDA:0,(anonymous_8)
FNDA:0,(anonymous_9)
DA:7,5
DA:13,0
DA:14,0
DA:22,0
DA:24,0
DA:25,0
DA:26,0
DA:27,0
DA:32,0
DA:36,0
DA:37,0
DA:38,0
DA:40,0
DA:44,0
DA:45,0
DA:47,0
DA:52,0
DA:56,0
DA:57,0
DA:58,0
DA:60,0
DA:66,0
DA:72,0
DA:96,0
DA:101,0
DA:105,0
LF:26
LH:1
BRDA:26,0,0,0
BRDA:26,0,1,0
BRDA:37,1,0,0
BRDA:37,1,1,0
BRDA:37,2,0,0
BRDA:37,2,1,0
BRDA:44,3,0,0
BRDA:44,3,1,0
BRF:8
BRH:0
end_of_record
TN:
SF:C:\Users\Fraser\Documents\workspace\admin-tool\AdminCore\web-app\src\components\RequestHoliday\index.jsx
FN:7,(anonymous_0)
FN:24,(anonymous_1)
FN:35,(anonymous_2)
FNF:3
FNH:0
FNDA:0,(anonymous_0)
FNDA:0,(anonymous_1)
FNDA:0,(anonymous_2)
DA:7,5
DA:8,0
DA:9,0
DA:10,0
DA:12,0
DA:17,0
DA:18,0
DA:21,0
DA:24,5
DA:25,0
DA:26,0
DA:28,0
DA:35,0
DA:55,5
LF:14
LH:3
BRDA:8,0,0,0
BRDA:8,0,1,0
BRDA:8,1,0,0
BRDA:8,1,1,0
BRDA:12,2,0,0
BRDA:12,2,1,0
BRDA:17,3,0,0
BRDA:17,3,1,0
BRDA:26,4,0,0
BRDA:26,4,1,0
BRF:10
BRH:0
end_of_record
TN:
SF:C:\Users\Fraser\Documents\workspace\admin-tool\AdminCore\web-app\src\components\TakenLeave\container.js
FN:7,(anonymous_0)
FN:13,(anonymous_1)
FN:20,(anonymous_2)
FN:23,(anonymous_3)
FN:24,(anonymous_4)
FN:29,(anonymous_5)
FN:38,(anonymous_6)
FN:42,(anonymous_7)
FNF:8
FNH:1
FNDA:5,(anonymous_0)
FNDA:0,(anonymous_1)
FNDA:0,(anonymous_2)
FNDA:0,(anonymous_3)
FNDA:0,(anonymous_4)
FNDA:0,(anonymous_5)
FNDA:0,(anonymous_6)
FNDA:0,(anonymous_7)
DA:8,5
DA:14,0
DA:15,0
DA:21,0
DA:22,0
DA:24,0
DA:25,0
DA:27,0
DA:30,0
DA:39,0
DA:43,0
LF:11
LH:1
BRF:0
BRH:0
end_of_record
TN:
SF:C:\Users\Fraser\Documents\workspace\admin-tool\AdminCore\web-app\src\components\TakenLeave\index.jsx
FN:6,(anonymous_0)
FN:8,(anonymous_1)
FN:21,(anonymous_2)
FNF:3
FNH:0
FNDA:0,(anonymous_0)
FNDA:0,(anonymous_1)
FNDA:0,(anonymous_2)
DA:6,5
DA:8,0
DA:9,0
DA:10,0
DA:11,0
DA:12,0
DA:14,0
DA:17,0
DA:22,0
DA:33,5
LF:10
LH:2
BRDA:20,0,0,0
BRDA:20,0,1,0
BRF:2
BRH:0
end_of_record
TN:
SF:C:\Users\Fraser\Documents\workspace\admin-tool\AdminCore\web-app\src\components\TeamView\index.js
FN:10,(anonymous_0)
FN:12,(anonymous_1)
FN:14,(anonymous_2)
FN:19,(anonymous_3)
FN:34,(anonymous_4)
FN:36,(anonymous_5)
FN:48,(anonymous_6)
FN:65,(anonymous_7)
FNF:8
FNH:0
FNDA:0,(anonymous_0)
FNDA:0,(anonymous_1)
FNDA:0,(anonymous_2)
FNDA:0,(anonymous_3)
FNDA:0,(anonymous_4)
FNDA:0,(anonymous_5)
FNDA:0,(anonymous_6)
FNDA:0,(anonymous_7)
DA:11,0
DA:12,0
DA:15,0
DA:19,0
DA:20,0
DA:26,0
DA:27,0
DA:28,0
DA:31,0
DA:35,0
DA:36,0
DA:37,0
DA:38,0
DA:49,0
DA:66,0
DA:70,5
DA:71,5
DA:73,5
LF:18
LH:3
BRDA:15,0,0,0
BRDA:15,0,1,0
BRDA:20,1,0,0
BRDA:20,1,1,0
BRF:4
BRH:0
end_of_record
TN:
SF:C:\Users\Fraser\Documents\workspace\admin-tool\AdminCore\web-app\src\components\UserDetails\container.js
FN:4,(anonymous_0)
FN:10,(anonymous_1)
FNF:2
FNH:1
FNDA:5,(anonymous_0)
FNDA:0,(anonymous_1)
DA:5,5
DA:11,0
LF:2
LH:1
BRF:0
BRH:0
end_of_record
TN:
SF:C:\Users\Fraser\Documents\workspace\admin-tool\AdminCore\web-app\src\components\UserDetails\index.jsx
FN:8,(anonymous_0)
FN:21,(anonymous_1)
FNF:2
FNH:0
FNDA:0,(anonymous_0)
FNDA:0,(anonymous_1)
DA:8,5
DA:9,0
DA:11,0
DA:13,0
DA:15,0
DA:17,0
DA:21,5
DA:24,0
DA:26,0
DA:37,5
LF:10
LH:3
BRDA:9,0,0,0
BRDA:9,0,1,0
BRDA:9,0,2,0
BRDA:9,0,3,0
BRF:4
BRH:0
end_of_record
TN:
SF:C:\Users\Fraser\Documents\workspace\admin-tool\AdminCore\web-app\src\components\UserListing\container.js
FN:7,(anonymous_0)
FN:13,(anonymous_1)
FN:18,(anonymous_2)
FN:22,(anonymous_3)
FN:31,(anonymous_4)
FN:34,(anonymous_5)
FN:43,(anonymous_6)
FN:47,(anonymous_7)
FN:52,(anonymous_8)
FNF:9
FNH:1
FNDA:5,(anonymous_0)
FNDA:0,(anonymous_1)
FNDA:0,(anonymous_2)
FNDA:0,(anonymous_3)
FNDA:0,(anonymous_4)
FNDA:0,(anonymous_5)
FNDA:0,(anonymous_6)
FNDA:0,(anonymous_7)
FNDA:0,(anonymous_8)
DA:8,5
DA:14,0
DA:15,0
DA:19,0
DA:23,0
DA:24,0
DA:26,0
DA:30,0
DA:32,0
DA:35,0
DA:44,0
DA:48,0
DA:53,0
LF:13
LH:1
BRDA:26,0,0,0
BRDA:26,0,1,0
BRF:2
BRH:0
end_of_record
TN:
SF:C:\Users\Fraser\Documents\workspace\admin-tool\AdminCore\web-app\src\components\UserListing\index.jsx
FN:7,(anonymous_0)
FN:15,(anonymous_1)
FN:30,(anonymous_2)
FN:31,(anonymous_3)
FN:33,(anonymous_4)
FN:35,(anonymous_5)
FNF:6
FNH:0
FNDA:0,(anonymous_0)
FNDA:0,(anonymous_1)
FNDA:0,(anonymous_2)
FNDA:0,(anonymous_3)
FNDA:0,(anonymous_4)
FNDA:0,(anonymous_5)
DA:7,5
DA:8,0
DA:16,0
DA:30,0
DA:31,0
DA:33,0
DA:35,0
DA:45,5
LF:8
LH:2
BRDA:21,0,0,0
BRDA:21,0,1,0
BRDA:32,1,0,0
BRDA:32,1,1,0
BRF:4
BRH:0
end_of_record
TN:
SF:C:\Users\Fraser\Documents\workspace\admin-tool\AdminCore\web-app\src\components\common\index.js
FNF:0
FNH:0
LF:0
LH:0
BRF:0
BRH:0
end_of_record
TN:
SF:C:\Users\Fraser\Documents\workspace\admin-tool\AdminCore\web-app\src\components\common\Button\index.js
FN:5,(anonymous_0)
FNF:1
FNH:1
FNDA:2,(anonymous_0)
DA:5,11
DA:6,2
DA:9,11
LF:3
LH:3
BRF:0
BRH:0
end_of_record
TN:
SF:C:\Users\Fraser\Documents\workspace\admin-tool\AdminCore\web-app\src\components\common\Card\index.js
FN:5,(anonymous_0)
FNF:1
FNH:1
FNDA:1,(anonymous_0)
DA:5,11
DA:6,1
DA:11,11
LF:3
LH:3
BRF:0
BRH:0
end_of_record
TN:
SF:C:\Users\Fraser\Documents\workspace\admin-tool\AdminCore\web-app\src\components\common\Errorbox\index.js
FN:5,(anonymous_0)
FNF:1
FNH:1
FNDA:2,(anonymous_0)
DA:5,11
DA:6,2
DA:15,11
LF:3
LH:3
BRDA:6,0,0,2
BRDA:6,0,1,2
BRDA:9,1,0,1
BRDA:9,1,1,1
BRF:4
BRH:4
end_of_record
TN:
SF:C:\Users\Fraser\Documents\workspace\admin-tool\AdminCore\web-app\src\components\common\Event\index.js
FN:6,(anonymous_0)
FNF:1
FNH:0
FNDA:0,(anonymous_0)
DA:6,11
DA:7,0
DA:13,11
LF:3
LH:2
BRF:0
BRH:0
end_of_record
TN:
SF:C:\Users\Fraser\Documents\workspace\admin-tool\AdminCore\web-app\src\components\common\Modal\index.js
FN:5,(anonymous_0)
FNF:1
FNH:1
FNDA:1,(anonymous_0)
DA:5,11
DA:6,1
DA:13,11
LF:3
LH:3
BRF:0
BRH:0
end_of_record
TN:
SF:C:\Users\Fraser\Documents\workspace\admin-tool\AdminCore\web-app\src\components\common\RangeDayPicker\index.js
FN:10,(anonymous_0)
FN:15,(anonymous_1)
FN:23,(anonymous_2)
FN:30,(anonymous_3)
FN:36,(anonymous_4)
FN:56,(anonymous_5)
FN:65,(anonymous_6)
FN:69,(anonymous_7)
FN:76,(anonymous_8)
FNF:9
FNH:0
FNDA:0,(anonymous_0)
FNDA:0,(anonymous_1)
FNDA:0,(anonymous_2)
FNDA:0,(anonymous_3)
FNDA:0,(anonymous_4)
FNDA:0,(anonymous_5)
FNDA:0,(anonymous_6)
FNDA:0,(anonymous_7)
FNDA:0,(anonymous_8)
DA:11,0
DA:12,0
DA:16,0
DA:24,0
DA:25,0
DA:26,0
DA:31,0
DA:32,0
DA:33,0
DA:37,0
DA:38,0
DA:39,0
DA:40,0
DA:42,0
DA:43,0
DA:49,0
DA:57,0
DA:58,0
DA:59,0
DA:66,0
DA:70,0
DA:77,0
DA:78,0
DA:79,0
DA:80,0
DA:82,0
LF:26
LH:0
BRDA:25,0,0,0
BRDA:25,0,1,0
BRDA:25,1,0,0
BRDA:25,1,1,0
BRDA:31,2,0,0
BRDA:31,2,1,0
BRDA:32,3,0,0
BRDA:32,3,1,0
BRDA:33,4,0,0
BRDA:33,4,1,0
BRDA:33,4,2,0
BRDA:38,5,0,0
BRDA:38,5,1,0
BRDA:38,6,0,0
BRDA:38,6,1,0
BRDA:38,6,2,0
BRDA:38,6,3,0
BRDA:42,7,0,0
BRDA:42,7,1,0
BRDA:58,8,0,0
BRDA:58,8,1,0
BRDA:79,9,0,0
BRDA:79,9,1,0
BRF:23
BRH:0
end_of_record
TN:
SF:C:\Users\Fraser\Documents\workspace\admin-tool\AdminCore\web-app\src\hoc\index.js
FNF:0
FNH:0
LF:0
LH:0
BRF:0
BRH:0
end_of_record
TN:
SF:C:\Users\Fraser\Documents\workspace\admin-tool\AdminCore\web-app\src\hoc\withAuth.js
FN:6,(anonymous_0)
FN:12,(anonymous_1)
FN:19,(anonymous_2)
FN:30,(anonymous_3)
FNF:4
FNH:1
FNDA:2,(anonymous_0)
FNDA:0,(anonymous_1)
FNDA:0,(anonymous_2)
FNDA:0,(anonymous_3)
DA:6,1
DA:7,2
DA:13,0
DA:14,0
DA:20,0
DA:21,0
DA:22,0
DA:26,0
DA:31,0
DA:32,0
DA:34,0
DA:35,0
LF:12
LH:2
BRDA:31,0,0,0
BRDA:31,0,1,0
BRDA:34,1,0,0
BRDA:34,1,1,0
BRF:4
BRH:0
end_of_record
TN:
SF:C:\Users\Fraser\Documents\workspace\admin-tool\AdminCore\web-app\src\hoc\Layout\header.jsx
FN:8,(anonymous_0)
FN:9,(anonymous_1)
FN:16,(anonymous_2)
FN:24,(anonymous_3)
FN:31,(anonymous_4)
FN:36,(anonymous_5)
FN:38,(anonymous_6)
FNF:7
FNH:0
FNDA:0,(anonymous_0)
FNDA:0,(anonymous_1)
FNDA:0,(anonymous_2)
FNDA:0,(anonymous_3)
FNDA:0,(anonymous_4)
FNDA:0,(anonymous_5)
FNDA:0,(anonymous_6)
DA:8,1
DA:9,0
DA:10,0
DA:17,0
DA:18,0
DA:19,0
DA:24,0
DA:25,0
DA:28,0
DA:31,0
DA:36,0
DA:38,0
DA:50,1
LF:13
LH:2
BRDA:17,0,0,0
BRDA:17,0,1,0
BRDA:34,1,0,0
BRDA:34,1,1,0
BRDA:37,2,0,0
BRDA:37,2,1,0
BRF:6
BRH:0
end_of_record
TN:
SF:C:\Users\Fraser\Documents\workspace\admin-tool\AdminCore\web-app\src\hoc\Layout\index.js
FN:6,(anonymous_0)
FNF:1
FNH:0
FNDA:0,(anonymous_0)
DA:6,1
DA:7,0
DA:15,1
LF:3
LH:2
BRF:0
BRH:0
end_of_record
TN:
SF:C:\Users\Fraser\Documents\workspace\admin-tool\AdminCore\web-app\src\pages\index.js
FNF:0
FNH:0
LF:0
LH:0
BRF:0
BRH:0
end_of_record
TN:
SF:C:\Users\Fraser\Documents\workspace\admin-tool\AdminCore\web-app\src\pages\Admin\container.js
FN:7,(anonymous_0)
FN:14,(anonymous_1)
FN:22,(anonymous_2)
FN:25,(anonymous_3)
FN:34,(anonymous_4)
FN:43,(anonymous_5)
FN:44,(anonymous_6)
FN:47,(anonymous_7)
FNF:8
FNH:1
FNDA:1,(anonymous_0)
FNDA:0,(anonymous_1)
FNDA:0,(anonymous_2)
FNDA:0,(anonymous_3)
FNDA:0,(anonymous_4)
FNDA:0,(anonymous_5)
FNDA:0,(anonymous_6)
FNDA:0,(anonymous_7)
DA:7,1
DA:8,1
DA:15,0
DA:16,0
DA:23,0
DA:24,0
DA:26,0
DA:29,0
DA:30,0
DA:32,0
DA:35,0
DA:44,0
DA:48,0
LF:13
LH:2
BRDA:29,0,0,0
BRDA:29,0,1,0
BRDA:49,1,0,0
BRDA:49,1,1,0
BRF:4
BRH:0
end_of_record
TN:
SF:C:\Users\Fraser\Documents\workspace\admin-tool\AdminCore\web-app\src\pages\Admin\index.jsx
FN:22,(anonymous_0)
FN:33,(anonymous_1)
FNF:2
FNH:0
FNDA:0,(anonymous_0)
FNDA:0,(anonymous_1)
DA:22,1
DA:23,0
DA:34,0
DA:49,1
DA:56,1
LF:5
LH:3
BRF:0
BRH:0
end_of_record
TN:
SF:C:\Users\Fraser\Documents\workspace\admin-tool\AdminCore\web-app\src\pages\Admin\Sidebar\index.jsx
FN:6,(anonymous_0)
FNF:1
FNH:0
FNDA:0,(anonymous_0)
DA:6,1
DA:7,0
LF:2
LH:1
BRF:0
BRH:0
end_of_record
TN:
SF:C:\Users\Fraser\Documents\workspace\admin-tool\AdminCore\web-app\src\pages\Dashboard\container.js
FN:12,(anonymous_0)
FN:18,(anonymous_1)
FN:33,(anonymous_2)
FN:36,(anonymous_3)
FN:42,(anonymous_4)
FN:51,(anonymous_5)
FN:53,(anonymous_6)
FN:58,(anonymous_7)
FN:67,(anonymous_8)
FN:68,(anonymous_9)
FN:84,(anonymous_10)
FN:88,(anonymous_11)
FN:92,(anonymous_12)
FN:105,(anonymous_13)
FN:120,(anonymous_14)
FN:133,(anonymous_15)
FN:146,(anonymous_16)
FN:152,(anonymous_17)
FN:158,(anonymous_18)
FN:189,(anonymous_19)
FN:195,(anonymous_20)
FN:220,(anonymous_21)
FN:226,(anonymous_22)
FN:240,(anonymous_23)
FN:241,(anonymous_24)
FNF:25
FNH:1
FNDA:1,(anonymous_0)
FNDA:0,(anonymous_1)
FNDA:0,(anonymous_2)
FNDA:0,(anonymous_3)
FNDA:0,(anonymous_4)
FNDA:0,(anonymous_5)
FNDA:0,(anonymous_6)
FNDA:0,(anonymous_7)
FNDA:0,(anonymous_8)
FNDA:0,(anonymous_9)
FNDA:0,(anonymous_10)
FNDA:0,(anonymous_11)
FNDA:0,(anonymous_12)
FNDA:0,(anonymous_13)
FNDA:0,(anonymous_14)
FNDA:0,(anonymous_15)
FNDA:0,(anonymous_16)
FNDA:0,(anonymous_17)
FNDA:0,(anonymous_18)
FNDA:0,(anonymous_19)
FNDA:0,(anonymous_20)
FNDA:0,(anonymous_21)
FNDA:0,(anonymous_22)
FNDA:0,(anonymous_23)
FNDA:0,(anonymous_24)
DA:12,1
DA:13,1
DA:19,0
DA:20,0
DA:34,0
DA:35,0
DA:37,0
DA:40,0
DA:43,0
DA:52,0
DA:54,0
DA:59,0
DA:68,0
DA:69,0
DA:81,0
DA:85,0
DA:89,0
DA:93,0
DA:106,0
DA:121,0
DA:122,0
DA:123,0
DA:124,0
DA:126,0
DA:127,0
DA:128,0
DA:130,0
DA:134,0
DA:135,0
DA:136,0
DA:137,0
DA:139,0
DA:140,0
DA:141,0
DA:143,0
DA:147,0
DA:148,0
DA:149,0
DA:153,0
DA:154,0
DA:155,0
DA:159,0
DA:160,0
DA:162,0
DA:163,0
DA:164,0
DA:189,0
DA:190,0
DA:191,0
DA:196,0
DA:197,0
DA:220,0
DA:221,0
DA:222,0
DA:227,0
DA:240,0
DA:241,0
LF:57
LH:2
BRDA:78,0,0,0
BRDA:78,0,1,0
BRDA:123,1,0,0
BRDA:123,1,1,0
BRDA:127,2,0,0
BRDA:127,2,1,0
BRDA:136,3,0,0
BRDA:136,3,1,0
BRDA:140,4,0,0
BRDA:140,4,1,0
BRDA:203,5,0,0
BRDA:203,5,1,0
BRDA:228,6,0,0
BRDA:228,6,1,0
BRDA:228,6,2,0
BRF:15
BRH:0
end_of_record
TN:
SF:C:\Users\Fraser\Documents\workspace\admin-tool\AdminCore\web-app\src\pages\Dashboard\index.jsx
FN:21,(anonymous_0)
FNF:1
FNH:0
FNDA:0,(anonymous_0)
DA:18,1
DA:19,1
DA:21,1
DA:22,0
DA:50,1
DA:64,1
LF:6
LH:5
BRF:0
BRH:0
end_of_record
TN:
SF:C:\Users\Fraser\Documents\workspace\admin-tool\AdminCore\web-app\src\pages\Login\container.js
FN:7,(anonymous_0)
FN:13,(anonymous_1)
FN:17,(anonymous_2)
FN:23,(anonymous_3)
FN:26,(anonymous_4)
FN:29,(anonymous_5)
FN:38,(anonymous_6)
FNF:7
FNH:6
FNDA:4,(anonymous_0)
FNDA:2,(anonymous_1)
FNDA:1,(anonymous_2)
FNDA:1,(anonymous_3)
FNDA:1,(anonymous_4)
FNDA:0,(anonymous_5)
FNDA:4,(anonymous_6)
DA:8,4
DA:14,2
DA:18,1
DA:24,1
DA:25,1
DA:27,1
DA:30,0
DA:39,4
LF:8
LH:7
BRDA:14,0,0,0
BRDA:14,0,1,2
BRF:2
BRH:1
end_of_record
TN:
SF:C:\Users\Fraser\Documents\workspace\admin-tool\AdminCore\web-app\src\pages\Login\index.jsx
FN:6,(anonymous_0)
FNF:1
FNH:1
FNDA:4,(anonymous_0)
DA:6,2
DA:8,4
DA:34,2
LF:3
LH:3
BRF:0
BRH:0
end_of_record
TN:
SF:C:\Users\Fraser\Documents\workspace\admin-tool\AdminCore\web-app\src\services\holidayService.js
FN:3,(anonymous_0)
FN:7,(anonymous_1)
FN:11,(anonymous_2)
FN:15,(anonymous_3)
FN:21,(anonymous_4)
FN:25,(anonymous_5)
FNF:6
FNH:5
FNDA:1,(anonymous_0)
FNDA:0,(anonymous_1)
FNDA:1,(anonymous_2)
FNDA:1,(anonymous_3)
FNDA:1,(anonymous_4)
FNDA:1,(anonymous_5)
DA:3,7
DA:4,1
DA:7,7
DA:8,0
DA:11,7
DA:12,1
DA:15,7
DA:16,1
DA:21,7
DA:22,1
DA:25,7
DA:26,1
LF:12
LH:11
BRDA:16,0,0,1
BRDA:16,0,1,0
BRF:2
BRH:1
end_of_record
TN:
SF:C:\Users\Fraser\Documents\workspace\admin-tool\AdminCore\web-app\src\services\userService.js
FN:4,(anonymous_0)
FN:7,(anonymous_1)
FN:15,(anonymous_2)
FN:19,(anonymous_3)
FN:23,(anonymous_4)
FN:27,(anonymous_5)
FNF:6
FNH:2
FNDA:0,(anonymous_0)
FNDA:0,(anonymous_1)
FNDA:1,(anonymous_2)
FNDA:1,(anonymous_3)
FNDA:0,(anonymous_4)
FNDA:0,(anonymous_5)
DA:4,6
DA:5,0
DA:8,0
DA:9,0
DA:10,0
DA:11,0
DA:15,6
DA:16,1
DA:19,6
DA:20,1
DA:23,6
DA:24,0
DA:27,6
DA:28,0
LF:14
LH:7
BRF:0
BRH:0
end_of_record
TN:
SF:C:\Users\Fraser\Documents\workspace\admin-tool\AdminCore\web-app\src\utilities\AxiosInstance.js
FN:9,(anonymous_0)
FNF:1
FNH:1
FNDA:7,(anonymous_0)
DA:3,11
DA:5,11
DA:9,11
DA:10,7
DA:11,7
LF:5
LH:5
BRF:0
BRH:0
end_of_record
TN:
SF:C:\Users\Fraser\Documents\workspace\admin-tool\AdminCore\web-app\src\utilities\calendarConfig.js
FN:3,(anonymous_0)
FN:20,(anonymous_1)
FNF:2
FNH:0
FNDA:0,(anonymous_0)
FNDA:0,(anonymous_1)
DA:3,5
DA:4,0
DA:6,0
DA:11,0
DA:16,0
DA:20,5
LF:6
LH:2
BRDA:4,0,0,0
BRDA:4,0,1,0
BRDA:4,0,2,0
BRF:3
BRH:0
end_of_record
TN:
SF:C:\Users\Fraser\Documents\workspace\admin-tool\AdminCore\web-app\src\utilities\currentUser.js
FN:3,(anonymous_0)
FN:7,(anonymous_1)
FN:11,(anonymous_2)
FN:20,(anonymous_3)
FNF:4
FNH:4
FNDA:1,(anonymous_0)
FNDA:5,(anonymous_1)
FNDA:4,(anonymous_2)
FNDA:1,(anonymous_3)
DA:3,3
DA:4,1
DA:7,3
DA:8,5
DA:11,3
DA:12,4
DA:13,4
DA:14,2
DA:16,2
DA:20,3
DA:21,1
DA:22,1
LF:12
LH:12
BRDA:8,0,0,5
BRDA:8,0,1,2
BRF:2
BRH:2
end_of_record
TN:
SF:C:\Users\Fraser\Documents\workspace\admin-tool\AdminCore\web-app\src\utilities\employeeStatus.js
FNF:0
FNH:0
LF:0
LH:0
BRF:0
BRH:0
end_of_record
TN:
SF:C:\Users\Fraser\Documents\workspace\admin-tool\AdminCore\web-app\src\utilities\holidayStatus.js
FNF:0
FNH:0
DA:17,11
DA:25,11
LF:2
LH:2
BRF:0
BRH:0
end_of_record
TN:
SF:C:\Users\Fraser\Documents\workspace\admin-tool\AdminCore\web-app\src\utilities\roles.js
FNF:0
FNH:0
LF:0
LH:0
BRF:0
BRH:0
end_of_record
